<?xml version="1.0" encoding="UTF-8"?>
<coverage generated="1752368084977" clover="3.2.0">
  <project timestamp="1752368084977" name="All files">
    <metrics statements="538" coveredstatements="513" conditionals="147" coveredconditionals="134" methods="97" coveredmethods="97" elements="782" coveredelements="744" complexity="0" loc="538" ncloc="538" packages="4" files="23" classes="23"/>
    <package name="controllers">
      <metrics statements="93" coveredstatements="93" conditionals="42" coveredconditionals="42" methods="7" coveredmethods="7"/>
      <file name="customer.controller.js" path="C:\Users\Omen\OneDrive - usach.cl\PINGESO\zonadeportiva\backend-zonadeportiva\src\controllers\customer.controller.js">
        <metrics statements="93" coveredstatements="93" conditionals="42" coveredconditionals="42" methods="7" coveredmethods="7"/>
        <line num="5" count="1" type="stmt"/>
        <line num="6" count="3" type="stmt"/>
        <line num="7" count="3" type="stmt"/>
        <line num="9" count="3" type="stmt"/>
        <line num="25" count="2" type="cond" truecount="2" falsecount="0"/>
        <line num="26" count="1" type="stmt"/>
        <line num="29" count="1" type="stmt"/>
        <line num="31" count="1" type="stmt"/>
        <line num="32" count="1" type="stmt"/>
        <line num="37" count="1" type="stmt"/>
        <line num="38" count="4" type="stmt"/>
        <line num="39" count="4" type="stmt"/>
        <line num="40" count="4" type="stmt"/>
        <line num="43" count="4" type="cond" truecount="6" falsecount="0"/>
        <line num="44" count="1" type="stmt"/>
        <line num="49" count="3" type="stmt"/>
        <line num="56" count="2" type="cond" truecount="2" falsecount="0"/>
        <line num="57" count="1" type="stmt"/>
        <line num="60" count="1" type="stmt"/>
        <line num="65" count="1" type="stmt"/>
        <line num="66" count="1" type="stmt"/>
        <line num="74" count="1" type="stmt"/>
        <line num="75" count="4" type="stmt"/>
        <line num="77" count="4" type="stmt"/>
        <line num="78" count="4" type="stmt"/>
        <line num="81" count="4" type="stmt"/>
        <line num="88" count="3" type="cond" truecount="2" falsecount="0"/>
        <line num="89" count="1" type="stmt"/>
        <line num="92" count="2" type="stmt"/>
        <line num="93" count="2" type="stmt"/>
        <line num="96" count="2" type="stmt"/>
        <line num="109" count="2" type="cond" truecount="2" falsecount="0"/>
        <line num="110" count="2" type="stmt"/>
        <line num="113" count="1" type="stmt"/>
        <line num="114" count="1" type="stmt"/>
        <line num="121" count="1" type="stmt"/>
        <line num="122" count="3" type="stmt"/>
        <line num="123" count="3" type="stmt"/>
        <line num="124" count="3" type="stmt"/>
        <line num="126" count="2" type="cond" truecount="2" falsecount="0"/>
        <line num="127" count="1" type="stmt"/>
        <line num="130" count="1" type="stmt"/>
        <line num="131" count="1" type="stmt"/>
        <line num="134" count="1" type="stmt"/>
        <line num="135" count="1" type="stmt"/>
        <line num="144" count="1" type="stmt"/>
        <line num="145" count="4" type="stmt"/>
        <line num="146" count="4" type="stmt"/>
        <line num="147" count="4" type="stmt"/>
        <line num="150" count="4" type="cond" truecount="5" falsecount="0"/>
        <line num="151" count="1" type="stmt"/>
        <line num="156" count="3" type="stmt"/>
        <line num="157" count="2" type="cond" truecount="2" falsecount="0"/>
        <line num="158" count="1" type="stmt"/>
        <line num="161" count="1" type="stmt"/>
        <line num="169" count="1" type="stmt"/>
        <line num="175" count="1" type="stmt"/>
        <line num="176" count="1" type="stmt"/>
        <line num="182" count="1" type="stmt"/>
        <line num="183" count="6" type="stmt"/>
        <line num="184" count="6" type="stmt"/>
        <line num="185" count="6" type="stmt"/>
        <line num="186" count="6" type="stmt"/>
        <line num="189" count="6" type="cond" truecount="7" falsecount="0"/>
        <line num="190" count="1" type="stmt"/>
        <line num="195" count="5" type="stmt"/>
        <line num="196" count="4" type="cond" truecount="2" falsecount="0"/>
        <line num="197" count="1" type="stmt"/>
        <line num="201" count="3" type="stmt"/>
        <line num="202" count="3" type="cond" truecount="2" falsecount="0"/>
        <line num="203" count="1" type="stmt"/>
        <line num="208" count="2" type="stmt"/>
        <line num="216" count="2" type="cond" truecount="2" falsecount="0"/>
        <line num="217" count="1" type="stmt"/>
        <line num="220" count="1" type="stmt"/>
        <line num="226" count="1" type="stmt"/>
        <line num="227" count="1" type="stmt"/>
        <line num="233" count="1" type="stmt"/>
        <line num="234" count="5" type="stmt"/>
        <line num="235" count="5" type="stmt"/>
        <line num="236" count="5" type="stmt"/>
        <line num="238" count="5" type="stmt"/>
        <line num="239" count="4" type="cond" truecount="2" falsecount="0"/>
        <line num="240" count="1" type="stmt"/>
        <line num="244" count="3" type="stmt"/>
        <line num="245" count="3" type="cond" truecount="2" falsecount="0"/>
        <line num="246" count="1" type="stmt"/>
        <line num="251" count="2" type="stmt"/>
        <line num="253" count="2" type="cond" truecount="2" falsecount="0"/>
        <line num="254" count="1" type="stmt"/>
        <line num="257" count="1" type="stmt"/>
        <line num="262" count="1" type="stmt"/>
        <line num="263" count="1" type="stmt"/>
      </file>
    </package>
    <package name="models">
      <metrics statements="42" coveredstatements="42" conditionals="0" coveredconditionals="0" methods="8" coveredmethods="8"/>
      <file name="category.js" path="C:\Users\Omen\OneDrive - usach.cl\PINGESO\zonadeportiva\backend-zonadeportiva\src\models\category.js">
        <metrics statements="4" coveredstatements="4" conditionals="0" coveredconditionals="0" methods="1" coveredmethods="1"/>
        <line num="8" count="2" type="stmt"/>
        <line num="9" count="2" type="stmt"/>
        <line num="10" count="2" type="stmt"/>
        <line num="11" count="2" type="stmt"/>
      </file>
      <file name="city.js" path="C:\Users\Omen\OneDrive - usach.cl\PINGESO\zonadeportiva\backend-zonadeportiva\src\models\city.js">
        <metrics statements="3" coveredstatements="3" conditionals="0" coveredconditionals="0" methods="1" coveredmethods="1"/>
        <line num="3" count="7" type="stmt"/>
        <line num="4" count="7" type="stmt"/>
        <line num="5" count="7" type="stmt"/>
      </file>
      <file name="customer.js" path="C:\Users\Omen\OneDrive - usach.cl\PINGESO\zonadeportiva\backend-zonadeportiva\src\models\customer.js">
        <metrics statements="6" coveredstatements="6" conditionals="0" coveredconditionals="0" methods="1" coveredmethods="1"/>
        <line num="3" count="7" type="stmt"/>
        <line num="4" count="7" type="stmt"/>
        <line num="5" count="7" type="stmt"/>
        <line num="6" count="7" type="stmt"/>
        <line num="7" count="7" type="stmt"/>
        <line num="8" count="7" type="stmt"/>
      </file>
      <file name="paymentProvider.js" path="C:\Users\Omen\OneDrive - usach.cl\PINGESO\zonadeportiva\backend-zonadeportiva\src\models\paymentProvider.js">
        <metrics statements="2" coveredstatements="2" conditionals="0" coveredconditionals="0" methods="1" coveredmethods="1"/>
        <line num="3" count="10" type="stmt"/>
        <line num="4" count="10" type="stmt"/>
      </file>
      <file name="product.js" path="C:\Users\Omen\OneDrive - usach.cl\PINGESO\zonadeportiva\backend-zonadeportiva\src\models\product.js">
        <metrics statements="15" coveredstatements="15" conditionals="0" coveredconditionals="0" methods="1" coveredmethods="1"/>
        <line num="19" count="5" type="stmt"/>
        <line num="20" count="5" type="stmt"/>
        <line num="21" count="5" type="stmt"/>
        <line num="22" count="5" type="stmt"/>
        <line num="23" count="5" type="stmt"/>
        <line num="24" count="5" type="stmt"/>
        <line num="25" count="5" type="stmt"/>
        <line num="26" count="5" type="stmt"/>
        <line num="27" count="5" type="stmt"/>
        <line num="28" count="5" type="stmt"/>
        <line num="29" count="5" type="stmt"/>
        <line num="30" count="5" type="stmt"/>
        <line num="31" count="5" type="stmt"/>
        <line num="32" count="5" type="stmt"/>
        <line num="33" count="5" type="stmt"/>
      </file>
      <file name="shippingMethod.js" path="C:\Users\Omen\OneDrive - usach.cl\PINGESO\zonadeportiva\backend-zonadeportiva\src\models\shippingMethod.js">
        <metrics statements="5" coveredstatements="5" conditionals="0" coveredconditionals="0" methods="1" coveredmethods="1"/>
        <line num="3" count="10" type="stmt"/>
        <line num="4" count="10" type="stmt"/>
        <line num="5" count="10" type="stmt"/>
        <line num="6" count="10" type="stmt"/>
        <line num="7" count="10" type="stmt"/>
      </file>
      <file name="state.js" path="C:\Users\Omen\OneDrive - usach.cl\PINGESO\zonadeportiva\backend-zonadeportiva\src\models\state.js">
        <metrics statements="3" coveredstatements="3" conditionals="0" coveredconditionals="0" methods="1" coveredmethods="1"/>
        <line num="3" count="10" type="stmt"/>
        <line num="4" count="10" type="stmt"/>
        <line num="5" count="10" type="stmt"/>
      </file>
      <file name="user.js" path="C:\Users\Omen\OneDrive - usach.cl\PINGESO\zonadeportiva\backend-zonadeportiva\src\models\user.js">
        <metrics statements="4" coveredstatements="4" conditionals="0" coveredconditionals="0" methods="1" coveredmethods="1"/>
        <line num="3" count="18" type="stmt"/>
        <line num="4" count="18" type="stmt"/>
        <line num="5" count="18" type="stmt"/>
        <line num="6" count="18" type="stmt"/>
      </file>
    </package>
    <package name="services">
      <metrics statements="353" coveredstatements="328" conditionals="95" coveredconditionals="84" methods="68" coveredmethods="68"/>
      <file name="bsale.service.js" path="C:\Users\Omen\OneDrive - usach.cl\PINGESO\zonadeportiva\backend-zonadeportiva\src\services\bsale.service.js">
        <metrics statements="98" coveredstatements="97" conditionals="20" coveredconditionals="15" methods="7" coveredmethods="7"/>
        <line num="5" count="1" type="stmt"/>
        <line num="8" count="1" type="stmt"/>
        <line num="12" count="1" type="stmt"/>
        <line num="13" count="8" type="stmt"/>
        <line num="14" count="8" type="stmt"/>
        <line num="20" count="7" type="stmt"/>
        <line num="21" count="4" type="stmt"/>
        <line num="23" count="4" type="stmt"/>
        <line num="26" count="4" type="stmt"/>
        <line num="27" count="4" type="stmt"/>
        <line num="40" count="1" type="stmt"/>
        <line num="41" count="4" type="stmt"/>
        <line num="42" count="4" type="stmt"/>
        <line num="43" count="4" type="stmt"/>
        <line num="45" count="4" type="stmt"/>
        <line num="46" count="4" type="stmt"/>
        <line num="48" count="3" type="cond" truecount="1" falsecount="1"/>
        <line num="49" count="0" type="stmt"/>
        <line num="52" count="3" type="stmt"/>
        <line num="63" count="3" type="stmt"/>
        <line num="65" count="3" type="stmt"/>
        <line num="76" count="1" type="stmt"/>
        <line num="79" count="3" type="cond" truecount="2" falsecount="0"/>
        <line num="80" count="1" type="stmt"/>
        <line num="84" count="2" type="cond" truecount="2" falsecount="0"/>
        <line num="85" count="1" type="stmt"/>
        <line num="87" count="1" type="stmt"/>
        <line num="91" count="3" type="cond" truecount="2" falsecount="0"/>
        <line num="117" count="1" type="stmt"/>
        <line num="118" count="4" type="stmt"/>
        <line num="119" count="4" type="stmt"/>
        <line num="120" count="4" type="stmt"/>
        <line num="122" count="4" type="stmt"/>
        <line num="124" count="4" type="stmt"/>
        <line num="125" count="4" type="stmt"/>
        <line num="127" count="4" type="stmt"/>
        <line num="128" count="6" type="stmt"/>
        <line num="135" count="4" type="stmt"/>
        <line num="136" count="4" type="stmt"/>
        <line num="137" count="4" type="stmt"/>
        <line num="147" count="3" type="stmt"/>
        <line num="160" count="2" type="stmt"/>
        <line num="162" count="2" type="stmt"/>
        <line num="164" count="4" type="stmt"/>
        <line num="170" count="4" type="stmt"/>
        <line num="171" count="4" type="stmt"/>
        <line num="172" count="4" type="stmt"/>
        <line num="173" count="4" type="stmt"/>
        <line num="174" count="4" type="stmt"/>
        <line num="175" count="4" type="stmt"/>
        <line num="178" count="4" type="stmt"/>
        <line num="181" count="4" type="stmt"/>
        <line num="182" count="4" type="stmt"/>
        <line num="183" count="4" type="stmt"/>
        <line num="184" count="4" type="stmt"/>
        <line num="187" count="4" type="stmt"/>
        <line num="188" count="4" type="stmt"/>
        <line num="189" count="4" type="stmt"/>
        <line num="191" count="4" type="stmt"/>
        <line num="192" count="4" type="stmt"/>
        <line num="193" count="4" type="stmt"/>
        <line num="194" count="4" type="stmt"/>
        <line num="195" count="4" type="stmt"/>
        <line num="199" count="4" type="stmt"/>
        <line num="200" count="4" type="stmt"/>
        <line num="202" count="4" type="stmt"/>
        <line num="203" count="4" type="stmt"/>
        <line num="204" count="4" type="cond" truecount="2" falsecount="0"/>
        <line num="205" count="4" type="cond" truecount="2" falsecount="0"/>
        <line num="206" count="4" type="stmt"/>
        <line num="207" count="4" type="stmt"/>
        <line num="211" count="4" type="stmt"/>
        <line num="212" count="4" type="stmt"/>
        <line num="215" count="4" type="stmt"/>
        <line num="216" count="4" type="stmt"/>
        <line num="217" count="4" type="stmt"/>
        <line num="218" count="4" type="stmt"/>
        <line num="219" count="4" type="stmt"/>
        <line num="220" count="4" type="stmt"/>
        <line num="223" count="4" type="cond" truecount="1" falsecount="1"/>
        <line num="224" count="4" type="stmt"/>
        <line num="227" count="4" type="stmt"/>
        <line num="230" count="4" type="stmt"/>
        <line num="231" count="6" type="stmt"/>
        <line num="232" count="6" type="stmt"/>
        <line num="233" count="6" type="stmt"/>
        <line num="234" count="6" type="cond" truecount="1" falsecount="1"/>
        <line num="235" count="6" type="cond" truecount="1" falsecount="1"/>
        <line num="236" count="6" type="stmt"/>
        <line num="241" count="4" type="stmt"/>
        <line num="242" count="4" type="stmt"/>
        <line num="243" count="4" type="stmt"/>
        <line num="244" count="4" type="stmt"/>
        <line num="245" count="4" type="stmt"/>
        <line num="246" count="4" type="stmt"/>
        <line num="250" count="4" type="stmt"/>
        <line num="251" count="4" type="stmt"/>
        <line num="253" count="4" type="stmt"/>
      </file>
      <file name="cart.service.js" path="C:\Users\Omen\OneDrive - usach.cl\PINGESO\zonadeportiva\backend-zonadeportiva\src\services\cart.service.js">
        <metrics statements="63" coveredstatements="63" conditionals="6" coveredconditionals="6" methods="8" coveredmethods="8"/>
        <line num="3" count="1" type="stmt"/>
        <line num="4" count="7" type="stmt"/>
        <line num="5" count="7" type="stmt"/>
        <line num="7" count="3" type="stmt"/>
        <line num="8" count="3" type="cond" truecount="2" falsecount="0"/>
        <line num="9" count="2" type="stmt"/>
        <line num="12" count="1" type="stmt"/>
        <line num="17" count="1" type="stmt"/>
        <line num="19" count="1" type="stmt"/>
        <line num="22" count="4" type="stmt"/>
        <line num="23" count="4" type="stmt"/>
        <line num="27" count="1" type="stmt"/>
        <line num="28" count="4" type="stmt"/>
        <line num="29" count="4" type="stmt"/>
        <line num="31" count="2" type="stmt"/>
        <line num="32" count="2" type="stmt"/>
        <line num="34" count="2" type="cond" truecount="2" falsecount="0"/>
        <line num="35" count="1" type="stmt"/>
        <line num="38" count="1" type="stmt"/>
        <line num="40" count="1" type="stmt"/>
        <line num="41" count="1" type="stmt"/>
        <line num="43" count="1" type="stmt"/>
        <line num="49" count="2" type="stmt"/>
        <line num="50" count="2" type="stmt"/>
        <line num="54" count="1" type="stmt"/>
        <line num="55" count="6" type="stmt"/>
        <line num="56" count="6" type="stmt"/>
        <line num="58" count="5" type="stmt"/>
        <line num="59" count="4" type="stmt"/>
        <line num="61" count="4" type="stmt"/>
        <line num="63" count="4" type="stmt"/>
        <line num="67" count="5" type="stmt"/>
        <line num="68" count="5" type="stmt"/>
        <line num="70" count="5" type="stmt"/>
        <line num="75" count="5" type="stmt"/>
        <line num="77" count="1" type="stmt"/>
        <line num="78" count="1" type="stmt"/>
        <line num="82" count="1" type="stmt"/>
        <line num="83" count="4" type="stmt"/>
        <line num="84" count="4" type="stmt"/>
        <line num="85" count="4" type="stmt"/>
        <line num="87" count="3" type="stmt"/>
        <line num="89" count="1" type="stmt"/>
        <line num="90" count="1" type="stmt"/>
        <line num="95" count="1" type="stmt"/>
        <line num="96" count="3" type="stmt"/>
        <line num="97" count="3" type="stmt"/>
        <line num="98" count="3" type="stmt"/>
        <line num="100" count="2" type="stmt"/>
        <line num="101" count="2" type="stmt"/>
        <line num="103" count="2" type="stmt"/>
        <line num="108" count="1" type="stmt"/>
        <line num="109" count="1" type="stmt"/>
        <line num="114" count="1" type="stmt"/>
        <line num="115" count="11" type="stmt"/>
        <line num="116" count="11" type="stmt"/>
        <line num="117" count="11" type="stmt"/>
        <line num="119" count="9" type="cond" truecount="2" falsecount="0"/>
        <line num="120" count="4" type="stmt"/>
        <line num="123" count="5" type="stmt"/>
        <line num="125" count="6" type="stmt"/>
        <line num="126" count="6" type="stmt"/>
        <line num="130" count="1" type="stmt"/>
      </file>
      <file name="city.service.js" path="C:\Users\Omen\OneDrive - usach.cl\PINGESO\zonadeportiva\backend-zonadeportiva\src\services\city.service.js">
        <metrics statements="6" coveredstatements="6" conditionals="0" coveredconditionals="0" methods="4" coveredmethods="4"/>
        <line num="5" count="1" type="stmt"/>
        <line num="6" count="9" type="stmt"/>
        <line num="10" count="1013" type="stmt"/>
        <line num="16" count="1" type="stmt"/>
        <line num="17" count="9" type="stmt"/>
        <line num="22" count="7" type="stmt"/>
      </file>
      <file name="customer.service.js" path="C:\Users\Omen\OneDrive - usach.cl\PINGESO\zonadeportiva\backend-zonadeportiva\src\services\customer.service.js">
        <metrics statements="38" coveredstatements="38" conditionals="14" coveredconditionals="14" methods="8" coveredmethods="8"/>
        <line num="4" count="1" type="stmt"/>
        <line num="5" count="6" type="stmt"/>
        <line num="7" count="6" type="stmt"/>
        <line num="18" count="6" type="stmt"/>
        <line num="19" count="6" type="stmt"/>
        <line num="20" count="5" type="cond" truecount="2" falsecount="0"/>
        <line num="26" count="1" type="stmt"/>
        <line num="27" count="2" type="stmt"/>
        <line num="28" count="2" type="stmt"/>
        <line num="29" count="2" type="cond" truecount="2" falsecount="0"/>
        <line num="34" count="1" type="stmt"/>
        <line num="35" count="2" type="stmt"/>
        <line num="50" count="2" type="stmt"/>
        <line num="51" count="2" type="cond" truecount="2" falsecount="0"/>
        <line num="55" count="1" type="stmt"/>
        <line num="56" count="3" type="stmt"/>
        <line num="74" count="3" type="stmt"/>
        <line num="75" count="2" type="stmt"/>
        <line num="80" count="1" type="stmt"/>
        <line num="81" count="4" type="stmt"/>
        <line num="83" count="4" type="stmt"/>
        <line num="89" count="4" type="cond" truecount="4" falsecount="0"/>
        <line num="90" count="4" type="stmt"/>
        <line num="91" count="2" type="stmt"/>
        <line num="95" count="1" type="stmt"/>
        <line num="96" count="4" type="stmt"/>
        <line num="98" count="4" type="stmt"/>
        <line num="110" count="4" type="stmt"/>
        <line num="111" count="4" type="stmt"/>
        <line num="112" count="3" type="cond" truecount="2" falsecount="0"/>
        <line num="116" count="1" type="stmt"/>
        <line num="117" count="6" type="stmt"/>
        <line num="122" count="6" type="stmt"/>
        <line num="123" count="5" type="stmt"/>
        <line num="128" count="1" type="stmt"/>
        <line num="129" count="4" type="stmt"/>
        <line num="135" count="4" type="stmt"/>
        <line num="136" count="3" type="cond" truecount="2" falsecount="0"/>
      </file>
      <file name="linkify.service.js" path="C:\Users\Omen\OneDrive - usach.cl\PINGESO\zonadeportiva\backend-zonadeportiva\src\services\linkify.service.js">
        <metrics statements="91" coveredstatements="67" conditionals="36" coveredconditionals="30" methods="24" coveredmethods="24"/>
        <line num="3" count="1" type="stmt"/>
        <line num="13" count="1" type="stmt"/>
        <line num="18" count="11" type="stmt"/>
        <line num="19" count="11" type="stmt"/>
        <line num="20" count="11" type="stmt"/>
        <line num="35" count="10" type="stmt"/>
        <line num="36" count="10" type="stmt"/>
        <line num="37" count="10" type="stmt"/>
        <line num="50" count="5" type="stmt"/>
        <line num="51" count="5" type="stmt"/>
        <line num="52" count="5" type="stmt"/>
        <line num="64" count="3" type="stmt"/>
        <line num="65" count="3" type="stmt"/>
        <line num="66" count="3" type="stmt"/>
        <line num="83" count="11" type="stmt"/>
        <line num="84" count="11" type="stmt"/>
        <line num="86" count="11" type="cond" truecount="1" falsecount="1"/>
        <line num="87" count="11" type="stmt"/>
        <line num="91" count="0" type="stmt"/>
        <line num="94" count="0" type="stmt"/>
        <line num="95" count="0" type="stmt"/>
        <line num="96" count="0" type="stmt"/>
        <line num="97" count="0" type="stmt"/>
        <line num="102" count="10" type="stmt"/>
        <line num="103" count="10" type="stmt"/>
        <line num="105" count="10" type="cond" truecount="1" falsecount="1"/>
        <line num="106" count="10" type="stmt"/>
        <line num="110" count="0" type="stmt"/>
        <line num="113" count="0" type="stmt"/>
        <line num="114" count="0" type="stmt"/>
        <line num="115" count="0" type="stmt"/>
        <line num="116" count="0" type="stmt"/>
        <line num="121" count="5" type="stmt"/>
        <line num="122" count="5" type="stmt"/>
        <line num="124" count="5" type="cond" truecount="1" falsecount="1"/>
        <line num="125" count="5" type="stmt"/>
        <line num="129" count="0" type="stmt"/>
        <line num="132" count="0" type="stmt"/>
        <line num="133" count="0" type="stmt"/>
        <line num="134" count="0" type="stmt"/>
        <line num="135" count="0" type="stmt"/>
        <line num="140" count="3" type="stmt"/>
        <line num="141" count="3" type="stmt"/>
        <line num="143" count="3" type="cond" truecount="1" falsecount="1"/>
        <line num="144" count="3" type="stmt"/>
        <line num="148" count="0" type="stmt"/>
        <line num="151" count="0" type="stmt"/>
        <line num="152" count="0" type="stmt"/>
        <line num="153" count="0" type="stmt"/>
        <line num="154" count="0" type="stmt"/>
        <line num="161" count="34" type="stmt"/>
        <line num="162" count="34" type="stmt"/>
        <line num="174" count="34" type="stmt"/>
        <line num="177" count="34" type="cond" truecount="4" falsecount="0"/>
        <line num="178" count="4" type="stmt"/>
        <line num="182" count="30" type="stmt"/>
        <line num="185" count="30" type="stmt"/>
        <line num="199" count="30" type="stmt"/>
        <line num="202" count="30" type="stmt"/>
        <line num="204" count="30" type="stmt"/>
        <line num="209" count="30" type="stmt"/>
        <line num="217" count="4" type="stmt"/>
        <line num="220" count="4" type="stmt"/>
        <line num="228" count="30" type="stmt"/>
        <line num="245" count="30" type="cond" truecount="2" falsecount="0"/>
        <line num="249" count="30" type="stmt"/>
        <line num="262" count="30" type="stmt"/>
        <line num="268" count="0" type="stmt"/>
        <line num="269" count="0" type="stmt"/>
        <line num="274" count="30" type="stmt"/>
        <line num="275" count="30" type="stmt"/>
        <line num="277" count="30" type="cond" truecount="4" falsecount="0"/>
        <line num="279" count="14" type="stmt"/>
        <line num="284" count="14" type="stmt"/>
        <line num="285" count="14" type="stmt"/>
        <line num="288" count="5" type="stmt"/>
        <line num="291" count="5" type="stmt"/>
        <line num="292" count="5" type="stmt"/>
        <line num="295" count="3" type="stmt"/>
        <line num="297" count="3" type="stmt"/>
        <line num="298" count="3" type="stmt"/>
        <line num="301" count="8" type="stmt"/>
        <line num="305" count="0" type="stmt"/>
        <line num="312" count="14" type="stmt"/>
        <line num="317" count="5" type="stmt"/>
        <line num="322" count="3" type="stmt"/>
        <line num="328" count="21" type="cond" truecount="1" falsecount="1"/>
        <line num="329" count="0" type="stmt"/>
        <line num="332" count="21" type="stmt"/>
        <line num="347" count="21" type="stmt"/>
        <line num="348" count="21" type="stmt"/>
      </file>
      <file name="paymentProvider.service.js" path="C:\Users\Omen\OneDrive - usach.cl\PINGESO\zonadeportiva\backend-zonadeportiva\src\services\paymentProvider.service.js">
        <metrics statements="3" coveredstatements="3" conditionals="0" coveredconditionals="0" methods="2" coveredmethods="2"/>
        <line num="4" count="1" type="stmt"/>
        <line num="5" count="3" type="stmt"/>
        <line num="9" count="2" type="stmt"/>
      </file>
      <file name="product.service.js" path="C:\Users\Omen\OneDrive - usach.cl\PINGESO\zonadeportiva\backend-zonadeportiva\src\services\product.service.js">
        <metrics statements="13" coveredstatements="13" conditionals="11" coveredconditionals="11" methods="1" coveredmethods="1"/>
        <line num="3" count="1" type="stmt"/>
        <line num="5" count="7" type="cond" truecount="4" falsecount="0"/>
        <line num="6" count="2" type="stmt"/>
        <line num="9" count="5" type="stmt"/>
        <line num="10" count="5" type="stmt"/>
        <line num="15" count="5" type="stmt"/>
        <line num="17" count="4" type="cond" truecount="2" falsecount="0"/>
        <line num="18" count="1" type="stmt"/>
        <line num="25" count="3" type="stmt"/>
        <line num="26" count="3" type="cond" truecount="3" falsecount="0"/>
        <line num="28" count="3" type="stmt"/>
        <line num="39" count="1" type="stmt"/>
        <line num="40" count="1" type="stmt"/>
      </file>
      <file name="productMeta.service.js" path="C:\Users\Omen\OneDrive - usach.cl\PINGESO\zonadeportiva\backend-zonadeportiva\src\services\productMeta.service.js">
        <metrics statements="6" coveredstatements="6" conditionals="2" coveredconditionals="2" methods="3" coveredmethods="3"/>
        <line num="7" count="1" type="stmt"/>
        <line num="8" count="6" type="stmt"/>
        <line num="16" count="5" type="stmt"/>
        <line num="22" count="1" type="stmt"/>
        <line num="23" count="6" type="stmt"/>
        <line num="29" count="5" type="cond" truecount="2" falsecount="0"/>
      </file>
      <file name="shippingMethod.service.js" path="C:\Users\Omen\OneDrive - usach.cl\PINGESO\zonadeportiva\backend-zonadeportiva\src\services\shippingMethod.service.js">
        <metrics statements="16" coveredstatements="16" conditionals="4" coveredconditionals="4" methods="6" coveredmethods="6"/>
        <line num="63" count="1" type="stmt"/>
        <line num="65" count="7" type="stmt"/>
        <line num="71" count="6" type="stmt"/>
        <line num="74" count="6" type="stmt"/>
        <line num="80" count="6" type="stmt"/>
        <line num="83" count="6" type="cond" truecount="2" falsecount="0"/>
        <line num="84" count="2" type="stmt"/>
        <line num="90" count="2" type="stmt"/>
        <line num="91" count="2" type="cond" truecount="2" falsecount="0"/>
        <line num="94" count="1" type="stmt"/>
        <line num="100" count="2" type="stmt"/>
        <line num="104" count="4" type="stmt"/>
        <line num="110" count="4" type="stmt"/>
        <line num="118" count="1" type="stmt"/>
        <line num="119" count="6" type="stmt"/>
        <line num="124" count="5" type="stmt"/>
      </file>
      <file name="state.service.js" path="C:\Users\Omen\OneDrive - usach.cl\PINGESO\zonadeportiva\backend-zonadeportiva\src\services\state.service.js">
        <metrics statements="3" coveredstatements="3" conditionals="0" coveredconditionals="0" methods="2" coveredmethods="2"/>
        <line num="5" count="1" type="stmt"/>
        <line num="6" count="4" type="stmt"/>
        <line num="10" count="3" type="stmt"/>
      </file>
      <file name="user.service.js" path="C:\Users\Omen\OneDrive - usach.cl\PINGESO\zonadeportiva\backend-zonadeportiva\src\services\user.service.js">
        <metrics statements="16" coveredstatements="16" conditionals="2" coveredconditionals="2" methods="3" coveredmethods="3"/>
        <line num="6" count="1" type="stmt"/>
        <line num="7" count="3" type="stmt"/>
        <line num="8" count="3" type="stmt"/>
        <line num="9" count="2" type="cond" truecount="2" falsecount="0"/>
        <line num="13" count="1" type="stmt"/>
        <line num="14" count="3" type="stmt"/>
        <line num="15" count="3" type="stmt"/>
        <line num="16" count="2" type="stmt"/>
        <line num="21" count="1" type="stmt"/>
        <line num="22" count="5" type="stmt"/>
        <line num="24" count="5" type="stmt"/>
        <line num="27" count="4" type="stmt"/>
        <line num="28" count="4" type="stmt"/>
        <line num="30" count="2" type="stmt"/>
        <line num="32" count="3" type="stmt"/>
        <line num="33" count="3" type="stmt"/>
      </file>
    </package>
    <package name="services.email">
      <metrics statements="50" coveredstatements="50" conditionals="10" coveredconditionals="8" methods="14" coveredmethods="14"/>
      <file name="authEmail.service.js" path="C:\Users\Omen\OneDrive - usach.cl\PINGESO\zonadeportiva\backend-zonadeportiva\src\services\email\authEmail.service.js">
        <metrics statements="21" coveredstatements="21" conditionals="4" coveredconditionals="4" methods="6" coveredmethods="6"/>
        <line num="6" count="1" type="stmt"/>
        <line num="7" count="1" type="stmt"/>
        <line num="12" count="6" type="stmt"/>
        <line num="13" count="6" type="stmt"/>
        <line num="16" count="6" type="stmt"/>
        <line num="19" count="6" type="stmt"/>
        <line num="20" count="6" type="stmt"/>
        <line num="22" count="6" type="stmt"/>
        <line num="28" count="5" type="stmt"/>
        <line num="34" count="4" type="stmt"/>
        <line num="39" count="2" type="stmt"/>
        <line num="44" count="2" type="stmt"/>
        <line num="53" count="6" type="stmt"/>
        <line num="55" count="6" type="cond" truecount="2" falsecount="0"/>
        <line num="56" count="2" type="stmt"/>
        <line num="59" count="4" type="cond" truecount="2" falsecount="0"/>
        <line num="60" count="2" type="stmt"/>
        <line num="61" count="2" type="stmt"/>
        <line num="64" count="2" type="stmt"/>
        <line num="69" count="3" type="stmt"/>
        <line num="73" count="7" type="stmt"/>
      </file>
      <file name="email.service.js" path="C:\Users\Omen\OneDrive - usach.cl\PINGESO\zonadeportiva\backend-zonadeportiva\src\services\email\email.service.js">
        <metrics statements="24" coveredstatements="24" conditionals="2" coveredconditionals="2" methods="5" coveredmethods="5"/>
        <line num="6" count="1" type="stmt"/>
        <line num="7" count="1" type="stmt"/>
        <line num="11" count="9" type="stmt"/>
        <line num="22" count="2" type="stmt"/>
        <line num="23" count="2" type="stmt"/>
        <line num="31" count="2" type="stmt"/>
        <line num="32" count="1" type="stmt"/>
        <line num="33" count="1" type="stmt"/>
        <line num="35" count="1" type="stmt"/>
        <line num="36" count="1" type="stmt"/>
        <line num="42" count="4" type="stmt"/>
        <line num="44" count="4" type="stmt"/>
        <line num="45" count="4" type="stmt"/>
        <line num="48" count="3" type="stmt"/>
        <line num="49" count="3" type="stmt"/>
        <line num="50" count="3" type="stmt"/>
        <line num="53" count="3" type="stmt"/>
        <line num="55" count="1" type="stmt"/>
        <line num="56" count="1" type="stmt"/>
        <line num="62" count="2" type="stmt"/>
        <line num="63" count="2" type="stmt"/>
        <line num="64" count="1" type="stmt"/>
        <line num="66" count="1" type="stmt"/>
        <line num="67" count="1" type="stmt"/>
      </file>
      <file name="orderEmail.service.js" path="C:\Users\Omen\OneDrive - usach.cl\PINGESO\zonadeportiva\backend-zonadeportiva\src\services\email\orderEmail.service.js">
        <metrics statements="5" coveredstatements="5" conditionals="4" coveredconditionals="2" methods="3" coveredmethods="3"/>
        <line num="5" count="1" type="stmt"/>
        <line num="9" count="5" type="stmt"/>
        <line num="10" count="5" type="stmt"/>
        <line num="18" count="5" type="stmt"/>
        <line num="29" count="4" type="stmt"/>
      </file>
    </package>
  </project>
</coverage>
