<?xml version="1.0" encoding="UTF-8"?>
<coverage generated="1750274687675" clover="3.2.0">
  <project timestamp="1750274687675" name="All files">
    <metrics statements="134" coveredstatements="134" conditionals="33" coveredconditionals="33" methods="27" coveredmethods="27" elements="194" coveredelements="194" complexity="0" loc="134" ncloc="134" packages="1" files="7" classes="7"/>
    <file name="cart.service.js" path="C:\Users\Omen\OneDrive - usach.cl\PINGESO\zonadeportiva\backend-zonadeportiva\src\services\cart.service.js">
      <metrics statements="63" coveredstatements="63" conditionals="6" coveredconditionals="6" methods="8" coveredmethods="8"/>
      <line num="3" count="1" type="stmt"/>
      <line num="4" count="7" type="stmt"/>
      <line num="5" count="7" type="stmt"/>
      <line num="7" count="3" type="stmt"/>
      <line num="8" count="3" type="cond" truecount="2" falsecount="0"/>
      <line num="9" count="2" type="stmt"/>
      <line num="12" count="1" type="stmt"/>
      <line num="17" count="1" type="stmt"/>
      <line num="19" count="1" type="stmt"/>
      <line num="22" count="4" type="stmt"/>
      <line num="23" count="4" type="stmt"/>
      <line num="27" count="1" type="stmt"/>
      <line num="28" count="4" type="stmt"/>
      <line num="29" count="4" type="stmt"/>
      <line num="31" count="2" type="stmt"/>
      <line num="32" count="2" type="stmt"/>
      <line num="34" count="2" type="cond" truecount="2" falsecount="0"/>
      <line num="35" count="1" type="stmt"/>
      <line num="38" count="1" type="stmt"/>
      <line num="40" count="1" type="stmt"/>
      <line num="41" count="1" type="stmt"/>
      <line num="43" count="1" type="stmt"/>
      <line num="49" count="2" type="stmt"/>
      <line num="50" count="2" type="stmt"/>
      <line num="54" count="1" type="stmt"/>
      <line num="55" count="6" type="stmt"/>
      <line num="56" count="6" type="stmt"/>
      <line num="58" count="5" type="stmt"/>
      <line num="59" count="4" type="stmt"/>
      <line num="61" count="4" type="stmt"/>
      <line num="63" count="4" type="stmt"/>
      <line num="67" count="5" type="stmt"/>
      <line num="68" count="5" type="stmt"/>
      <line num="70" count="5" type="stmt"/>
      <line num="75" count="5" type="stmt"/>
      <line num="77" count="1" type="stmt"/>
      <line num="78" count="1" type="stmt"/>
      <line num="82" count="1" type="stmt"/>
      <line num="83" count="4" type="stmt"/>
      <line num="84" count="4" type="stmt"/>
      <line num="85" count="4" type="stmt"/>
      <line num="87" count="3" type="stmt"/>
      <line num="89" count="1" type="stmt"/>
      <line num="90" count="1" type="stmt"/>
      <line num="95" count="1" type="stmt"/>
      <line num="96" count="3" type="stmt"/>
      <line num="97" count="3" type="stmt"/>
      <line num="98" count="3" type="stmt"/>
      <line num="100" count="2" type="stmt"/>
      <line num="101" count="2" type="stmt"/>
      <line num="103" count="2" type="stmt"/>
      <line num="108" count="1" type="stmt"/>
      <line num="109" count="1" type="stmt"/>
      <line num="114" count="1" type="stmt"/>
      <line num="115" count="11" type="stmt"/>
      <line num="116" count="11" type="stmt"/>
      <line num="117" count="11" type="stmt"/>
      <line num="119" count="9" type="cond" truecount="2" falsecount="0"/>
      <line num="120" count="4" type="stmt"/>
      <line num="123" count="5" type="stmt"/>
      <line num="125" count="6" type="stmt"/>
      <line num="126" count="6" type="stmt"/>
      <line num="130" count="1" type="stmt"/>
    </file>
    <file name="city.service.js" path="C:\Users\Omen\OneDrive - usach.cl\PINGESO\zonadeportiva\backend-zonadeportiva\src\services\city.service.js">
      <metrics statements="6" coveredstatements="6" conditionals="0" coveredconditionals="0" methods="4" coveredmethods="4"/>
      <line num="5" count="1" type="stmt"/>
      <line num="6" count="9" type="stmt"/>
      <line num="10" count="1013" type="stmt"/>
      <line num="16" count="1" type="stmt"/>
      <line num="17" count="9" type="stmt"/>
      <line num="22" count="7" type="stmt"/>
    </file>
    <file name="customer.service.js" path="C:\Users\Omen\OneDrive - usach.cl\PINGESO\zonadeportiva\backend-zonadeportiva\src\services\customer.service.js">
      <metrics statements="38" coveredstatements="38" conditionals="14" coveredconditionals="14" methods="8" coveredmethods="8"/>
      <line num="4" count="1" type="stmt"/>
      <line num="5" count="6" type="stmt"/>
      <line num="7" count="6" type="stmt"/>
      <line num="18" count="6" type="stmt"/>
      <line num="19" count="6" type="stmt"/>
      <line num="20" count="5" type="cond" truecount="2" falsecount="0"/>
      <line num="26" count="1" type="stmt"/>
      <line num="27" count="2" type="stmt"/>
      <line num="28" count="2" type="stmt"/>
      <line num="29" count="2" type="cond" truecount="2" falsecount="0"/>
      <line num="34" count="1" type="stmt"/>
      <line num="35" count="2" type="stmt"/>
      <line num="50" count="2" type="stmt"/>
      <line num="51" count="2" type="cond" truecount="2" falsecount="0"/>
      <line num="55" count="1" type="stmt"/>
      <line num="56" count="3" type="stmt"/>
      <line num="74" count="3" type="stmt"/>
      <line num="75" count="2" type="stmt"/>
      <line num="80" count="1" type="stmt"/>
      <line num="81" count="4" type="stmt"/>
      <line num="83" count="4" type="stmt"/>
      <line num="89" count="4" type="cond" truecount="4" falsecount="0"/>
      <line num="90" count="4" type="stmt"/>
      <line num="91" count="2" type="stmt"/>
      <line num="95" count="1" type="stmt"/>
      <line num="96" count="4" type="stmt"/>
      <line num="98" count="4" type="stmt"/>
      <line num="110" count="4" type="stmt"/>
      <line num="111" count="4" type="stmt"/>
      <line num="112" count="3" type="cond" truecount="2" falsecount="0"/>
      <line num="116" count="1" type="stmt"/>
      <line num="117" count="6" type="stmt"/>
      <line num="122" count="6" type="stmt"/>
      <line num="123" count="5" type="stmt"/>
      <line num="128" count="1" type="stmt"/>
      <line num="129" count="4" type="stmt"/>
      <line num="135" count="4" type="stmt"/>
      <line num="136" count="3" type="cond" truecount="2" falsecount="0"/>
    </file>
    <file name="paymentProvider.service.js" path="C:\Users\Omen\OneDrive - usach.cl\PINGESO\zonadeportiva\backend-zonadeportiva\src\services\paymentProvider.service.js">
      <metrics statements="3" coveredstatements="3" conditionals="0" coveredconditionals="0" methods="2" coveredmethods="2"/>
      <line num="4" count="1" type="stmt"/>
      <line num="5" count="3" type="stmt"/>
      <line num="9" count="2" type="stmt"/>
    </file>
    <file name="product.service.js" path="C:\Users\Omen\OneDrive - usach.cl\PINGESO\zonadeportiva\backend-zonadeportiva\src\services\product.service.js">
      <metrics statements="13" coveredstatements="13" conditionals="11" coveredconditionals="11" methods="1" coveredmethods="1"/>
      <line num="3" count="1" type="stmt"/>
      <line num="5" count="7" type="cond" truecount="4" falsecount="0"/>
      <line num="6" count="2" type="stmt"/>
      <line num="9" count="5" type="stmt"/>
      <line num="10" count="5" type="stmt"/>
      <line num="15" count="5" type="stmt"/>
      <line num="17" count="4" type="cond" truecount="2" falsecount="0"/>
      <line num="18" count="1" type="stmt"/>
      <line num="25" count="3" type="stmt"/>
      <line num="26" count="3" type="cond" truecount="3" falsecount="0"/>
      <line num="28" count="3" type="stmt"/>
      <line num="39" count="1" type="stmt"/>
      <line num="40" count="1" type="stmt"/>
    </file>
    <file name="state.service.js" path="C:\Users\Omen\OneDrive - usach.cl\PINGESO\zonadeportiva\backend-zonadeportiva\src\services\state.service.js">
      <metrics statements="3" coveredstatements="3" conditionals="0" coveredconditionals="0" methods="2" coveredmethods="2"/>
      <line num="5" count="1" type="stmt"/>
      <line num="6" count="4" type="stmt"/>
      <line num="10" count="3" type="stmt"/>
    </file>
    <file name="user.service.js" path="C:\Users\Omen\OneDrive - usach.cl\PINGESO\zonadeportiva\backend-zonadeportiva\src\services\user.service.js">
      <metrics statements="8" coveredstatements="8" conditionals="2" coveredconditionals="2" methods="2" coveredmethods="2"/>
      <line num="3" count="1" type="stmt"/>
      <line num="4" count="3" type="stmt"/>
      <line num="5" count="3" type="stmt"/>
      <line num="6" count="2" type="cond" truecount="2" falsecount="0"/>
      <line num="10" count="1" type="stmt"/>
      <line num="11" count="3" type="stmt"/>
      <line num="12" count="3" type="stmt"/>
      <line num="13" count="2" type="stmt"/>
    </file>
  </project>
</coverage>
