{"C:\\Users\\Omen\\OneDrive - usach.cl\\PINGESO\\zonadeportiva\\backend-zonadeportiva\\src\\services\\cart.service.js": {"path":"C:\\Users\\Omen\\OneDrive - usach.cl\\PINGESO\\zonadeportiva\\backend-zonadeportiva\\src\\services\\cart.service.js","statementMap":{"0":{"start":{"line":3,"column":19},"end":{"line":25,"column":1}},"1":{"start":{"line":4,"column":4},"end":{"line":24,"column":5}},"2":{"start":{"line":5,"column":28},"end":{"line":5,"column":64}},"3":{"start":{"line":7,"column":23},"end":{"line":7,"column":100}},"4":{"start":{"line":8,"column":8},"end":{"line":10,"column":9}},"5":{"start":{"line":9,"column":12},"end":{"line":9,"column":33}},"6":{"start":{"line":12,"column":26},"end":{"line":15,"column":24}},"7":{"start":{"line":17,"column":27},"end":{"line":17,"column":75}},"8":{"start":{"line":19,"column":8},"end":{"line":19,"column":33}},"9":{"start":{"line":22,"column":8},"end":{"line":22,"column":26}},"10":{"start":{"line":23,"column":8},"end":{"line":23,"column":52}},"11":{"start":{"line":27,"column":16},"end":{"line":52,"column":1}},"12":{"start":{"line":28,"column":4},"end":{"line":51,"column":5}},"13":{"start":{"line":29,"column":28},"end":{"line":29,"column":64}},"14":{"start":{"line":31,"column":26},"end":{"line":31,"column":70}},"15":{"start":{"line":32,"column":27},"end":{"line":32,"column":69}},"16":{"start":{"line":34,"column":8},"end":{"line":36,"column":9}},"17":{"start":{"line":35,"column":12},"end":{"line":35,"column":23}},"18":{"start":{"line":38,"column":21},"end":{"line":38,"column":39}},"19":{"start":{"line":40,"column":31},"end":{"line":40,"column":76}},"20":{"start":{"line":41,"column":32},"end":{"line":41,"column":75}},"21":{"start":{"line":43,"column":8},"end":{"line":46,"column":9}},"22":{"start":{"line":49,"column":8},"end":{"line":49,"column":26}},"23":{"start":{"line":50,"column":8},"end":{"line":50,"column":54}},"24":{"start":{"line":54,"column":17},"end":{"line":80,"column":1}},"25":{"start":{"line":55,"column":4},"end":{"line":79,"column":5}},"26":{"start":{"line":56,"column":8},"end":{"line":56,"column":80}},"27":{"start":{"line":58,"column":8},"end":{"line":64,"column":9}},"28":{"start":{"line":59,"column":70},"end":{"line":59,"column":74}},"29":{"start":{"line":61,"column":26},"end":{"line":62,"column":55}},"30":{"start":{"line":63,"column":12},"end":{"line":63,"column":93}},"31":{"start":{"line":67,"column":30},"end":{"line":67,"column":86}},"32":{"start":{"line":67,"column":63},"end":{"line":67,"column":82}},"33":{"start":{"line":68,"column":27},"end":{"line":68,"column":86}},"34":{"start":{"line":68,"column":60},"end":{"line":68,"column":82}},"35":{"start":{"line":70,"column":8},"end":{"line":73,"column":9}},"36":{"start":{"line":75,"column":8},"end":{"line":75,"column":63}},"37":{"start":{"line":77,"column":8},"end":{"line":77,"column":26}},"38":{"start":{"line":78,"column":8},"end":{"line":78,"column":54}},"39":{"start":{"line":82,"column":23},"end":{"line":92,"column":1}},"40":{"start":{"line":83,"column":4},"end":{"line":91,"column":5}},"41":{"start":{"line":84,"column":28},"end":{"line":84,"column":103}},"42":{"start":{"line":85,"column":29},"end":{"line":85,"column":81}},"43":{"start":{"line":87,"column":8},"end":{"line":87,"column":35}},"44":{"start":{"line":89,"column":8},"end":{"line":89,"column":26}},"45":{"start":{"line":90,"column":8},"end":{"line":90,"column":56}},"46":{"start":{"line":95,"column":19},"end":{"line":111,"column":1}},"47":{"start":{"line":96,"column":4},"end":{"line":110,"column":5}},"48":{"start":{"line":97,"column":29},"end":{"line":97,"column":67}},"49":{"start":{"line":98,"column":30},"end":{"line":98,"column":74}},"50":{"start":{"line":100,"column":37},"end":{"line":100,"column":87}},"51":{"start":{"line":101,"column":38},"end":{"line":101,"column":90}},"52":{"start":{"line":103,"column":8},"end":{"line":106,"column":9}},"53":{"start":{"line":108,"column":8},"end":{"line":108,"column":26}},"54":{"start":{"line":109,"column":8},"end":{"line":109,"column":55}},"55":{"start":{"line":114,"column":30},"end":{"line":128,"column":1}},"56":{"start":{"line":115,"column":4},"end":{"line":127,"column":5}},"57":{"start":{"line":116,"column":22},"end":{"line":116,"column":67}},"58":{"start":{"line":117,"column":23},"end":{"line":117,"column":57}},"59":{"start":{"line":119,"column":8},"end":{"line":121,"column":9}},"60":{"start":{"line":120,"column":12},"end":{"line":120,"column":52}},"61":{"start":{"line":123,"column":8},"end":{"line":123,"column":32}},"62":{"start":{"line":125,"column":8},"end":{"line":125,"column":26}},"63":{"start":{"line":126,"column":8},"end":{"line":126,"column":58}},"64":{"start":{"line":130,"column":20},"end":{"line":130,"column":81}}},"fnMap":{"0":{"name":"(anonymous_0)","decl":{"start":{"line":3,"column":19},"end":{"line":3,"column":20}},"loc":{"start":{"line":3,"column":38},"end":{"line":25,"column":1}},"line":3},"1":{"name":"(anonymous_1)","decl":{"start":{"line":27,"column":16},"end":{"line":27,"column":17}},"loc":{"start":{"line":27,"column":35},"end":{"line":52,"column":1}},"line":27},"2":{"name":"(anonymous_2)","decl":{"start":{"line":54,"column":17},"end":{"line":54,"column":18}},"loc":{"start":{"line":54,"column":48},"end":{"line":80,"column":1}},"line":54},"3":{"name":"(anonymous_3)","decl":{"start":{"line":67,"column":48},"end":{"line":67,"column":49}},"loc":{"start":{"line":67,"column":63},"end":{"line":67,"column":82}},"line":67},"4":{"name":"(anonymous_4)","decl":{"start":{"line":68,"column":45},"end":{"line":68,"column":46}},"loc":{"start":{"line":68,"column":60},"end":{"line":68,"column":82}},"line":68},"5":{"name":"(anonymous_5)","decl":{"start":{"line":82,"column":23},"end":{"line":82,"column":24}},"loc":{"start":{"line":82,"column":54},"end":{"line":92,"column":1}},"line":82},"6":{"name":"(anonymous_6)","decl":{"start":{"line":95,"column":19},"end":{"line":95,"column":20}},"loc":{"start":{"line":95,"column":41},"end":{"line":111,"column":1}},"line":95},"7":{"name":"(anonymous_7)","decl":{"start":{"line":114,"column":30},"end":{"line":114,"column":31}},"loc":{"start":{"line":114,"column":49},"end":{"line":128,"column":1}},"line":114}},"branchMap":{"0":{"loc":{"start":{"line":8,"column":8},"end":{"line":10,"column":9}},"type":"if","locations":[{"start":{"line":8,"column":8},"end":{"line":10,"column":9}},{"start":{},"end":{}}],"line":8},"1":{"loc":{"start":{"line":34,"column":8},"end":{"line":36,"column":9}},"type":"if","locations":[{"start":{"line":34,"column":8},"end":{"line":36,"column":9}},{"start":{},"end":{}}],"line":34},"2":{"loc":{"start":{"line":119,"column":8},"end":{"line":121,"column":9}},"type":"if","locations":[{"start":{"line":119,"column":8},"end":{"line":121,"column":9}},{"start":{},"end":{}}],"line":119}},"s":{"0":1,"1":7,"2":7,"3":3,"4":3,"5":2,"6":1,"7":1,"8":1,"9":4,"10":4,"11":1,"12":4,"13":4,"14":2,"15":2,"16":2,"17":1,"18":1,"19":1,"20":1,"21":1,"22":2,"23":2,"24":1,"25":6,"26":6,"27":5,"28":4,"29":4,"30":4,"31":5,"32":4,"33":5,"34":4,"35":5,"36":5,"37":1,"38":1,"39":1,"40":4,"41":4,"42":4,"43":3,"44":1,"45":1,"46":1,"47":3,"48":3,"49":3,"50":2,"51":2,"52":2,"53":1,"54":1,"55":1,"56":11,"57":11,"58":11,"59":9,"60":4,"61":5,"62":6,"63":6,"64":1},"f":{"0":7,"1":4,"2":6,"3":4,"4":4,"5":4,"6":3,"7":11},"b":{"0":[2,1],"1":[1,1],"2":[4,5]},"_coverageSchema":"1a1c01bbd47fc00a2c39e90264f33305004495a9","hash":"5ae12b64efc4bf69dcafe45c7039be1eb50e4947"}
,"C:\\Users\\Omen\\OneDrive - usach.cl\\PINGESO\\zonadeportiva\\backend-zonadeportiva\\src\\services\\city.service.js": {"path":"C:\\Users\\Omen\\OneDrive - usach.cl\\PINGESO\\zonadeportiva\\backend-zonadeportiva\\src\\services\\city.service.js","statementMap":{"0":{"start":{"line":5,"column":27},"end":{"line":11,"column":1}},"1":{"start":{"line":6,"column":19},"end":{"line":9,"column":8}},"2":{"start":{"line":10,"column":4},"end":{"line":10,"column":48}},"3":{"start":{"line":10,"column":34},"end":{"line":10,"column":47}},"4":{"start":{"line":16,"column":36},"end":{"line":23,"column":1}},"5":{"start":{"line":17,"column":17},"end":{"line":21,"column":16}},"6":{"start":{"line":22,"column":2},"end":{"line":22,"column":46}},"7":{"start":{"line":22,"column":32},"end":{"line":22,"column":45}}},"fnMap":{"0":{"name":"(anonymous_0)","decl":{"start":{"line":5,"column":27},"end":{"line":5,"column":28}},"loc":{"start":{"line":5,"column":39},"end":{"line":11,"column":1}},"line":5},"1":{"name":"(anonymous_1)","decl":{"start":{"line":10,"column":27},"end":{"line":10,"column":28}},"loc":{"start":{"line":10,"column":34},"end":{"line":10,"column":47}},"line":10},"2":{"name":"(anonymous_2)","decl":{"start":{"line":16,"column":36},"end":{"line":16,"column":37}},"loc":{"start":{"line":16,"column":56},"end":{"line":23,"column":1}},"line":16},"3":{"name":"(anonymous_3)","decl":{"start":{"line":22,"column":25},"end":{"line":22,"column":26}},"loc":{"start":{"line":22,"column":32},"end":{"line":22,"column":45}},"line":22}},"branchMap":{},"s":{"0":1,"1":9,"2":8,"3":1013,"4":1,"5":9,"6":7,"7":4},"f":{"0":9,"1":1013,"2":9,"3":4},"b":{},"_coverageSchema":"1a1c01bbd47fc00a2c39e90264f33305004495a9","hash":"81ded623bc44e9f69738b9e577dd118ba5ea7ac6"}
,"C:\\Users\\Omen\\OneDrive - usach.cl\\PINGESO\\zonadeportiva\\backend-zonadeportiva\\src\\services\\customer.service.js": {"path":"C:\\Users\\Omen\\OneDrive - usach.cl\\PINGESO\\zonadeportiva\\backend-zonadeportiva\\src\\services\\customer.service.js","statementMap":{"0":{"start":{"line":4,"column":34},"end":{"line":21,"column":1}},"1":{"start":{"line":5,"column":48},"end":{"line":5,"column":60}},"2":{"start":{"line":7,"column":16},"end":{"line":16,"column":3}},"3":{"start":{"line":18,"column":17},"end":{"line":18,"column":60}},"4":{"start":{"line":19,"column":17},"end":{"line":19,"column":48}},"5":{"start":{"line":20,"column":2},"end":{"line":20,"column":32}},"6":{"start":{"line":26,"column":37},"end":{"line":30,"column":1}},"7":{"start":{"line":27,"column":16},"end":{"line":27,"column":61}},"8":{"start":{"line":28,"column":17},"end":{"line":28,"column":50}},"9":{"start":{"line":29,"column":2},"end":{"line":29,"column":36}},"10":{"start":{"line":34,"column":35},"end":{"line":52,"column":1}},"11":{"start":{"line":35,"column":16},"end":{"line":48,"column":3}},"12":{"start":{"line":50,"column":17},"end":{"line":50,"column":50}},"13":{"start":{"line":51,"column":2},"end":{"line":51,"column":32}},"14":{"start":{"line":55,"column":36},"end":{"line":76,"column":1}},"15":{"start":{"line":56,"column":16},"end":{"line":72,"column":3}},"16":{"start":{"line":74,"column":17},"end":{"line":74,"column":54}},"17":{"start":{"line":75,"column":2},"end":{"line":75,"column":21}},"18":{"start":{"line":80,"column":37},"end":{"line":92,"column":1}},"19":{"start":{"line":81,"column":60},"end":{"line":81,"column":71}},"20":{"start":{"line":83,"column":16},"end":{"line":87,"column":3}},"21":{"start":{"line":89,"column":17},"end":{"line":89,"column":92}},"22":{"start":{"line":90,"column":17},"end":{"line":90,"column":48}},"23":{"start":{"line":91,"column":2},"end":{"line":91,"column":24}},"24":{"start":{"line":95,"column":37},"end":{"line":113,"column":1}},"25":{"start":{"line":96,"column":60},"end":{"line":96,"column":71}},"26":{"start":{"line":98,"column":16},"end":{"line":108,"column":3}},"27":{"start":{"line":110,"column":17},"end":{"line":110,"column":87}},"28":{"start":{"line":111,"column":17},"end":{"line":111,"column":48}},"29":{"start":{"line":112,"column":2},"end":{"line":112,"column":32}},"30":{"start":{"line":116,"column":38},"end":{"line":124,"column":1}},"31":{"start":{"line":117,"column":16},"end":{"line":120,"column":3}},"32":{"start":{"line":122,"column":17},"end":{"line":122,"column":65}},"33":{"start":{"line":123,"column":2},"end":{"line":123,"column":32}},"34":{"start":{"line":128,"column":37},"end":{"line":137,"column":1}},"35":{"start":{"line":129,"column":16},"end":{"line":133,"column":3}},"36":{"start":{"line":135,"column":17},"end":{"line":135,"column":65}},"37":{"start":{"line":136,"column":2},"end":{"line":136,"column":32}}},"fnMap":{"0":{"name":"(anonymous_0)","decl":{"start":{"line":4,"column":34},"end":{"line":4,"column":35}},"loc":{"start":{"line":4,"column":66},"end":{"line":21,"column":1}},"line":4},"1":{"name":"(anonymous_1)","decl":{"start":{"line":26,"column":37},"end":{"line":26,"column":38}},"loc":{"start":{"line":26,"column":55},"end":{"line":30,"column":1}},"line":26},"2":{"name":"(anonymous_2)","decl":{"start":{"line":34,"column":35},"end":{"line":34,"column":36}},"loc":{"start":{"line":34,"column":53},"end":{"line":52,"column":1}},"line":34},"3":{"name":"(anonymous_3)","decl":{"start":{"line":55,"column":36},"end":{"line":55,"column":37}},"loc":{"start":{"line":55,"column":58},"end":{"line":76,"column":1}},"line":55},"4":{"name":"(anonymous_4)","decl":{"start":{"line":80,"column":37},"end":{"line":80,"column":38}},"loc":{"start":{"line":80,"column":72},"end":{"line":92,"column":1}},"line":80},"5":{"name":"(anonymous_5)","decl":{"start":{"line":95,"column":37},"end":{"line":95,"column":38}},"loc":{"start":{"line":95,"column":83},"end":{"line":113,"column":1}},"line":95},"6":{"name":"(anonymous_6)","decl":{"start":{"line":116,"column":38},"end":{"line":116,"column":39}},"loc":{"start":{"line":116,"column":71},"end":{"line":124,"column":1}},"line":116},"7":{"name":"(anonymous_7)","decl":{"start":{"line":128,"column":37},"end":{"line":128,"column":38}},"loc":{"start":{"line":128,"column":70},"end":{"line":137,"column":1}},"line":128}},"branchMap":{"0":{"loc":{"start":{"line":20,"column":9},"end":{"line":20,"column":31}},"type":"binary-expr","locations":[{"start":{"line":20,"column":9},"end":{"line":20,"column":23}},{"start":{"line":20,"column":27},"end":{"line":20,"column":31}}],"line":20},"1":{"loc":{"start":{"line":29,"column":9},"end":{"line":29,"column":35}},"type":"binary-expr","locations":[{"start":{"line":29,"column":9},"end":{"line":29,"column":27}},{"start":{"line":29,"column":31},"end":{"line":29,"column":35}}],"line":29},"2":{"loc":{"start":{"line":51,"column":9},"end":{"line":51,"column":31}},"type":"binary-expr","locations":[{"start":{"line":51,"column":9},"end":{"line":51,"column":23}},{"start":{"line":51,"column":27},"end":{"line":51,"column":31}}],"line":51},"3":{"loc":{"start":{"line":89,"column":39},"end":{"line":89,"column":56}},"type":"binary-expr","locations":[{"start":{"line":89,"column":39},"end":{"line":89,"column":48}},{"start":{"line":89,"column":52},"end":{"line":89,"column":56}}],"line":89},"4":{"loc":{"start":{"line":89,"column":58},"end":{"line":89,"column":72}},"type":"binary-expr","locations":[{"start":{"line":89,"column":58},"end":{"line":89,"column":64}},{"start":{"line":89,"column":68},"end":{"line":89,"column":72}}],"line":89},"5":{"loc":{"start":{"line":112,"column":9},"end":{"line":112,"column":31}},"type":"binary-expr","locations":[{"start":{"line":112,"column":9},"end":{"line":112,"column":23}},{"start":{"line":112,"column":27},"end":{"line":112,"column":31}}],"line":112},"6":{"loc":{"start":{"line":136,"column":9},"end":{"line":136,"column":31}},"type":"binary-expr","locations":[{"start":{"line":136,"column":9},"end":{"line":136,"column":23}},{"start":{"line":136,"column":27},"end":{"line":136,"column":31}}],"line":136}},"s":{"0":1,"1":6,"2":6,"3":6,"4":6,"5":5,"6":1,"7":2,"8":2,"9":2,"10":1,"11":2,"12":2,"13":2,"14":1,"15":3,"16":3,"17":2,"18":1,"19":4,"20":4,"21":4,"22":4,"23":2,"24":1,"25":4,"26":4,"27":4,"28":4,"29":3,"30":1,"31":6,"32":6,"33":5,"34":1,"35":4,"36":4,"37":3},"f":{"0":6,"1":2,"2":2,"3":3,"4":4,"5":4,"6":6,"7":4},"b":{"0":[5,1],"1":[2,1],"2":[2,1],"3":[4,2],"4":[4,1],"5":[3,1],"6":[3,2]},"_coverageSchema":"1a1c01bbd47fc00a2c39e90264f33305004495a9","hash":"a69882896c796adb029f6075244424d4ea3b85ed"}
,"C:\\Users\\Omen\\OneDrive - usach.cl\\PINGESO\\zonadeportiva\\backend-zonadeportiva\\src\\services\\paymentProvider.service.js": {"path":"C:\\Users\\Omen\\OneDrive - usach.cl\\PINGESO\\zonadeportiva\\backend-zonadeportiva\\src\\services\\paymentProvider.service.js","statementMap":{"0":{"start":{"line":4,"column":37},"end":{"line":10,"column":1}},"1":{"start":{"line":5,"column":17},"end":{"line":8,"column":6}},"2":{"start":{"line":9,"column":2},"end":{"line":9,"column":58}},"3":{"start":{"line":9,"column":32},"end":{"line":9,"column":56}}},"fnMap":{"0":{"name":"(anonymous_0)","decl":{"start":{"line":4,"column":37},"end":{"line":4,"column":38}},"loc":{"start":{"line":4,"column":49},"end":{"line":10,"column":1}},"line":4},"1":{"name":"(anonymous_1)","decl":{"start":{"line":9,"column":25},"end":{"line":9,"column":26}},"loc":{"start":{"line":9,"column":32},"end":{"line":9,"column":56}},"line":9}},"branchMap":{},"s":{"0":1,"1":3,"2":2,"3":2},"f":{"0":3,"1":2},"b":{},"_coverageSchema":"1a1c01bbd47fc00a2c39e90264f33305004495a9","hash":"bbeae4cca246aa2b18cc32c425802cdffbeef607"}
,"C:\\Users\\Omen\\OneDrive - usach.cl\\PINGESO\\zonadeportiva\\backend-zonadeportiva\\src\\services\\product.service.js": {"path":"C:\\Users\\Omen\\OneDrive - usach.cl\\PINGESO\\zonadeportiva\\backend-zonadeportiva\\src\\services\\product.service.js","statementMap":{"0":{"start":{"line":3,"column":36},"end":{"line":42,"column":1}},"1":{"start":{"line":5,"column":2},"end":{"line":7,"column":3}},"2":{"start":{"line":6,"column":4},"end":{"line":6,"column":79}},"3":{"start":{"line":9,"column":2},"end":{"line":41,"column":3}},"4":{"start":{"line":10,"column":18},"end":{"line":14,"column":5}},"5":{"start":{"line":15,"column":21},"end":{"line":15,"column":57}},"6":{"start":{"line":17,"column":4},"end":{"line":23,"column":5}},"7":{"start":{"line":18,"column":6},"end":{"line":22,"column":8}},"8":{"start":{"line":25,"column":36},"end":{"line":25,"column":43}},"9":{"start":{"line":26,"column":28},"end":{"line":26,"column":93}},"10":{"start":{"line":28,"column":4},"end":{"line":36,"column":6}},"11":{"start":{"line":39,"column":4},"end":{"line":39,"column":52}},"12":{"start":{"line":40,"column":4},"end":{"line":40,"column":54}}},"fnMap":{"0":{"name":"(anonymous_0)","decl":{"start":{"line":3,"column":36},"end":{"line":3,"column":37}},"loc":{"start":{"line":3,"column":67},"end":{"line":42,"column":1}},"line":3}},"branchMap":{"0":{"loc":{"start":{"line":5,"column":2},"end":{"line":7,"column":3}},"type":"if","locations":[{"start":{"line":5,"column":2},"end":{"line":7,"column":3}},{"start":{},"end":{}}],"line":5},"1":{"loc":{"start":{"line":5,"column":6},"end":{"line":5,"column":36}},"type":"binary-expr","locations":[{"start":{"line":5,"column":6},"end":{"line":5,"column":16}},{"start":{"line":5,"column":20},"end":{"line":5,"column":36}}],"line":5},"2":{"loc":{"start":{"line":17,"column":4},"end":{"line":23,"column":5}},"type":"if","locations":[{"start":{"line":17,"column":4},"end":{"line":23,"column":5}},{"start":{},"end":{}}],"line":17},"3":{"loc":{"start":{"line":26,"column":28},"end":{"line":26,"column":93}},"type":"binary-expr","locations":[{"start":{"line":26,"column":28},"end":{"line":26,"column":54}},{"start":{"line":26,"column":58},"end":{"line":26,"column":72}},{"start":{"line":26,"column":76},"end":{"line":26,"column":93}}],"line":26},"4":{"loc":{"start":{"line":30,"column":14},"end":{"line":30,"column":37}},"type":"cond-expr","locations":[{"start":{"line":30,"column":32},"end":{"line":30,"column":33}},{"start":{"line":30,"column":36},"end":{"line":30,"column":37}}],"line":30}},"s":{"0":1,"1":7,"2":2,"3":5,"4":5,"5":5,"6":4,"7":1,"8":3,"9":3,"10":3,"11":1,"12":1},"f":{"0":7},"b":{"0":[2,5],"1":[7,6],"2":[1,3],"3":[3,2,2],"4":[1,2]},"_coverageSchema":"1a1c01bbd47fc00a2c39e90264f33305004495a9","hash":"df4611cb79cab4f3ddeb954703c773b0526daeb0"}
,"C:\\Users\\Omen\\OneDrive - usach.cl\\PINGESO\\zonadeportiva\\backend-zonadeportiva\\src\\services\\state.service.js": {"path":"C:\\Users\\Omen\\OneDrive - usach.cl\\PINGESO\\zonadeportiva\\backend-zonadeportiva\\src\\services\\state.service.js","statementMap":{"0":{"start":{"line":5,"column":27},"end":{"line":11,"column":1}},"1":{"start":{"line":6,"column":19},"end":{"line":9,"column":8}},"2":{"start":{"line":10,"column":4},"end":{"line":10,"column":49}},"3":{"start":{"line":10,"column":34},"end":{"line":10,"column":48}}},"fnMap":{"0":{"name":"(anonymous_0)","decl":{"start":{"line":5,"column":27},"end":{"line":5,"column":28}},"loc":{"start":{"line":5,"column":39},"end":{"line":11,"column":1}},"line":5},"1":{"name":"(anonymous_1)","decl":{"start":{"line":10,"column":27},"end":{"line":10,"column":28}},"loc":{"start":{"line":10,"column":34},"end":{"line":10,"column":48}},"line":10}},"branchMap":{},"s":{"0":1,"1":4,"2":3,"3":2},"f":{"0":4,"1":2},"b":{},"_coverageSchema":"1a1c01bbd47fc00a2c39e90264f33305004495a9","hash":"f0a977b3a0ac21edecd49761ca49b8f8ac83bbfb"}
,"C:\\Users\\Omen\\OneDrive - usach.cl\\PINGESO\\zonadeportiva\\backend-zonadeportiva\\src\\services\\user.service.js": {"path":"C:\\Users\\Omen\\OneDrive - usach.cl\\PINGESO\\zonadeportiva\\backend-zonadeportiva\\src\\services\\user.service.js","statementMap":{"0":{"start":{"line":3,"column":30},"end":{"line":7,"column":1}},"1":{"start":{"line":4,"column":16},"end":{"line":4,"column":54}},"2":{"start":{"line":5,"column":17},"end":{"line":5,"column":49}},"3":{"start":{"line":6,"column":2},"end":{"line":6,"column":32}},"4":{"start":{"line":10,"column":31},"end":{"line":14,"column":1}},"5":{"start":{"line":11,"column":16},"end":{"line":11,"column":52}},"6":{"start":{"line":12,"column":17},"end":{"line":12,"column":50}},"7":{"start":{"line":13,"column":2},"end":{"line":13,"column":32}}},"fnMap":{"0":{"name":"(anonymous_0)","decl":{"start":{"line":3,"column":30},"end":{"line":3,"column":31}},"loc":{"start":{"line":3,"column":47},"end":{"line":7,"column":1}},"line":3},"1":{"name":"(anonymous_1)","decl":{"start":{"line":10,"column":31},"end":{"line":10,"column":32}},"loc":{"start":{"line":10,"column":49},"end":{"line":14,"column":1}},"line":10}},"branchMap":{"0":{"loc":{"start":{"line":6,"column":9},"end":{"line":6,"column":31}},"type":"binary-expr","locations":[{"start":{"line":6,"column":9},"end":{"line":6,"column":23}},{"start":{"line":6,"column":27},"end":{"line":6,"column":31}}],"line":6}},"s":{"0":1,"1":3,"2":3,"3":2,"4":1,"5":3,"6":3,"7":2},"f":{"0":3,"1":3},"b":{"0":[2,1]},"_coverageSchema":"1a1c01bbd47fc00a2c39e90264f33305004495a9","hash":"2207ca894ba22b1a1a7f73fbd53dfa8335766eeb"}
}
