{"C:\\Users\\Omen\\OneDrive - usach.cl\\PINGESO\\zonadeportiva\\backend-zonadeportiva\\src\\controllers\\customer.controller.js": {"path":"C:\\Users\\Omen\\OneDrive - usach.cl\\PINGESO\\zonadeportiva\\backend-zonadeportiva\\src\\controllers\\customer.controller.js","statementMap":{"0":{"start":{"line":5,"column":27},"end":{"line":34,"column":1}},"1":{"start":{"line":6,"column":2},"end":{"line":33,"column":3}},"2":{"start":{"line":7,"column":19},"end":{"line":7,"column":30}},"3":{"start":{"line":9,"column":19},"end":{"line":23,"column":5}},"4":{"start":{"line":25,"column":4},"end":{"line":27,"column":5}},"5":{"start":{"line":26,"column":6},"end":{"line":26,"column":72}},"6":{"start":{"line":29,"column":4},"end":{"line":29,"column":58}},"7":{"start":{"line":31,"column":4},"end":{"line":31,"column":48}},"8":{"start":{"line":32,"column":4},"end":{"line":32,"column":81}},"9":{"start":{"line":37,"column":30},"end":{"line":68,"column":1}},"10":{"start":{"line":38,"column":2},"end":{"line":67,"column":3}},"11":{"start":{"line":39,"column":19},"end":{"line":39,"column":30}},"12":{"start":{"line":40,"column":50},"end":{"line":40,"column":58}},"13":{"start":{"line":43,"column":4},"end":{"line":47,"column":5}},"14":{"start":{"line":44,"column":6},"end":{"line":46,"column":9}},"15":{"start":{"line":49,"column":28},"end":{"line":54,"column":6}},"16":{"start":{"line":56,"column":4},"end":{"line":58,"column":5}},"17":{"start":{"line":57,"column":6},"end":{"line":57,"column":72}},"18":{"start":{"line":60,"column":4},"end":{"line":62,"column":7}},"19":{"start":{"line":65,"column":4},"end":{"line":65,"column":53}},"20":{"start":{"line":66,"column":4},"end":{"line":66,"column":84}},"21":{"start":{"line":74,"column":34},"end":{"line":118,"column":1}},"22":{"start":{"line":75,"column":2},"end":{"line":117,"column":3}},"23":{"start":{"line":77,"column":19},"end":{"line":77,"column":30}},"24":{"start":{"line":78,"column":4},"end":{"line":78,"column":50}},"25":{"start":{"line":81,"column":20},"end":{"line":86,"column":5}},"26":{"start":{"line":88,"column":4},"end":{"line":90,"column":5}},"27":{"start":{"line":89,"column":6},"end":{"line":89,"column":72}},"28":{"start":{"line":92,"column":23},"end":{"line":92,"column":41}},"29":{"start":{"line":93,"column":4},"end":{"line":93,"column":52}},"30":{"start":{"line":96,"column":20},"end":{"line":107,"column":5}},"31":{"start":{"line":109,"column":20},"end":{"line":109,"column":43}},"32":{"start":{"line":110,"column":4},"end":{"line":110,"column":45}},"33":{"start":{"line":113,"column":4},"end":{"line":113,"column":55}},"34":{"start":{"line":114,"column":4},"end":{"line":116,"column":75}},"35":{"start":{"line":121,"column":38},"end":{"line":139,"column":1}},"36":{"start":{"line":122,"column":2},"end":{"line":138,"column":3}},"37":{"start":{"line":123,"column":19},"end":{"line":123,"column":30}},"38":{"start":{"line":124,"column":23},"end":{"line":124,"column":58}},"39":{"start":{"line":126,"column":4},"end":{"line":128,"column":5}},"40":{"start":{"line":127,"column":6},"end":{"line":127,"column":72}},"41":{"start":{"line":130,"column":22},"end":{"line":130,"column":60}},"42":{"start":{"line":131,"column":4},"end":{"line":131,"column":47}},"43":{"start":{"line":134,"column":4},"end":{"line":134,"column":59}},"44":{"start":{"line":135,"column":4},"end":{"line":137,"column":7}},"45":{"start":{"line":144,"column":29},"end":{"line":178,"column":1}},"46":{"start":{"line":145,"column":2},"end":{"line":177,"column":3}},"47":{"start":{"line":146,"column":19},"end":{"line":146,"column":30}},"48":{"start":{"line":147,"column":62},"end":{"line":147,"column":70}},"49":{"start":{"line":150,"column":4},"end":{"line":154,"column":5}},"50":{"start":{"line":151,"column":6},"end":{"line":153,"column":9}},"51":{"start":{"line":156,"column":23},"end":{"line":156,"column":58}},"52":{"start":{"line":157,"column":4},"end":{"line":159,"column":5}},"53":{"start":{"line":158,"column":6},"end":{"line":158,"column":72}},"54":{"start":{"line":161,"column":23},"end":{"line":167,"column":6}},"55":{"start":{"line":169,"column":4},"end":{"line":172,"column":7}},"56":{"start":{"line":175,"column":4},"end":{"line":175,"column":52}},"57":{"start":{"line":176,"column":4},"end":{"line":176,"column":81}},"58":{"start":{"line":182,"column":29},"end":{"line":229,"column":1}},"59":{"start":{"line":183,"column":2},"end":{"line":228,"column":3}},"60":{"start":{"line":184,"column":19},"end":{"line":184,"column":30}},"61":{"start":{"line":185,"column":26},"end":{"line":185,"column":36}},"62":{"start":{"line":186,"column":62},"end":{"line":186,"column":70}},"63":{"start":{"line":189,"column":4},"end":{"line":193,"column":5}},"64":{"start":{"line":190,"column":6},"end":{"line":192,"column":9}},"65":{"start":{"line":195,"column":23},"end":{"line":195,"column":58}},"66":{"start":{"line":196,"column":4},"end":{"line":198,"column":5}},"67":{"start":{"line":197,"column":6},"end":{"line":197,"column":72}},"68":{"start":{"line":201,"column":24},"end":{"line":201,"column":75}},"69":{"start":{"line":202,"column":4},"end":{"line":206,"column":5}},"70":{"start":{"line":203,"column":6},"end":{"line":205,"column":9}},"71":{"start":{"line":208,"column":27},"end":{"line":214,"column":6}},"72":{"start":{"line":216,"column":4},"end":{"line":218,"column":5}},"73":{"start":{"line":217,"column":6},"end":{"line":217,"column":74}},"74":{"start":{"line":220,"column":4},"end":{"line":223,"column":7}},"75":{"start":{"line":226,"column":4},"end":{"line":226,"column":52}},"76":{"start":{"line":227,"column":4},"end":{"line":227,"column":86}},"77":{"start":{"line":233,"column":29},"end":{"line":265,"column":1}},"78":{"start":{"line":234,"column":2},"end":{"line":264,"column":3}},"79":{"start":{"line":235,"column":19},"end":{"line":235,"column":30}},"80":{"start":{"line":236,"column":26},"end":{"line":236,"column":36}},"81":{"start":{"line":238,"column":23},"end":{"line":238,"column":58}},"82":{"start":{"line":239,"column":4},"end":{"line":241,"column":5}},"83":{"start":{"line":240,"column":6},"end":{"line":240,"column":72}},"84":{"start":{"line":244,"column":24},"end":{"line":244,"column":75}},"85":{"start":{"line":245,"column":4},"end":{"line":249,"column":5}},"86":{"start":{"line":246,"column":6},"end":{"line":248,"column":9}},"87":{"start":{"line":251,"column":27},"end":{"line":251,"column":77}},"88":{"start":{"line":253,"column":4},"end":{"line":255,"column":5}},"89":{"start":{"line":254,"column":6},"end":{"line":254,"column":74}},"90":{"start":{"line":257,"column":4},"end":{"line":259,"column":7}},"91":{"start":{"line":262,"column":4},"end":{"line":262,"column":52}},"92":{"start":{"line":263,"column":4},"end":{"line":263,"column":84}}},"fnMap":{"0":{"name":"(anonymous_0)","decl":{"start":{"line":5,"column":27},"end":{"line":5,"column":28}},"loc":{"start":{"line":5,"column":47},"end":{"line":34,"column":1}},"line":5},"1":{"name":"(anonymous_1)","decl":{"start":{"line":37,"column":30},"end":{"line":37,"column":31}},"loc":{"start":{"line":37,"column":50},"end":{"line":68,"column":1}},"line":37},"2":{"name":"(anonymous_2)","decl":{"start":{"line":74,"column":34},"end":{"line":74,"column":35}},"loc":{"start":{"line":74,"column":54},"end":{"line":118,"column":1}},"line":74},"3":{"name":"(anonymous_3)","decl":{"start":{"line":121,"column":38},"end":{"line":121,"column":39}},"loc":{"start":{"line":121,"column":58},"end":{"line":139,"column":1}},"line":121},"4":{"name":"(anonymous_4)","decl":{"start":{"line":144,"column":29},"end":{"line":144,"column":30}},"loc":{"start":{"line":144,"column":49},"end":{"line":178,"column":1}},"line":144},"5":{"name":"(anonymous_5)","decl":{"start":{"line":182,"column":29},"end":{"line":182,"column":30}},"loc":{"start":{"line":182,"column":49},"end":{"line":229,"column":1}},"line":182},"6":{"name":"(anonymous_6)","decl":{"start":{"line":233,"column":29},"end":{"line":233,"column":30}},"loc":{"start":{"line":233,"column":49},"end":{"line":265,"column":1}},"line":233}},"branchMap":{"0":{"loc":{"start":{"line":25,"column":4},"end":{"line":27,"column":5}},"type":"if","locations":[{"start":{"line":25,"column":4},"end":{"line":27,"column":5}},{"start":{},"end":{}}],"line":25},"1":{"loc":{"start":{"line":43,"column":4},"end":{"line":47,"column":5}},"type":"if","locations":[{"start":{"line":43,"column":4},"end":{"line":47,"column":5}},{"start":{},"end":{}}],"line":43},"2":{"loc":{"start":{"line":43,"column":8},"end":{"line":43,"column":51}},"type":"binary-expr","locations":[{"start":{"line":43,"column":8},"end":{"line":43,"column":12}},{"start":{"line":43,"column":16},"end":{"line":43,"column":27}},{"start":{"line":43,"column":31},"end":{"line":43,"column":41}},{"start":{"line":43,"column":45},"end":{"line":43,"column":51}}],"line":43},"3":{"loc":{"start":{"line":56,"column":4},"end":{"line":58,"column":5}},"type":"if","locations":[{"start":{"line":56,"column":4},"end":{"line":58,"column":5}},{"start":{},"end":{}}],"line":56},"4":{"loc":{"start":{"line":88,"column":4},"end":{"line":90,"column":5}},"type":"if","locations":[{"start":{"line":88,"column":4},"end":{"line":90,"column":5}},{"start":{},"end":{}}],"line":88},"5":{"loc":{"start":{"line":109,"column":20},"end":{"line":109,"column":43}},"type":"binary-expr","locations":[{"start":{"line":109,"column":20},"end":{"line":109,"column":35}},{"start":{"line":109,"column":39},"end":{"line":109,"column":43}}],"line":109},"6":{"loc":{"start":{"line":126,"column":4},"end":{"line":128,"column":5}},"type":"if","locations":[{"start":{"line":126,"column":4},"end":{"line":128,"column":5}},{"start":{},"end":{}}],"line":126},"7":{"loc":{"start":{"line":150,"column":4},"end":{"line":154,"column":5}},"type":"if","locations":[{"start":{"line":150,"column":4},"end":{"line":154,"column":5}},{"start":{},"end":{}}],"line":150},"8":{"loc":{"start":{"line":150,"column":8},"end":{"line":150,"column":41}},"type":"binary-expr","locations":[{"start":{"line":150,"column":8},"end":{"line":150,"column":16}},{"start":{"line":150,"column":20},"end":{"line":150,"column":28}},{"start":{"line":150,"column":32},"end":{"line":150,"column":41}}],"line":150},"9":{"loc":{"start":{"line":157,"column":4},"end":{"line":159,"column":5}},"type":"if","locations":[{"start":{"line":157,"column":4},"end":{"line":159,"column":5}},{"start":{},"end":{}}],"line":157},"10":{"loc":{"start":{"line":189,"column":4},"end":{"line":193,"column":5}},"type":"if","locations":[{"start":{"line":189,"column":4},"end":{"line":193,"column":5}},{"start":{},"end":{}}],"line":189},"11":{"loc":{"start":{"line":189,"column":8},"end":{"line":189,"column":66}},"type":"binary-expr","locations":[{"start":{"line":189,"column":8},"end":{"line":189,"column":16}},{"start":{"line":189,"column":20},"end":{"line":189,"column":30}},{"start":{"line":189,"column":34},"end":{"line":189,"column":41}},{"start":{"line":189,"column":45},"end":{"line":189,"column":53}},{"start":{"line":189,"column":57},"end":{"line":189,"column":66}}],"line":189},"12":{"loc":{"start":{"line":196,"column":4},"end":{"line":198,"column":5}},"type":"if","locations":[{"start":{"line":196,"column":4},"end":{"line":198,"column":5}},{"start":{},"end":{}}],"line":196},"13":{"loc":{"start":{"line":202,"column":4},"end":{"line":206,"column":5}},"type":"if","locations":[{"start":{"line":202,"column":4},"end":{"line":206,"column":5}},{"start":{},"end":{}}],"line":202},"14":{"loc":{"start":{"line":216,"column":4},"end":{"line":218,"column":5}},"type":"if","locations":[{"start":{"line":216,"column":4},"end":{"line":218,"column":5}},{"start":{},"end":{}}],"line":216},"15":{"loc":{"start":{"line":239,"column":4},"end":{"line":241,"column":5}},"type":"if","locations":[{"start":{"line":239,"column":4},"end":{"line":241,"column":5}},{"start":{},"end":{}}],"line":239},"16":{"loc":{"start":{"line":245,"column":4},"end":{"line":249,"column":5}},"type":"if","locations":[{"start":{"line":245,"column":4},"end":{"line":249,"column":5}},{"start":{},"end":{}}],"line":245},"17":{"loc":{"start":{"line":253,"column":4},"end":{"line":255,"column":5}},"type":"if","locations":[{"start":{"line":253,"column":4},"end":{"line":255,"column":5}},{"start":{},"end":{}}],"line":253}},"s":{"0":1,"1":3,"2":3,"3":3,"4":2,"5":1,"6":1,"7":1,"8":1,"9":1,"10":4,"11":4,"12":4,"13":4,"14":1,"15":3,"16":2,"17":1,"18":1,"19":1,"20":1,"21":1,"22":4,"23":4,"24":4,"25":4,"26":3,"27":1,"28":2,"29":2,"30":2,"31":2,"32":2,"33":1,"34":1,"35":1,"36":3,"37":3,"38":3,"39":2,"40":1,"41":1,"42":1,"43":1,"44":1,"45":1,"46":4,"47":4,"48":4,"49":4,"50":1,"51":3,"52":2,"53":1,"54":1,"55":1,"56":1,"57":1,"58":1,"59":6,"60":6,"61":6,"62":6,"63":6,"64":1,"65":5,"66":4,"67":1,"68":3,"69":3,"70":1,"71":2,"72":2,"73":1,"74":1,"75":1,"76":1,"77":1,"78":5,"79":5,"80":5,"81":5,"82":4,"83":1,"84":3,"85":3,"86":1,"87":2,"88":2,"89":1,"90":1,"91":1,"92":1},"f":{"0":3,"1":4,"2":4,"3":3,"4":4,"5":6,"6":5},"b":{"0":[1,1],"1":[1,3],"2":[4,3,1,1],"3":[1,1],"4":[1,2],"5":[2,1],"6":[1,1],"7":[1,3],"8":[4,4,3],"9":[1,1],"10":[1,5],"11":[6,1,1,1,1],"12":[1,3],"13":[1,2],"14":[1,1],"15":[1,3],"16":[1,2],"17":[1,1]},"_coverageSchema":"1a1c01bbd47fc00a2c39e90264f33305004495a9","hash":"3f433510a2a88c2bb54c6f53311972ec706821cc"}
,"C:\\Users\\Omen\\OneDrive - usach.cl\\PINGESO\\zonadeportiva\\backend-zonadeportiva\\src\\models\\category.js": {"path":"C:\\Users\\Omen\\OneDrive - usach.cl\\PINGESO\\zonadeportiva\\backend-zonadeportiva\\src\\models\\category.js","statementMap":{"0":{"start":{"line":8,"column":4},"end":{"line":8,"column":17}},"1":{"start":{"line":9,"column":4},"end":{"line":9,"column":21}},"2":{"start":{"line":10,"column":4},"end":{"line":10,"column":21}},"3":{"start":{"line":11,"column":4},"end":{"line":11,"column":31}}},"fnMap":{"0":{"name":"(anonymous_0)","decl":{"start":{"line":2,"column":2},"end":{"line":2,"column":3}},"loc":{"start":{"line":7,"column":5},"end":{"line":12,"column":3}},"line":7}},"branchMap":{},"s":{"0":2,"1":2,"2":2,"3":2},"f":{"0":2},"b":{},"_coverageSchema":"1a1c01bbd47fc00a2c39e90264f33305004495a9","hash":"52ff59ec17425f0510cc6493ab484a1bb172f02a"}
,"C:\\Users\\Omen\\OneDrive - usach.cl\\PINGESO\\zonadeportiva\\backend-zonadeportiva\\src\\models\\city.js": {"path":"C:\\Users\\Omen\\OneDrive - usach.cl\\PINGESO\\zonadeportiva\\backend-zonadeportiva\\src\\models\\city.js","statementMap":{"0":{"start":{"line":3,"column":4},"end":{"line":3,"column":17}},"1":{"start":{"line":4,"column":4},"end":{"line":4,"column":21}},"2":{"start":{"line":5,"column":4},"end":{"line":5,"column":29}}},"fnMap":{"0":{"name":"(anonymous_0)","decl":{"start":{"line":2,"column":2},"end":{"line":2,"column":3}},"loc":{"start":{"line":2,"column":38},"end":{"line":6,"column":3}},"line":2}},"branchMap":{},"s":{"0":7,"1":7,"2":7},"f":{"0":7},"b":{},"_coverageSchema":"1a1c01bbd47fc00a2c39e90264f33305004495a9","hash":"167e3614bfd9c4b364ff3c720dafd889aac06bb7"}
,"C:\\Users\\Omen\\OneDrive - usach.cl\\PINGESO\\zonadeportiva\\backend-zonadeportiva\\src\\models\\customer.js": {"path":"C:\\Users\\Omen\\OneDrive - usach.cl\\PINGESO\\zonadeportiva\\backend-zonadeportiva\\src\\models\\customer.js","statementMap":{"0":{"start":{"line":3,"column":4},"end":{"line":3,"column":17}},"1":{"start":{"line":4,"column":4},"end":{"line":4,"column":27}},"2":{"start":{"line":5,"column":4},"end":{"line":5,"column":19}},"3":{"start":{"line":6,"column":4},"end":{"line":6,"column":33}},"4":{"start":{"line":7,"column":4},"end":{"line":7,"column":31}},"5":{"start":{"line":8,"column":4},"end":{"line":8,"column":23}}},"fnMap":{"0":{"name":"(anonymous_0)","decl":{"start":{"line":2,"column":2},"end":{"line":2,"column":3}},"loc":{"start":{"line":2,"column":66},"end":{"line":9,"column":3}},"line":2}},"branchMap":{},"s":{"0":7,"1":7,"2":7,"3":7,"4":7,"5":7},"f":{"0":7},"b":{},"_coverageSchema":"1a1c01bbd47fc00a2c39e90264f33305004495a9","hash":"b9eaaff8e7dff84f8a24acc22e5dc280bccd4195"}
,"C:\\Users\\Omen\\OneDrive - usach.cl\\PINGESO\\zonadeportiva\\backend-zonadeportiva\\src\\models\\paymentProvider.js": {"path":"C:\\Users\\Omen\\OneDrive - usach.cl\\PINGESO\\zonadeportiva\\backend-zonadeportiva\\src\\models\\paymentProvider.js","statementMap":{"0":{"start":{"line":3,"column":4},"end":{"line":3,"column":17}},"1":{"start":{"line":4,"column":4},"end":{"line":4,"column":21}}},"fnMap":{"0":{"name":"(anonymous_0)","decl":{"start":{"line":2,"column":2},"end":{"line":2,"column":3}},"loc":{"start":{"line":2,"column":27},"end":{"line":5,"column":3}},"line":2}},"branchMap":{},"s":{"0":10,"1":10},"f":{"0":10},"b":{},"_coverageSchema":"1a1c01bbd47fc00a2c39e90264f33305004495a9","hash":"74fe27767402d3c9c75aac23012657269b91dc69"}
,"C:\\Users\\Omen\\OneDrive - usach.cl\\PINGESO\\zonadeportiva\\backend-zonadeportiva\\src\\models\\product.js": {"path":"C:\\Users\\Omen\\OneDrive - usach.cl\\PINGESO\\zonadeportiva\\backend-zonadeportiva\\src\\models\\product.js","statementMap":{"0":{"start":{"line":19,"column":4},"end":{"line":19,"column":17}},"1":{"start":{"line":20,"column":4},"end":{"line":20,"column":31}},"2":{"start":{"line":21,"column":4},"end":{"line":21,"column":23}},"3":{"start":{"line":22,"column":4},"end":{"line":22,"column":35}},"4":{"start":{"line":23,"column":4},"end":{"line":23,"column":33}},"5":{"start":{"line":24,"column":4},"end":{"line":24,"column":25}},"6":{"start":{"line":25,"column":4},"end":{"line":25,"column":33}},"7":{"start":{"line":26,"column":4},"end":{"line":26,"column":33}},"8":{"start":{"line":27,"column":4},"end":{"line":27,"column":25}},"9":{"start":{"line":28,"column":4},"end":{"line":28,"column":23}},"10":{"start":{"line":29,"column":4},"end":{"line":29,"column":25}},"11":{"start":{"line":30,"column":4},"end":{"line":30,"column":25}},"12":{"start":{"line":31,"column":4},"end":{"line":31,"column":29}},"13":{"start":{"line":32,"column":4},"end":{"line":32,"column":21}},"14":{"start":{"line":33,"column":4},"end":{"line":33,"column":37}}},"fnMap":{"0":{"name":"(anonymous_0)","decl":{"start":{"line":2,"column":2},"end":{"line":2,"column":3}},"loc":{"start":{"line":18,"column":5},"end":{"line":34,"column":3}},"line":18}},"branchMap":{},"s":{"0":5,"1":5,"2":5,"3":5,"4":5,"5":5,"6":5,"7":5,"8":5,"9":5,"10":5,"11":5,"12":5,"13":5,"14":5},"f":{"0":5},"b":{},"_coverageSchema":"1a1c01bbd47fc00a2c39e90264f33305004495a9","hash":"e0f6daa60b8665b3f4dc656dd499bfbea013ef02"}
,"C:\\Users\\Omen\\OneDrive - usach.cl\\PINGESO\\zonadeportiva\\backend-zonadeportiva\\src\\models\\shippingMethod.js": {"path":"C:\\Users\\Omen\\OneDrive - usach.cl\\PINGESO\\zonadeportiva\\backend-zonadeportiva\\src\\models\\shippingMethod.js","statementMap":{"0":{"start":{"line":3,"column":8},"end":{"line":3,"column":21}},"1":{"start":{"line":4,"column":8},"end":{"line":4,"column":25}},"2":{"start":{"line":5,"column":8},"end":{"line":5,"column":39}},"3":{"start":{"line":6,"column":8},"end":{"line":6,"column":31}},"4":{"start":{"line":7,"column":8},"end":{"line":7,"column":25}}},"fnMap":{"0":{"name":"(anonymous_0)","decl":{"start":{"line":2,"column":4},"end":{"line":2,"column":5}},"loc":{"start":{"line":2,"column":58},"end":{"line":8,"column":7}},"line":2}},"branchMap":{},"s":{"0":10,"1":10,"2":10,"3":10,"4":10},"f":{"0":10},"b":{},"_coverageSchema":"1a1c01bbd47fc00a2c39e90264f33305004495a9","hash":"ecb997a6850c66d05ffd85d07295c219ee05d571"}
,"C:\\Users\\Omen\\OneDrive - usach.cl\\PINGESO\\zonadeportiva\\backend-zonadeportiva\\src\\models\\state.js": {"path":"C:\\Users\\Omen\\OneDrive - usach.cl\\PINGESO\\zonadeportiva\\backend-zonadeportiva\\src\\models\\state.js","statementMap":{"0":{"start":{"line":3,"column":8},"end":{"line":3,"column":21}},"1":{"start":{"line":4,"column":8},"end":{"line":4,"column":25}},"2":{"start":{"line":5,"column":8},"end":{"line":5,"column":37}}},"fnMap":{"0":{"name":"(anonymous_0)","decl":{"start":{"line":2,"column":4},"end":{"line":2,"column":5}},"loc":{"start":{"line":2,"column":42},"end":{"line":6,"column":7}},"line":2}},"branchMap":{},"s":{"0":10,"1":10,"2":10},"f":{"0":10},"b":{},"_coverageSchema":"1a1c01bbd47fc00a2c39e90264f33305004495a9","hash":"7948ecad513eeb396f4b3f53b39574932dc36b9b"}
,"C:\\Users\\Omen\\OneDrive - usach.cl\\PINGESO\\zonadeportiva\\backend-zonadeportiva\\src\\models\\user.js": {"path":"C:\\Users\\Omen\\OneDrive - usach.cl\\PINGESO\\zonadeportiva\\backend-zonadeportiva\\src\\models\\user.js","statementMap":{"0":{"start":{"line":3,"column":4},"end":{"line":3,"column":17}},"1":{"start":{"line":4,"column":4},"end":{"line":4,"column":23}},"2":{"start":{"line":5,"column":4},"end":{"line":5,"column":39}},"3":{"start":{"line":6,"column":4},"end":{"line":6,"column":21}}},"fnMap":{"0":{"name":"(anonymous_0)","decl":{"start":{"line":2,"column":2},"end":{"line":2,"column":3}},"loc":{"start":{"line":2,"column":50},"end":{"line":7,"column":3}},"line":2}},"branchMap":{},"s":{"0":18,"1":18,"2":18,"3":18},"f":{"0":18},"b":{},"_coverageSchema":"1a1c01bbd47fc00a2c39e90264f33305004495a9","hash":"4b717237f625545130d7e7605335cc2bc477be78"}
,"C:\\Users\\Omen\\OneDrive - usach.cl\\PINGESO\\zonadeportiva\\backend-zonadeportiva\\src\\services\\bsale.service.js": {"path":"C:\\Users\\Omen\\OneDrive - usach.cl\\PINGESO\\zonadeportiva\\backend-zonadeportiva\\src\\services\\bsale.service.js","statementMap":{"0":{"start":{"line":5,"column":0},"end":{"line":5,"column":16}},"1":{"start":{"line":8,"column":20},"end":{"line":8,"column":43}},"2":{"start":{"line":12,"column":33},"end":{"line":29,"column":1}},"3":{"start":{"line":13,"column":2},"end":{"line":28,"column":3}},"4":{"start":{"line":14,"column":21},"end":{"line":18,"column":6}},"5":{"start":{"line":20,"column":22},"end":{"line":20,"column":47}},"6":{"start":{"line":21,"column":4},"end":{"line":21,"column":55}},"7":{"start":{"line":23,"column":4},"end":{"line":23,"column":21}},"8":{"start":{"line":26,"column":4},"end":{"line":26,"column":66}},"9":{"start":{"line":27,"column":4},"end":{"line":27,"column":54}},"10":{"start":{"line":40,"column":29},"end":{"line":93,"column":1}},"11":{"start":{"line":41,"column":2},"end":{"line":92,"column":3}},"12":{"start":{"line":42,"column":21},"end":{"line":42,"column":22}},"13":{"start":{"line":43,"column":17},"end":{"line":43,"column":34}},"14":{"start":{"line":45,"column":4},"end":{"line":45,"column":55}},"15":{"start":{"line":46,"column":22},"end":{"line":46,"column":51}},"16":{"start":{"line":48,"column":4},"end":{"line":50,"column":5}},"17":{"start":{"line":49,"column":6},"end":{"line":49,"column":72}},"18":{"start":{"line":52,"column":20},"end":{"line":61,"column":5}},"19":{"start":{"line":63,"column":4},"end":{"line":63,"column":85}},"20":{"start":{"line":65,"column":21},"end":{"line":74,"column":5}},"21":{"start":{"line":76,"column":4},"end":{"line":76,"column":25}},"22":{"start":{"line":79,"column":4},"end":{"line":88,"column":5}},"23":{"start":{"line":80,"column":6},"end":{"line":83,"column":9}},"24":{"start":{"line":84,"column":11},"end":{"line":88,"column":5}},"25":{"start":{"line":85,"column":6},"end":{"line":85,"column":66}},"26":{"start":{"line":87,"column":6},"end":{"line":87,"column":71}},"27":{"start":{"line":91,"column":4},"end":{"line":91,"column":105}},"28":{"start":{"line":117,"column":36},"end":{"line":255,"column":1}},"29":{"start":{"line":118,"column":2},"end":{"line":254,"column":5}},"30":{"start":{"line":119,"column":16},"end":{"line":119,"column":33}},"31":{"start":{"line":120,"column":20},"end":{"line":120,"column":22}},"32":{"start":{"line":122,"column":4},"end":{"line":122,"column":47}},"33":{"start":{"line":124,"column":4},"end":{"line":166,"column":7}},"34":{"start":{"line":125,"column":24},"end":{"line":125,"column":46}},"35":{"start":{"line":127,"column":27},"end":{"line":133,"column":16}},"36":{"start":{"line":128,"column":8},"end":{"line":132,"column":14}},"37":{"start":{"line":135,"column":6},"end":{"line":165,"column":7}},"38":{"start":{"line":136,"column":29},"end":{"line":136,"column":47}},"39":{"start":{"line":137,"column":21},"end":{"line":145,"column":10}},"40":{"start":{"line":147,"column":8},"end":{"line":158,"column":10}},"41":{"start":{"line":160,"column":8},"end":{"line":160,"column":18}},"42":{"start":{"line":162,"column":8},"end":{"line":162,"column":22}},"43":{"start":{"line":164,"column":8},"end":{"line":164,"column":33}},"44":{"start":{"line":170,"column":19},"end":{"line":170,"column":21}},"45":{"start":{"line":171,"column":22},"end":{"line":171,"column":36}},"46":{"start":{"line":172,"column":22},"end":{"line":172,"column":24}},"47":{"start":{"line":173,"column":21},"end":{"line":173,"column":23}},"48":{"start":{"line":174,"column":21},"end":{"line":174,"column":24}},"49":{"start":{"line":175,"column":22},"end":{"line":175,"column":24}},"50":{"start":{"line":178,"column":4},"end":{"line":178,"column":87}},"51":{"start":{"line":181,"column":21},"end":{"line":181,"column":44}},"52":{"start":{"line":182,"column":4},"end":{"line":182,"column":91}},"53":{"start":{"line":183,"column":4},"end":{"line":183,"column":92}},"54":{"start":{"line":184,"column":4},"end":{"line":184,"column":71}},"55":{"start":{"line":187,"column":17},"end":{"line":187,"column":46}},"56":{"start":{"line":188,"column":17},"end":{"line":188,"column":25}},"57":{"start":{"line":189,"column":4},"end":{"line":189,"column":55}},"58":{"start":{"line":191,"column":4},"end":{"line":191,"column":25}},"59":{"start":{"line":192,"column":4},"end":{"line":192,"column":94}},"60":{"start":{"line":193,"column":4},"end":{"line":193,"column":59}},"61":{"start":{"line":194,"column":4},"end":{"line":194,"column":54}},"62":{"start":{"line":195,"column":4},"end":{"line":195,"column":27}},"63":{"start":{"line":199,"column":21},"end":{"line":199,"column":23}},"64":{"start":{"line":200,"column":21},"end":{"line":200,"column":46}},"65":{"start":{"line":202,"column":4},"end":{"line":202,"column":44}},"66":{"start":{"line":203,"column":4},"end":{"line":203,"column":63}},"67":{"start":{"line":204,"column":4},"end":{"line":204,"column":54}},"68":{"start":{"line":205,"column":4},"end":{"line":205,"column":77}},"69":{"start":{"line":206,"column":4},"end":{"line":206,"column":58}},"70":{"start":{"line":207,"column":4},"end":{"line":207,"column":22}},"71":{"start":{"line":211,"column":4},"end":{"line":211,"column":89}},"72":{"start":{"line":212,"column":4},"end":{"line":212,"column":22}},"73":{"start":{"line":215,"column":21},"end":{"line":215,"column":26}},"74":{"start":{"line":216,"column":4},"end":{"line":216,"column":21}},"75":{"start":{"line":217,"column":4},"end":{"line":217,"column":45}},"76":{"start":{"line":218,"column":4},"end":{"line":218,"column":51}},"77":{"start":{"line":219,"column":4},"end":{"line":219,"column":54}},"78":{"start":{"line":220,"column":4},"end":{"line":220,"column":48}},"79":{"start":{"line":223,"column":4},"end":{"line":225,"column":5}},"80":{"start":{"line":224,"column":6},"end":{"line":224,"column":83}},"81":{"start":{"line":227,"column":12},"end":{"line":227,"column":22}},"82":{"start":{"line":230,"column":4},"end":{"line":237,"column":7}},"83":{"start":{"line":231,"column":24},"end":{"line":231,"column":45}},"84":{"start":{"line":232,"column":6},"end":{"line":232,"column":38}},"85":{"start":{"line":233,"column":6},"end":{"line":233,"column":57}},"86":{"start":{"line":234,"column":6},"end":{"line":234,"column":74}},"87":{"start":{"line":235,"column":6},"end":{"line":235,"column":75}},"88":{"start":{"line":236,"column":6},"end":{"line":236,"column":14}},"89":{"start":{"line":241,"column":4},"end":{"line":241,"column":20}},"90":{"start":{"line":242,"column":4},"end":{"line":242,"column":66}},"91":{"start":{"line":243,"column":4},"end":{"line":243,"column":86}},"92":{"start":{"line":244,"column":4},"end":{"line":244,"column":63}},"93":{"start":{"line":245,"column":4},"end":{"line":245,"column":83}},"94":{"start":{"line":246,"column":4},"end":{"line":246,"column":26}},"95":{"start":{"line":250,"column":4},"end":{"line":250,"column":20}},"96":{"start":{"line":251,"column":4},"end":{"line":251,"column":77}},"97":{"start":{"line":253,"column":4},"end":{"line":253,"column":14}}},"fnMap":{"0":{"name":"(anonymous_0)","decl":{"start":{"line":12,"column":33},"end":{"line":12,"column":34}},"loc":{"start":{"line":12,"column":48},"end":{"line":29,"column":1}},"line":12},"1":{"name":"(anonymous_1)","decl":{"start":{"line":40,"column":29},"end":{"line":40,"column":30}},"loc":{"start":{"line":40,"column":55},"end":{"line":93,"column":1}},"line":40},"2":{"name":"(anonymous_2)","decl":{"start":{"line":117,"column":36},"end":{"line":117,"column":37}},"loc":{"start":{"line":117,"column":102},"end":{"line":255,"column":1}},"line":117},"3":{"name":"(anonymous_3)","decl":{"start":{"line":118,"column":21},"end":{"line":118,"column":22}},"loc":{"start":{"line":118,"column":42},"end":{"line":254,"column":3}},"line":118},"4":{"name":"(anonymous_4)","decl":{"start":{"line":124,"column":18},"end":{"line":124,"column":19}},"loc":{"start":{"line":124,"column":30},"end":{"line":166,"column":5}},"line":124},"5":{"name":"(anonymous_5)","decl":{"start":{"line":127,"column":41},"end":{"line":127,"column":42}},"loc":{"start":{"line":128,"column":8},"end":{"line":132,"column":14}},"line":128},"6":{"name":"(anonymous_6)","decl":{"start":{"line":230,"column":22},"end":{"line":230,"column":23}},"loc":{"start":{"line":230,"column":27},"end":{"line":237,"column":5}},"line":230}},"branchMap":{"0":{"loc":{"start":{"line":48,"column":4},"end":{"line":50,"column":5}},"type":"if","locations":[{"start":{"line":48,"column":4},"end":{"line":50,"column":5}},{"start":{},"end":{}}],"line":48},"1":{"loc":{"start":{"line":79,"column":4},"end":{"line":88,"column":5}},"type":"if","locations":[{"start":{"line":79,"column":4},"end":{"line":88,"column":5}},{"start":{"line":84,"column":11},"end":{"line":88,"column":5}}],"line":79},"2":{"loc":{"start":{"line":84,"column":11},"end":{"line":88,"column":5}},"type":"if","locations":[{"start":{"line":84,"column":11},"end":{"line":88,"column":5}},{"start":{"line":86,"column":11},"end":{"line":88,"column":5}}],"line":84},"3":{"loc":{"start":{"line":91,"column":56},"end":{"line":91,"column":102}},"type":"binary-expr","locations":[{"start":{"line":91,"column":56},"end":{"line":91,"column":85}},{"start":{"line":91,"column":89},"end":{"line":91,"column":102}}],"line":91},"4":{"loc":{"start":{"line":131,"column":18},"end":{"line":131,"column":31}},"type":"binary-expr","locations":[{"start":{"line":131,"column":18},"end":{"line":131,"column":26}},{"start":{"line":131,"column":30},"end":{"line":131,"column":31}}],"line":131},"5":{"loc":{"start":{"line":204,"column":21},"end":{"line":204,"column":50}},"type":"binary-expr","locations":[{"start":{"line":204,"column":21},"end":{"line":204,"column":32}},{"start":{"line":204,"column":36},"end":{"line":204,"column":50}}],"line":204},"6":{"loc":{"start":{"line":205,"column":27},"end":{"line":205,"column":73}},"type":"binary-expr","locations":[{"start":{"line":205,"column":27},"end":{"line":205,"column":44}},{"start":{"line":205,"column":48},"end":{"line":205,"column":73}}],"line":205},"7":{"loc":{"start":{"line":223,"column":4},"end":{"line":225,"column":5}},"type":"if","locations":[{"start":{"line":223,"column":4},"end":{"line":225,"column":5}},{"start":{},"end":{}}],"line":223},"8":{"loc":{"start":{"line":234,"column":20},"end":{"line":234,"column":33}},"type":"binary-expr","locations":[{"start":{"line":234,"column":20},"end":{"line":234,"column":28}},{"start":{"line":234,"column":32},"end":{"line":234,"column":33}}],"line":234},"9":{"loc":{"start":{"line":235,"column":20},"end":{"line":235,"column":34}},"type":"binary-expr","locations":[{"start":{"line":235,"column":20},"end":{"line":235,"column":29}},{"start":{"line":235,"column":33},"end":{"line":235,"column":34}}],"line":235}},"s":{"0":1,"1":1,"2":1,"3":8,"4":8,"5":7,"6":4,"7":4,"8":4,"9":4,"10":1,"11":4,"12":4,"13":4,"14":4,"15":4,"16":3,"17":0,"18":3,"19":3,"20":3,"21":1,"22":3,"23":1,"24":2,"25":1,"26":1,"27":3,"28":1,"29":4,"30":4,"31":4,"32":4,"33":4,"34":4,"35":4,"36":6,"37":4,"38":4,"39":4,"40":3,"41":2,"42":2,"43":4,"44":4,"45":4,"46":4,"47":4,"48":4,"49":4,"50":4,"51":4,"52":4,"53":4,"54":4,"55":4,"56":4,"57":4,"58":4,"59":4,"60":4,"61":4,"62":4,"63":4,"64":4,"65":4,"66":4,"67":4,"68":4,"69":4,"70":4,"71":4,"72":4,"73":4,"74":4,"75":4,"76":4,"77":4,"78":4,"79":4,"80":4,"81":4,"82":4,"83":6,"84":6,"85":6,"86":6,"87":6,"88":6,"89":4,"90":4,"91":4,"92":4,"93":4,"94":4,"95":4,"96":4,"97":4},"f":{"0":8,"1":4,"2":4,"3":4,"4":4,"5":6,"6":6},"b":{"0":[0,3],"1":[1,2],"2":[1,1],"3":[3,2],"4":[6,0],"5":[4,4],"6":[4,4],"7":[4,0],"8":[6,0],"9":[6,0]},"_coverageSchema":"1a1c01bbd47fc00a2c39e90264f33305004495a9","hash":"953993125f81eb38e5c431d00c630b9ad9e0b701"}
,"C:\\Users\\Omen\\OneDrive - usach.cl\\PINGESO\\zonadeportiva\\backend-zonadeportiva\\src\\services\\cart.service.js": {"path":"C:\\Users\\Omen\\OneDrive - usach.cl\\PINGESO\\zonadeportiva\\backend-zonadeportiva\\src\\services\\cart.service.js","statementMap":{"0":{"start":{"line":3,"column":19},"end":{"line":25,"column":1}},"1":{"start":{"line":4,"column":4},"end":{"line":24,"column":5}},"2":{"start":{"line":5,"column":28},"end":{"line":5,"column":64}},"3":{"start":{"line":7,"column":23},"end":{"line":7,"column":100}},"4":{"start":{"line":8,"column":8},"end":{"line":10,"column":9}},"5":{"start":{"line":9,"column":12},"end":{"line":9,"column":33}},"6":{"start":{"line":12,"column":26},"end":{"line":15,"column":24}},"7":{"start":{"line":17,"column":27},"end":{"line":17,"column":75}},"8":{"start":{"line":19,"column":8},"end":{"line":19,"column":33}},"9":{"start":{"line":22,"column":8},"end":{"line":22,"column":26}},"10":{"start":{"line":23,"column":8},"end":{"line":23,"column":52}},"11":{"start":{"line":27,"column":16},"end":{"line":52,"column":1}},"12":{"start":{"line":28,"column":4},"end":{"line":51,"column":5}},"13":{"start":{"line":29,"column":28},"end":{"line":29,"column":64}},"14":{"start":{"line":31,"column":26},"end":{"line":31,"column":70}},"15":{"start":{"line":32,"column":27},"end":{"line":32,"column":69}},"16":{"start":{"line":34,"column":8},"end":{"line":36,"column":9}},"17":{"start":{"line":35,"column":12},"end":{"line":35,"column":23}},"18":{"start":{"line":38,"column":21},"end":{"line":38,"column":39}},"19":{"start":{"line":40,"column":31},"end":{"line":40,"column":76}},"20":{"start":{"line":41,"column":32},"end":{"line":41,"column":75}},"21":{"start":{"line":43,"column":8},"end":{"line":46,"column":9}},"22":{"start":{"line":49,"column":8},"end":{"line":49,"column":26}},"23":{"start":{"line":50,"column":8},"end":{"line":50,"column":54}},"24":{"start":{"line":54,"column":17},"end":{"line":80,"column":1}},"25":{"start":{"line":55,"column":4},"end":{"line":79,"column":5}},"26":{"start":{"line":56,"column":8},"end":{"line":56,"column":80}},"27":{"start":{"line":58,"column":8},"end":{"line":64,"column":9}},"28":{"start":{"line":59,"column":70},"end":{"line":59,"column":74}},"29":{"start":{"line":61,"column":26},"end":{"line":62,"column":55}},"30":{"start":{"line":63,"column":12},"end":{"line":63,"column":93}},"31":{"start":{"line":67,"column":30},"end":{"line":67,"column":86}},"32":{"start":{"line":67,"column":63},"end":{"line":67,"column":82}},"33":{"start":{"line":68,"column":27},"end":{"line":68,"column":86}},"34":{"start":{"line":68,"column":60},"end":{"line":68,"column":82}},"35":{"start":{"line":70,"column":8},"end":{"line":73,"column":9}},"36":{"start":{"line":75,"column":8},"end":{"line":75,"column":63}},"37":{"start":{"line":77,"column":8},"end":{"line":77,"column":26}},"38":{"start":{"line":78,"column":8},"end":{"line":78,"column":54}},"39":{"start":{"line":82,"column":23},"end":{"line":92,"column":1}},"40":{"start":{"line":83,"column":4},"end":{"line":91,"column":5}},"41":{"start":{"line":84,"column":28},"end":{"line":84,"column":103}},"42":{"start":{"line":85,"column":29},"end":{"line":85,"column":81}},"43":{"start":{"line":87,"column":8},"end":{"line":87,"column":35}},"44":{"start":{"line":89,"column":8},"end":{"line":89,"column":26}},"45":{"start":{"line":90,"column":8},"end":{"line":90,"column":56}},"46":{"start":{"line":95,"column":19},"end":{"line":111,"column":1}},"47":{"start":{"line":96,"column":4},"end":{"line":110,"column":5}},"48":{"start":{"line":97,"column":29},"end":{"line":97,"column":67}},"49":{"start":{"line":98,"column":30},"end":{"line":98,"column":74}},"50":{"start":{"line":100,"column":37},"end":{"line":100,"column":87}},"51":{"start":{"line":101,"column":38},"end":{"line":101,"column":90}},"52":{"start":{"line":103,"column":8},"end":{"line":106,"column":9}},"53":{"start":{"line":108,"column":8},"end":{"line":108,"column":26}},"54":{"start":{"line":109,"column":8},"end":{"line":109,"column":55}},"55":{"start":{"line":114,"column":30},"end":{"line":128,"column":1}},"56":{"start":{"line":115,"column":4},"end":{"line":127,"column":5}},"57":{"start":{"line":116,"column":22},"end":{"line":116,"column":67}},"58":{"start":{"line":117,"column":23},"end":{"line":117,"column":57}},"59":{"start":{"line":119,"column":8},"end":{"line":121,"column":9}},"60":{"start":{"line":120,"column":12},"end":{"line":120,"column":52}},"61":{"start":{"line":123,"column":8},"end":{"line":123,"column":32}},"62":{"start":{"line":125,"column":8},"end":{"line":125,"column":26}},"63":{"start":{"line":126,"column":8},"end":{"line":126,"column":58}},"64":{"start":{"line":130,"column":20},"end":{"line":130,"column":81}}},"fnMap":{"0":{"name":"(anonymous_0)","decl":{"start":{"line":3,"column":19},"end":{"line":3,"column":20}},"loc":{"start":{"line":3,"column":38},"end":{"line":25,"column":1}},"line":3},"1":{"name":"(anonymous_1)","decl":{"start":{"line":27,"column":16},"end":{"line":27,"column":17}},"loc":{"start":{"line":27,"column":35},"end":{"line":52,"column":1}},"line":27},"2":{"name":"(anonymous_2)","decl":{"start":{"line":54,"column":17},"end":{"line":54,"column":18}},"loc":{"start":{"line":54,"column":48},"end":{"line":80,"column":1}},"line":54},"3":{"name":"(anonymous_3)","decl":{"start":{"line":67,"column":48},"end":{"line":67,"column":49}},"loc":{"start":{"line":67,"column":63},"end":{"line":67,"column":82}},"line":67},"4":{"name":"(anonymous_4)","decl":{"start":{"line":68,"column":45},"end":{"line":68,"column":46}},"loc":{"start":{"line":68,"column":60},"end":{"line":68,"column":82}},"line":68},"5":{"name":"(anonymous_5)","decl":{"start":{"line":82,"column":23},"end":{"line":82,"column":24}},"loc":{"start":{"line":82,"column":54},"end":{"line":92,"column":1}},"line":82},"6":{"name":"(anonymous_6)","decl":{"start":{"line":95,"column":19},"end":{"line":95,"column":20}},"loc":{"start":{"line":95,"column":41},"end":{"line":111,"column":1}},"line":95},"7":{"name":"(anonymous_7)","decl":{"start":{"line":114,"column":30},"end":{"line":114,"column":31}},"loc":{"start":{"line":114,"column":49},"end":{"line":128,"column":1}},"line":114}},"branchMap":{"0":{"loc":{"start":{"line":8,"column":8},"end":{"line":10,"column":9}},"type":"if","locations":[{"start":{"line":8,"column":8},"end":{"line":10,"column":9}},{"start":{},"end":{}}],"line":8},"1":{"loc":{"start":{"line":34,"column":8},"end":{"line":36,"column":9}},"type":"if","locations":[{"start":{"line":34,"column":8},"end":{"line":36,"column":9}},{"start":{},"end":{}}],"line":34},"2":{"loc":{"start":{"line":119,"column":8},"end":{"line":121,"column":9}},"type":"if","locations":[{"start":{"line":119,"column":8},"end":{"line":121,"column":9}},{"start":{},"end":{}}],"line":119}},"s":{"0":1,"1":7,"2":7,"3":3,"4":3,"5":2,"6":1,"7":1,"8":1,"9":4,"10":4,"11":1,"12":4,"13":4,"14":2,"15":2,"16":2,"17":1,"18":1,"19":1,"20":1,"21":1,"22":2,"23":2,"24":1,"25":6,"26":6,"27":5,"28":4,"29":4,"30":4,"31":5,"32":4,"33":5,"34":4,"35":5,"36":5,"37":1,"38":1,"39":1,"40":4,"41":4,"42":4,"43":3,"44":1,"45":1,"46":1,"47":3,"48":3,"49":3,"50":2,"51":2,"52":2,"53":1,"54":1,"55":1,"56":11,"57":11,"58":11,"59":9,"60":4,"61":5,"62":6,"63":6,"64":1},"f":{"0":7,"1":4,"2":6,"3":4,"4":4,"5":4,"6":3,"7":11},"b":{"0":[2,1],"1":[1,1],"2":[4,5]},"_coverageSchema":"1a1c01bbd47fc00a2c39e90264f33305004495a9","hash":"5ae12b64efc4bf69dcafe45c7039be1eb50e4947"}
,"C:\\Users\\Omen\\OneDrive - usach.cl\\PINGESO\\zonadeportiva\\backend-zonadeportiva\\src\\services\\city.service.js": {"path":"C:\\Users\\Omen\\OneDrive - usach.cl\\PINGESO\\zonadeportiva\\backend-zonadeportiva\\src\\services\\city.service.js","statementMap":{"0":{"start":{"line":5,"column":27},"end":{"line":11,"column":1}},"1":{"start":{"line":6,"column":19},"end":{"line":9,"column":8}},"2":{"start":{"line":10,"column":4},"end":{"line":10,"column":48}},"3":{"start":{"line":10,"column":34},"end":{"line":10,"column":47}},"4":{"start":{"line":16,"column":36},"end":{"line":23,"column":1}},"5":{"start":{"line":17,"column":17},"end":{"line":21,"column":16}},"6":{"start":{"line":22,"column":2},"end":{"line":22,"column":46}},"7":{"start":{"line":22,"column":32},"end":{"line":22,"column":45}}},"fnMap":{"0":{"name":"(anonymous_0)","decl":{"start":{"line":5,"column":27},"end":{"line":5,"column":28}},"loc":{"start":{"line":5,"column":39},"end":{"line":11,"column":1}},"line":5},"1":{"name":"(anonymous_1)","decl":{"start":{"line":10,"column":27},"end":{"line":10,"column":28}},"loc":{"start":{"line":10,"column":34},"end":{"line":10,"column":47}},"line":10},"2":{"name":"(anonymous_2)","decl":{"start":{"line":16,"column":36},"end":{"line":16,"column":37}},"loc":{"start":{"line":16,"column":56},"end":{"line":23,"column":1}},"line":16},"3":{"name":"(anonymous_3)","decl":{"start":{"line":22,"column":25},"end":{"line":22,"column":26}},"loc":{"start":{"line":22,"column":32},"end":{"line":22,"column":45}},"line":22}},"branchMap":{},"s":{"0":1,"1":9,"2":8,"3":1013,"4":1,"5":9,"6":7,"7":4},"f":{"0":9,"1":1013,"2":9,"3":4},"b":{},"_coverageSchema":"1a1c01bbd47fc00a2c39e90264f33305004495a9","hash":"81ded623bc44e9f69738b9e577dd118ba5ea7ac6"}
,"C:\\Users\\Omen\\OneDrive - usach.cl\\PINGESO\\zonadeportiva\\backend-zonadeportiva\\src\\services\\customer.service.js": {"path":"C:\\Users\\Omen\\OneDrive - usach.cl\\PINGESO\\zonadeportiva\\backend-zonadeportiva\\src\\services\\customer.service.js","statementMap":{"0":{"start":{"line":4,"column":34},"end":{"line":21,"column":1}},"1":{"start":{"line":5,"column":48},"end":{"line":5,"column":60}},"2":{"start":{"line":7,"column":16},"end":{"line":16,"column":3}},"3":{"start":{"line":18,"column":17},"end":{"line":18,"column":60}},"4":{"start":{"line":19,"column":17},"end":{"line":19,"column":48}},"5":{"start":{"line":20,"column":2},"end":{"line":20,"column":32}},"6":{"start":{"line":26,"column":37},"end":{"line":30,"column":1}},"7":{"start":{"line":27,"column":16},"end":{"line":27,"column":61}},"8":{"start":{"line":28,"column":17},"end":{"line":28,"column":50}},"9":{"start":{"line":29,"column":2},"end":{"line":29,"column":36}},"10":{"start":{"line":34,"column":35},"end":{"line":52,"column":1}},"11":{"start":{"line":35,"column":16},"end":{"line":48,"column":3}},"12":{"start":{"line":50,"column":17},"end":{"line":50,"column":50}},"13":{"start":{"line":51,"column":2},"end":{"line":51,"column":32}},"14":{"start":{"line":55,"column":36},"end":{"line":76,"column":1}},"15":{"start":{"line":56,"column":16},"end":{"line":72,"column":3}},"16":{"start":{"line":74,"column":17},"end":{"line":74,"column":54}},"17":{"start":{"line":75,"column":2},"end":{"line":75,"column":21}},"18":{"start":{"line":80,"column":37},"end":{"line":92,"column":1}},"19":{"start":{"line":81,"column":60},"end":{"line":81,"column":71}},"20":{"start":{"line":83,"column":16},"end":{"line":87,"column":3}},"21":{"start":{"line":89,"column":17},"end":{"line":89,"column":92}},"22":{"start":{"line":90,"column":17},"end":{"line":90,"column":48}},"23":{"start":{"line":91,"column":2},"end":{"line":91,"column":24}},"24":{"start":{"line":95,"column":37},"end":{"line":113,"column":1}},"25":{"start":{"line":96,"column":60},"end":{"line":96,"column":71}},"26":{"start":{"line":98,"column":16},"end":{"line":108,"column":3}},"27":{"start":{"line":110,"column":17},"end":{"line":110,"column":87}},"28":{"start":{"line":111,"column":17},"end":{"line":111,"column":48}},"29":{"start":{"line":112,"column":2},"end":{"line":112,"column":32}},"30":{"start":{"line":116,"column":38},"end":{"line":124,"column":1}},"31":{"start":{"line":117,"column":16},"end":{"line":120,"column":3}},"32":{"start":{"line":122,"column":17},"end":{"line":122,"column":65}},"33":{"start":{"line":123,"column":2},"end":{"line":123,"column":32}},"34":{"start":{"line":128,"column":37},"end":{"line":137,"column":1}},"35":{"start":{"line":129,"column":16},"end":{"line":133,"column":3}},"36":{"start":{"line":135,"column":17},"end":{"line":135,"column":65}},"37":{"start":{"line":136,"column":2},"end":{"line":136,"column":32}}},"fnMap":{"0":{"name":"(anonymous_0)","decl":{"start":{"line":4,"column":34},"end":{"line":4,"column":35}},"loc":{"start":{"line":4,"column":66},"end":{"line":21,"column":1}},"line":4},"1":{"name":"(anonymous_1)","decl":{"start":{"line":26,"column":37},"end":{"line":26,"column":38}},"loc":{"start":{"line":26,"column":55},"end":{"line":30,"column":1}},"line":26},"2":{"name":"(anonymous_2)","decl":{"start":{"line":34,"column":35},"end":{"line":34,"column":36}},"loc":{"start":{"line":34,"column":53},"end":{"line":52,"column":1}},"line":34},"3":{"name":"(anonymous_3)","decl":{"start":{"line":55,"column":36},"end":{"line":55,"column":37}},"loc":{"start":{"line":55,"column":58},"end":{"line":76,"column":1}},"line":55},"4":{"name":"(anonymous_4)","decl":{"start":{"line":80,"column":37},"end":{"line":80,"column":38}},"loc":{"start":{"line":80,"column":72},"end":{"line":92,"column":1}},"line":80},"5":{"name":"(anonymous_5)","decl":{"start":{"line":95,"column":37},"end":{"line":95,"column":38}},"loc":{"start":{"line":95,"column":83},"end":{"line":113,"column":1}},"line":95},"6":{"name":"(anonymous_6)","decl":{"start":{"line":116,"column":38},"end":{"line":116,"column":39}},"loc":{"start":{"line":116,"column":71},"end":{"line":124,"column":1}},"line":116},"7":{"name":"(anonymous_7)","decl":{"start":{"line":128,"column":37},"end":{"line":128,"column":38}},"loc":{"start":{"line":128,"column":70},"end":{"line":137,"column":1}},"line":128}},"branchMap":{"0":{"loc":{"start":{"line":20,"column":9},"end":{"line":20,"column":31}},"type":"binary-expr","locations":[{"start":{"line":20,"column":9},"end":{"line":20,"column":23}},{"start":{"line":20,"column":27},"end":{"line":20,"column":31}}],"line":20},"1":{"loc":{"start":{"line":29,"column":9},"end":{"line":29,"column":35}},"type":"binary-expr","locations":[{"start":{"line":29,"column":9},"end":{"line":29,"column":27}},{"start":{"line":29,"column":31},"end":{"line":29,"column":35}}],"line":29},"2":{"loc":{"start":{"line":51,"column":9},"end":{"line":51,"column":31}},"type":"binary-expr","locations":[{"start":{"line":51,"column":9},"end":{"line":51,"column":23}},{"start":{"line":51,"column":27},"end":{"line":51,"column":31}}],"line":51},"3":{"loc":{"start":{"line":89,"column":39},"end":{"line":89,"column":56}},"type":"binary-expr","locations":[{"start":{"line":89,"column":39},"end":{"line":89,"column":48}},{"start":{"line":89,"column":52},"end":{"line":89,"column":56}}],"line":89},"4":{"loc":{"start":{"line":89,"column":58},"end":{"line":89,"column":72}},"type":"binary-expr","locations":[{"start":{"line":89,"column":58},"end":{"line":89,"column":64}},{"start":{"line":89,"column":68},"end":{"line":89,"column":72}}],"line":89},"5":{"loc":{"start":{"line":112,"column":9},"end":{"line":112,"column":31}},"type":"binary-expr","locations":[{"start":{"line":112,"column":9},"end":{"line":112,"column":23}},{"start":{"line":112,"column":27},"end":{"line":112,"column":31}}],"line":112},"6":{"loc":{"start":{"line":136,"column":9},"end":{"line":136,"column":31}},"type":"binary-expr","locations":[{"start":{"line":136,"column":9},"end":{"line":136,"column":23}},{"start":{"line":136,"column":27},"end":{"line":136,"column":31}}],"line":136}},"s":{"0":1,"1":6,"2":6,"3":6,"4":6,"5":5,"6":1,"7":2,"8":2,"9":2,"10":1,"11":2,"12":2,"13":2,"14":1,"15":3,"16":3,"17":2,"18":1,"19":4,"20":4,"21":4,"22":4,"23":2,"24":1,"25":4,"26":4,"27":4,"28":4,"29":3,"30":1,"31":6,"32":6,"33":5,"34":1,"35":4,"36":4,"37":3},"f":{"0":6,"1":2,"2":2,"3":3,"4":4,"5":4,"6":6,"7":4},"b":{"0":[5,1],"1":[2,1],"2":[2,1],"3":[4,2],"4":[4,1],"5":[3,1],"6":[3,2]},"_coverageSchema":"1a1c01bbd47fc00a2c39e90264f33305004495a9","hash":"a69882896c796adb029f6075244424d4ea3b85ed"}
,"C:\\Users\\Omen\\OneDrive - usach.cl\\PINGESO\\zonadeportiva\\backend-zonadeportiva\\src\\services\\linkify.service.js": {"path":"C:\\Users\\Omen\\OneDrive - usach.cl\\PINGESO\\zonadeportiva\\backend-zonadeportiva\\src\\services\\linkify.service.js","statementMap":{"0":{"start":{"line":3,"column":0},"end":{"line":3,"column":16}},"1":{"start":{"line":13,"column":4},"end":{"line":13,"column":15}},"2":{"start":{"line":18,"column":2},"end":{"line":31,"column":5}},"3":{"start":{"line":19,"column":4},"end":{"line":30,"column":13}},"4":{"start":{"line":20,"column":6},"end":{"line":29,"column":9}},"5":{"start":{"line":35,"column":2},"end":{"line":46,"column":5}},"6":{"start":{"line":36,"column":4},"end":{"line":45,"column":12}},"7":{"start":{"line":37,"column":6},"end":{"line":44,"column":9}},"8":{"start":{"line":50,"column":2},"end":{"line":60,"column":5}},"9":{"start":{"line":51,"column":4},"end":{"line":59,"column":12}},"10":{"start":{"line":52,"column":6},"end":{"line":58,"column":9}},"11":{"start":{"line":64,"column":2},"end":{"line":77,"column":5}},"12":{"start":{"line":65,"column":4},"end":{"line":76,"column":12}},"13":{"start":{"line":66,"column":6},"end":{"line":75,"column":9}},"14":{"start":{"line":83,"column":2},"end":{"line":98,"column":3}},"15":{"start":{"line":84,"column":4},"end":{"line":84,"column":53}},"16":{"start":{"line":86,"column":4},"end":{"line":88,"column":5}},"17":{"start":{"line":87,"column":6},"end":{"line":87,"column":42}},"18":{"start":{"line":91,"column":4},"end":{"line":91,"column":81}},"19":{"start":{"line":94,"column":4},"end":{"line":94,"column":64}},"20":{"start":{"line":95,"column":18},"end":{"line":95,"column":60}},"21":{"start":{"line":96,"column":4},"end":{"line":96,"column":24}},"22":{"start":{"line":97,"column":4},"end":{"line":97,"column":16}},"23":{"start":{"line":102,"column":2},"end":{"line":117,"column":3}},"24":{"start":{"line":103,"column":4},"end":{"line":103,"column":66}},"25":{"start":{"line":105,"column":4},"end":{"line":107,"column":5}},"26":{"start":{"line":106,"column":6},"end":{"line":106,"column":48}},"27":{"start":{"line":110,"column":4},"end":{"line":110,"column":81}},"28":{"start":{"line":113,"column":4},"end":{"line":113,"column":68}},"29":{"start":{"line":114,"column":18},"end":{"line":114,"column":64}},"30":{"start":{"line":115,"column":4},"end":{"line":115,"column":24}},"31":{"start":{"line":116,"column":4},"end":{"line":116,"column":16}},"32":{"start":{"line":121,"column":2},"end":{"line":136,"column":3}},"33":{"start":{"line":122,"column":4},"end":{"line":122,"column":65}},"34":{"start":{"line":124,"column":4},"end":{"line":126,"column":5}},"35":{"start":{"line":125,"column":6},"end":{"line":125,"column":47}},"36":{"start":{"line":129,"column":4},"end":{"line":129,"column":81}},"37":{"start":{"line":132,"column":4},"end":{"line":132,"column":67}},"38":{"start":{"line":133,"column":18},"end":{"line":133,"column":63}},"39":{"start":{"line":134,"column":4},"end":{"line":134,"column":24}},"40":{"start":{"line":135,"column":4},"end":{"line":135,"column":16}},"41":{"start":{"line":140,"column":2},"end":{"line":155,"column":3}},"42":{"start":{"line":141,"column":4},"end":{"line":141,"column":58}},"43":{"start":{"line":143,"column":4},"end":{"line":145,"column":5}},"44":{"start":{"line":144,"column":6},"end":{"line":144,"column":39}},"45":{"start":{"line":148,"column":4},"end":{"line":148,"column":81}},"46":{"start":{"line":151,"column":4},"end":{"line":151,"column":69}},"47":{"start":{"line":152,"column":18},"end":{"line":152,"column":65}},"48":{"start":{"line":153,"column":4},"end":{"line":153,"column":24}},"49":{"start":{"line":154,"column":4},"end":{"line":154,"column":16}},"50":{"start":{"line":161,"column":2},"end":{"line":221,"column":3}},"51":{"start":{"line":162,"column":4},"end":{"line":162,"column":70}},"52":{"start":{"line":174,"column":8},"end":{"line":174,"column":19}},"53":{"start":{"line":177,"column":4},"end":{"line":179,"column":5}},"54":{"start":{"line":178,"column":6},"end":{"line":178,"column":54}},"55":{"start":{"line":182,"column":29},"end":{"line":182,"column":59}},"56":{"start":{"line":185,"column":26},"end":{"line":196,"column":5}},"57":{"start":{"line":199,"column":4},"end":{"line":199,"column":44}},"58":{"start":{"line":202,"column":4},"end":{"line":202,"column":44}},"59":{"start":{"line":204,"column":4},"end":{"line":207,"column":7}},"60":{"start":{"line":209,"column":4},"end":{"line":214,"column":6}},"61":{"start":{"line":217,"column":4},"end":{"line":217,"column":70}},"62":{"start":{"line":220,"column":4},"end":{"line":220,"column":64}},"63":{"start":{"line":228,"column":20},"end":{"line":243,"column":3}},"64":{"start":{"line":245,"column":2},"end":{"line":245,"column":61}},"65":{"start":{"line":249,"column":2},"end":{"line":270,"column":3}},"66":{"start":{"line":262,"column":4},"end":{"line":265,"column":7}},"67":{"start":{"line":268,"column":4},"end":{"line":268,"column":67}},"68":{"start":{"line":269,"column":4},"end":{"line":269,"column":14}},"69":{"start":{"line":274,"column":2},"end":{"line":307,"column":3}},"70":{"start":{"line":275,"column":51},"end":{"line":275,"column":64}},"71":{"start":{"line":277,"column":4},"end":{"line":302,"column":5}},"72":{"start":{"line":279,"column":8},"end":{"line":279,"column":72}},"73":{"start":{"line":284,"column":8},"end":{"line":284,"column":53}},"74":{"start":{"line":285,"column":8},"end":{"line":285,"column":14}},"75":{"start":{"line":288,"column":8},"end":{"line":288,"column":67}},"76":{"start":{"line":291,"column":8},"end":{"line":291,"column":50}},"77":{"start":{"line":292,"column":8},"end":{"line":292,"column":14}},"78":{"start":{"line":295,"column":8},"end":{"line":295,"column":71}},"79":{"start":{"line":297,"column":8},"end":{"line":297,"column":52}},"80":{"start":{"line":298,"column":8},"end":{"line":298,"column":14}},"81":{"start":{"line":301,"column":8},"end":{"line":301,"column":86}},"82":{"start":{"line":305,"column":4},"end":{"line":305,"column":69}},"83":{"start":{"line":312,"column":2},"end":{"line":312,"column":67}},"84":{"start":{"line":317,"column":2},"end":{"line":317,"column":64}},"85":{"start":{"line":322,"column":2},"end":{"line":322,"column":66}},"86":{"start":{"line":328,"column":2},"end":{"line":330,"column":3}},"87":{"start":{"line":329,"column":4},"end":{"line":329,"column":63}},"88":{"start":{"line":332,"column":22},"end":{"line":345,"column":3}},"89":{"start":{"line":347,"column":2},"end":{"line":347,"column":75}},"90":{"start":{"line":348,"column":2},"end":{"line":348,"column":21}}},"fnMap":{"0":{"name":"mockCrearPago","decl":{"start":{"line":17,"column":9},"end":{"line":17,"column":22}},"loc":{"start":{"line":17,"column":32},"end":{"line":32,"column":1}},"line":17},"1":{"name":"(anonymous_1)","decl":{"start":{"line":18,"column":21},"end":{"line":18,"column":22}},"loc":{"start":{"line":18,"column":34},"end":{"line":31,"column":3}},"line":18},"2":{"name":"(anonymous_2)","decl":{"start":{"line":19,"column":15},"end":{"line":19,"column":16}},"loc":{"start":{"line":19,"column":21},"end":{"line":30,"column":5}},"line":19},"3":{"name":"mockConsultarPago","decl":{"start":{"line":34,"column":9},"end":{"line":34,"column":26}},"loc":{"start":{"line":34,"column":38},"end":{"line":47,"column":1}},"line":34},"4":{"name":"(anonymous_4)","decl":{"start":{"line":35,"column":21},"end":{"line":35,"column":22}},"loc":{"start":{"line":35,"column":34},"end":{"line":46,"column":3}},"line":35},"5":{"name":"(anonymous_5)","decl":{"start":{"line":36,"column":15},"end":{"line":36,"column":16}},"loc":{"start":{"line":36,"column":21},"end":{"line":45,"column":5}},"line":36},"6":{"name":"mockCancelarPago","decl":{"start":{"line":49,"column":9},"end":{"line":49,"column":25}},"loc":{"start":{"line":49,"column":37},"end":{"line":61,"column":1}},"line":49},"7":{"name":"(anonymous_7)","decl":{"start":{"line":50,"column":21},"end":{"line":50,"column":22}},"loc":{"start":{"line":50,"column":34},"end":{"line":60,"column":3}},"line":50},"8":{"name":"(anonymous_8)","decl":{"start":{"line":51,"column":15},"end":{"line":51,"column":16}},"loc":{"start":{"line":51,"column":21},"end":{"line":59,"column":5}},"line":51},"9":{"name":"mockObtenerBancos","decl":{"start":{"line":63,"column":9},"end":{"line":63,"column":26}},"loc":{"start":{"line":63,"column":29},"end":{"line":78,"column":1}},"line":63},"10":{"name":"(anonymous_10)","decl":{"start":{"line":64,"column":21},"end":{"line":64,"column":22}},"loc":{"start":{"line":64,"column":34},"end":{"line":77,"column":3}},"line":64},"11":{"name":"(anonymous_11)","decl":{"start":{"line":65,"column":15},"end":{"line":65,"column":16}},"loc":{"start":{"line":65,"column":21},"end":{"line":76,"column":5}},"line":65},"12":{"name":"crearPagoLinkify","decl":{"start":{"line":82,"column":22},"end":{"line":82,"column":38}},"loc":{"start":{"line":82,"column":48},"end":{"line":99,"column":1}},"line":82},"13":{"name":"consultarPagoLinkify","decl":{"start":{"line":101,"column":22},"end":{"line":101,"column":42}},"loc":{"start":{"line":101,"column":54},"end":{"line":118,"column":1}},"line":101},"14":{"name":"cancelarPagoLinkify","decl":{"start":{"line":120,"column":22},"end":{"line":120,"column":41}},"loc":{"start":{"line":120,"column":53},"end":{"line":137,"column":1}},"line":120},"15":{"name":"obtenerBancosLinkify","decl":{"start":{"line":139,"column":22},"end":{"line":139,"column":42}},"loc":{"start":{"line":139,"column":45},"end":{"line":156,"column":1}},"line":139},"16":{"name":"procesarWebhookLinkify","decl":{"start":{"line":160,"column":22},"end":{"line":160,"column":44}},"loc":{"start":{"line":160,"column":58},"end":{"line":222,"column":1}},"line":160},"17":{"name":"normalizePaymentStatus","decl":{"start":{"line":226,"column":9},"end":{"line":226,"column":31}},"loc":{"start":{"line":226,"column":47},"end":{"line":246,"column":1}},"line":226},"18":{"name":"actualizarPagoEnBD","decl":{"start":{"line":248,"column":15},"end":{"line":248,"column":33}},"loc":{"start":{"line":248,"column":49},"end":{"line":271,"column":1}},"line":248},"19":{"name":"manejarEventosPago","decl":{"start":{"line":273,"column":15},"end":{"line":273,"column":33}},"loc":{"start":{"line":273,"column":49},"end":{"line":308,"column":1}},"line":273},"20":{"name":"notificarPagoCompletado","decl":{"start":{"line":310,"column":15},"end":{"line":310,"column":38}},"loc":{"start":{"line":310,"column":54},"end":{"line":313,"column":1}},"line":310},"21":{"name":"notificarPagoFallido","decl":{"start":{"line":315,"column":15},"end":{"line":315,"column":35}},"loc":{"start":{"line":315,"column":51},"end":{"line":318,"column":1}},"line":315},"22":{"name":"notificarPagoCancelado","decl":{"start":{"line":320,"column":15},"end":{"line":320,"column":37}},"loc":{"start":{"line":320,"column":53},"end":{"line":323,"column":1}},"line":320},"23":{"name":"simularWebhookLinkify","decl":{"start":{"line":327,"column":16},"end":{"line":327,"column":37}},"loc":{"start":{"line":327,"column":66},"end":{"line":349,"column":1}},"line":327}},"branchMap":{"0":{"loc":{"start":{"line":12,"column":2},"end":{"line":12,"column":24}},"type":"default-arg","locations":[{"start":{"line":12,"column":20},"end":{"line":12,"column":24}}],"line":12},"1":{"loc":{"start":{"line":40,"column":16},"end":{"line":40,"column":56}},"type":"cond-expr","locations":[{"start":{"line":40,"column":38},"end":{"line":40,"column":44}},{"start":{"line":40,"column":47},"end":{"line":40,"column":56}}],"line":40},"2":{"loc":{"start":{"line":86,"column":4},"end":{"line":88,"column":5}},"type":"if","locations":[{"start":{"line":86,"column":4},"end":{"line":88,"column":5}},{"start":{},"end":{}}],"line":86},"3":{"loc":{"start":{"line":105,"column":4},"end":{"line":107,"column":5}},"type":"if","locations":[{"start":{"line":105,"column":4},"end":{"line":107,"column":5}},{"start":{},"end":{}}],"line":105},"4":{"loc":{"start":{"line":124,"column":4},"end":{"line":126,"column":5}},"type":"if","locations":[{"start":{"line":124,"column":4},"end":{"line":126,"column":5}},{"start":{},"end":{}}],"line":124},"5":{"loc":{"start":{"line":143,"column":4},"end":{"line":145,"column":5}},"type":"if","locations":[{"start":{"line":143,"column":4},"end":{"line":145,"column":5}},{"start":{},"end":{}}],"line":143},"6":{"loc":{"start":{"line":177,"column":4},"end":{"line":179,"column":5}},"type":"if","locations":[{"start":{"line":177,"column":4},"end":{"line":179,"column":5}},{"start":{},"end":{}}],"line":177},"7":{"loc":{"start":{"line":177,"column":8},"end":{"line":177,"column":30}},"type":"binary-expr","locations":[{"start":{"line":177,"column":8},"end":{"line":177,"column":19}},{"start":{"line":177,"column":23},"end":{"line":177,"column":30}}],"line":177},"8":{"loc":{"start":{"line":188,"column":14},"end":{"line":188,"column":28}},"type":"binary-expr","locations":[{"start":{"line":188,"column":14},"end":{"line":188,"column":20}},{"start":{"line":188,"column":24},"end":{"line":188,"column":28}}],"line":188},"9":{"loc":{"start":{"line":189,"column":22},"end":{"line":189,"column":44}},"type":"binary-expr","locations":[{"start":{"line":189,"column":22},"end":{"line":189,"column":36}},{"start":{"line":189,"column":40},"end":{"line":189,"column":44}}],"line":189},"10":{"loc":{"start":{"line":190,"column":22},"end":{"line":190,"column":44}},"type":"binary-expr","locations":[{"start":{"line":190,"column":22},"end":{"line":190,"column":36}},{"start":{"line":190,"column":40},"end":{"line":190,"column":44}}],"line":190},"11":{"loc":{"start":{"line":191,"column":15},"end":{"line":191,"column":30}},"type":"binary-expr","locations":[{"start":{"line":191,"column":15},"end":{"line":191,"column":22}},{"start":{"line":191,"column":26},"end":{"line":191,"column":30}}],"line":191},"12":{"loc":{"start":{"line":192,"column":17},"end":{"line":192,"column":34}},"type":"binary-expr","locations":[{"start":{"line":192,"column":17},"end":{"line":192,"column":26}},{"start":{"line":192,"column":30},"end":{"line":192,"column":34}}],"line":192},"13":{"loc":{"start":{"line":193,"column":22},"end":{"line":193,"column":44}},"type":"binary-expr","locations":[{"start":{"line":193,"column":22},"end":{"line":193,"column":36}},{"start":{"line":193,"column":40},"end":{"line":193,"column":44}}],"line":193},"14":{"loc":{"start":{"line":245,"column":9},"end":{"line":245,"column":60}},"type":"binary-expr","locations":[{"start":{"line":245,"column":9},"end":{"line":245,"column":47}},{"start":{"line":245,"column":51},"end":{"line":245,"column":60}}],"line":245},"15":{"loc":{"start":{"line":277,"column":4},"end":{"line":302,"column":5}},"type":"switch","locations":[{"start":{"line":278,"column":6},"end":{"line":285,"column":14}},{"start":{"line":287,"column":6},"end":{"line":292,"column":14}},{"start":{"line":294,"column":6},"end":{"line":298,"column":14}},{"start":{"line":300,"column":6},"end":{"line":301,"column":86}}],"line":277},"16":{"loc":{"start":{"line":327,"column":49},"end":{"line":327,"column":64}},"type":"default-arg","locations":[{"start":{"line":327,"column":58},"end":{"line":327,"column":64}}],"line":327},"17":{"loc":{"start":{"line":328,"column":2},"end":{"line":330,"column":3}},"type":"if","locations":[{"start":{"line":328,"column":2},"end":{"line":330,"column":3}},{"start":{},"end":{}}],"line":328}},"s":{"0":1,"1":1,"2":11,"3":11,"4":11,"5":10,"6":10,"7":10,"8":5,"9":5,"10":5,"11":3,"12":3,"13":3,"14":11,"15":11,"16":11,"17":11,"18":0,"19":0,"20":0,"21":0,"22":0,"23":10,"24":10,"25":10,"26":10,"27":0,"28":0,"29":0,"30":0,"31":0,"32":5,"33":5,"34":5,"35":5,"36":0,"37":0,"38":0,"39":0,"40":0,"41":3,"42":3,"43":3,"44":3,"45":0,"46":0,"47":0,"48":0,"49":0,"50":34,"51":34,"52":34,"53":34,"54":4,"55":30,"56":30,"57":30,"58":30,"59":30,"60":30,"61":4,"62":4,"63":30,"64":30,"65":30,"66":30,"67":0,"68":0,"69":30,"70":30,"71":30,"72":14,"73":14,"74":14,"75":5,"76":5,"77":5,"78":3,"79":3,"80":3,"81":8,"82":0,"83":14,"84":5,"85":3,"86":21,"87":0,"88":21,"89":21,"90":21},"f":{"0":11,"1":11,"2":11,"3":10,"4":10,"5":10,"6":5,"7":5,"8":5,"9":3,"10":3,"11":3,"12":11,"13":10,"14":5,"15":3,"16":34,"17":30,"18":30,"19":30,"20":14,"21":5,"22":3,"23":21},"b":{"0":[0],"1":[8,2],"2":[11,0],"3":[10,0],"4":[5,0],"5":[3,0],"6":[4,30],"7":[34,31],"8":[30,1],"9":[30,18],"10":[30,18],"11":[30,18],"12":[30,18],"13":[30,18],"14":[30,1],"15":[14,5,3,8],"16":[3],"17":[0,21]},"_coverageSchema":"1a1c01bbd47fc00a2c39e90264f33305004495a9","hash":"9bf43e8fb657769f82532e88bdb827e7ccae01a6"}
,"C:\\Users\\Omen\\OneDrive - usach.cl\\PINGESO\\zonadeportiva\\backend-zonadeportiva\\src\\services\\paymentProvider.service.js": {"path":"C:\\Users\\Omen\\OneDrive - usach.cl\\PINGESO\\zonadeportiva\\backend-zonadeportiva\\src\\services\\paymentProvider.service.js","statementMap":{"0":{"start":{"line":4,"column":37},"end":{"line":10,"column":1}},"1":{"start":{"line":5,"column":17},"end":{"line":8,"column":6}},"2":{"start":{"line":9,"column":2},"end":{"line":9,"column":58}},"3":{"start":{"line":9,"column":32},"end":{"line":9,"column":56}}},"fnMap":{"0":{"name":"(anonymous_0)","decl":{"start":{"line":4,"column":37},"end":{"line":4,"column":38}},"loc":{"start":{"line":4,"column":49},"end":{"line":10,"column":1}},"line":4},"1":{"name":"(anonymous_1)","decl":{"start":{"line":9,"column":25},"end":{"line":9,"column":26}},"loc":{"start":{"line":9,"column":32},"end":{"line":9,"column":56}},"line":9}},"branchMap":{},"s":{"0":1,"1":3,"2":2,"3":2},"f":{"0":3,"1":2},"b":{},"_coverageSchema":"1a1c01bbd47fc00a2c39e90264f33305004495a9","hash":"bbeae4cca246aa2b18cc32c425802cdffbeef607"}
,"C:\\Users\\Omen\\OneDrive - usach.cl\\PINGESO\\zonadeportiva\\backend-zonadeportiva\\src\\services\\product.service.js": {"path":"C:\\Users\\Omen\\OneDrive - usach.cl\\PINGESO\\zonadeportiva\\backend-zonadeportiva\\src\\services\\product.service.js","statementMap":{"0":{"start":{"line":3,"column":36},"end":{"line":42,"column":1}},"1":{"start":{"line":5,"column":2},"end":{"line":7,"column":3}},"2":{"start":{"line":6,"column":4},"end":{"line":6,"column":79}},"3":{"start":{"line":9,"column":2},"end":{"line":41,"column":3}},"4":{"start":{"line":10,"column":18},"end":{"line":14,"column":5}},"5":{"start":{"line":15,"column":21},"end":{"line":15,"column":57}},"6":{"start":{"line":17,"column":4},"end":{"line":23,"column":5}},"7":{"start":{"line":18,"column":6},"end":{"line":22,"column":8}},"8":{"start":{"line":25,"column":36},"end":{"line":25,"column":43}},"9":{"start":{"line":26,"column":28},"end":{"line":26,"column":93}},"10":{"start":{"line":28,"column":4},"end":{"line":36,"column":6}},"11":{"start":{"line":39,"column":4},"end":{"line":39,"column":52}},"12":{"start":{"line":40,"column":4},"end":{"line":40,"column":54}}},"fnMap":{"0":{"name":"(anonymous_0)","decl":{"start":{"line":3,"column":36},"end":{"line":3,"column":37}},"loc":{"start":{"line":3,"column":67},"end":{"line":42,"column":1}},"line":3}},"branchMap":{"0":{"loc":{"start":{"line":5,"column":2},"end":{"line":7,"column":3}},"type":"if","locations":[{"start":{"line":5,"column":2},"end":{"line":7,"column":3}},{"start":{},"end":{}}],"line":5},"1":{"loc":{"start":{"line":5,"column":6},"end":{"line":5,"column":36}},"type":"binary-expr","locations":[{"start":{"line":5,"column":6},"end":{"line":5,"column":16}},{"start":{"line":5,"column":20},"end":{"line":5,"column":36}}],"line":5},"2":{"loc":{"start":{"line":17,"column":4},"end":{"line":23,"column":5}},"type":"if","locations":[{"start":{"line":17,"column":4},"end":{"line":23,"column":5}},{"start":{},"end":{}}],"line":17},"3":{"loc":{"start":{"line":26,"column":28},"end":{"line":26,"column":93}},"type":"binary-expr","locations":[{"start":{"line":26,"column":28},"end":{"line":26,"column":54}},{"start":{"line":26,"column":58},"end":{"line":26,"column":72}},{"start":{"line":26,"column":76},"end":{"line":26,"column":93}}],"line":26},"4":{"loc":{"start":{"line":30,"column":14},"end":{"line":30,"column":37}},"type":"cond-expr","locations":[{"start":{"line":30,"column":32},"end":{"line":30,"column":33}},{"start":{"line":30,"column":36},"end":{"line":30,"column":37}}],"line":30}},"s":{"0":1,"1":7,"2":2,"3":5,"4":5,"5":5,"6":4,"7":1,"8":3,"9":3,"10":3,"11":1,"12":1},"f":{"0":7},"b":{"0":[2,5],"1":[7,6],"2":[1,3],"3":[3,2,2],"4":[1,2]},"_coverageSchema":"1a1c01bbd47fc00a2c39e90264f33305004495a9","hash":"df4611cb79cab4f3ddeb954703c773b0526daeb0"}
,"C:\\Users\\Omen\\OneDrive - usach.cl\\PINGESO\\zonadeportiva\\backend-zonadeportiva\\src\\services\\productMeta.service.js": {"path":"C:\\Users\\Omen\\OneDrive - usach.cl\\PINGESO\\zonadeportiva\\backend-zonadeportiva\\src\\services\\productMeta.service.js","statementMap":{"0":{"start":{"line":7,"column":39},"end":{"line":17,"column":1}},"1":{"start":{"line":8,"column":17},"end":{"line":14,"column":18}},"2":{"start":{"line":16,"column":2},"end":{"line":16,"column":54}},"3":{"start":{"line":16,"column":32},"end":{"line":16,"column":52}},"4":{"start":{"line":22,"column":33},"end":{"line":30,"column":1}},"5":{"start":{"line":23,"column":17},"end":{"line":27,"column":17}},"6":{"start":{"line":29,"column":2},"end":{"line":29,"column":60}}},"fnMap":{"0":{"name":"(anonymous_0)","decl":{"start":{"line":7,"column":39},"end":{"line":7,"column":40}},"loc":{"start":{"line":7,"column":61},"end":{"line":17,"column":1}},"line":7},"1":{"name":"(anonymous_1)","decl":{"start":{"line":16,"column":25},"end":{"line":16,"column":26}},"loc":{"start":{"line":16,"column":32},"end":{"line":16,"column":52}},"line":16},"2":{"name":"(anonymous_2)","decl":{"start":{"line":22,"column":33},"end":{"line":22,"column":34}},"loc":{"start":{"line":22,"column":54},"end":{"line":30,"column":1}},"line":22}},"branchMap":{"0":{"loc":{"start":{"line":29,"column":9},"end":{"line":29,"column":59}},"type":"cond-expr","locations":[{"start":{"line":29,"column":34},"end":{"line":29,"column":52}},{"start":{"line":29,"column":55},"end":{"line":29,"column":59}}],"line":29}},"s":{"0":1,"1":6,"2":5,"3":5,"4":1,"5":6,"6":5},"f":{"0":6,"1":5,"2":6},"b":{"0":[3,2]},"_coverageSchema":"1a1c01bbd47fc00a2c39e90264f33305004495a9","hash":"b4f38aa3aa4f2ffcf64fe3dd9577401d95ff794e"}
,"C:\\Users\\Omen\\OneDrive - usach.cl\\PINGESO\\zonadeportiva\\backend-zonadeportiva\\src\\services\\shippingMethod.service.js": {"path":"C:\\Users\\Omen\\OneDrive - usach.cl\\PINGESO\\zonadeportiva\\backend-zonadeportiva\\src\\services\\shippingMethod.service.js","statementMap":{"0":{"start":{"line":63,"column":36},"end":{"line":111,"column":1}},"1":{"start":{"line":65,"column":16},"end":{"line":70,"column":4}},"2":{"start":{"line":71,"column":15},"end":{"line":71,"column":32}},"3":{"start":{"line":74,"column":19},"end":{"line":79,"column":15}},"4":{"start":{"line":80,"column":18},"end":{"line":80,"column":44}},"5":{"start":{"line":83,"column":2},"end":{"line":101,"column":3}},"6":{"start":{"line":84,"column":20},"end":{"line":88,"column":17}},"7":{"start":{"line":90,"column":22},"end":{"line":90,"column":65}},"8":{"start":{"line":90,"column":44},"end":{"line":90,"column":64}},"9":{"start":{"line":91,"column":4},"end":{"line":91,"column":42}},"10":{"start":{"line":91,"column":32},"end":{"line":91,"column":42}},"11":{"start":{"line":94,"column":23},"end":{"line":98,"column":19}},"12":{"start":{"line":100,"column":4},"end":{"line":100,"column":64}},"13":{"start":{"line":100,"column":38},"end":{"line":100,"column":62}},"14":{"start":{"line":104,"column":21},"end":{"line":108,"column":9}},"15":{"start":{"line":110,"column":2},"end":{"line":110,"column":62}},"16":{"start":{"line":110,"column":36},"end":{"line":110,"column":60}},"17":{"start":{"line":118,"column":36},"end":{"line":125,"column":1}},"18":{"start":{"line":119,"column":17},"end":{"line":123,"column":16}},"19":{"start":{"line":124,"column":2},"end":{"line":124,"column":46}},"20":{"start":{"line":124,"column":32},"end":{"line":124,"column":45}}},"fnMap":{"0":{"name":"(anonymous_0)","decl":{"start":{"line":63,"column":36},"end":{"line":63,"column":37}},"loc":{"start":{"line":63,"column":55},"end":{"line":111,"column":1}},"line":63},"1":{"name":"(anonymous_1)","decl":{"start":{"line":90,"column":39},"end":{"line":90,"column":40}},"loc":{"start":{"line":90,"column":44},"end":{"line":90,"column":64}},"line":90},"2":{"name":"(anonymous_2)","decl":{"start":{"line":100,"column":31},"end":{"line":100,"column":32}},"loc":{"start":{"line":100,"column":38},"end":{"line":100,"column":62}},"line":100},"3":{"name":"(anonymous_3)","decl":{"start":{"line":110,"column":29},"end":{"line":110,"column":30}},"loc":{"start":{"line":110,"column":36},"end":{"line":110,"column":60}},"line":110},"4":{"name":"(anonymous_4)","decl":{"start":{"line":118,"column":36},"end":{"line":118,"column":37}},"loc":{"start":{"line":118,"column":56},"end":{"line":125,"column":1}},"line":118},"5":{"name":"(anonymous_5)","decl":{"start":{"line":124,"column":25},"end":{"line":124,"column":26}},"loc":{"start":{"line":124,"column":32},"end":{"line":124,"column":45}},"line":124}},"branchMap":{"0":{"loc":{"start":{"line":83,"column":2},"end":{"line":101,"column":3}},"type":"if","locations":[{"start":{"line":83,"column":2},"end":{"line":101,"column":3}},{"start":{},"end":{}}],"line":83},"1":{"loc":{"start":{"line":91,"column":4},"end":{"line":91,"column":42}},"type":"if","locations":[{"start":{"line":91,"column":4},"end":{"line":91,"column":42}},{"start":{},"end":{}}],"line":91}},"s":{"0":1,"1":7,"2":6,"3":6,"4":6,"5":6,"6":2,"7":2,"8":2,"9":2,"10":1,"11":1,"12":1,"13":2,"14":4,"15":4,"16":3,"17":1,"18":6,"19":5,"20":3},"f":{"0":7,"1":2,"2":2,"3":3,"4":6,"5":3},"b":{"0":[2,4],"1":[1,1]},"_coverageSchema":"1a1c01bbd47fc00a2c39e90264f33305004495a9","hash":"e958112dff01aa3514fa099286242b469600dde9"}
,"C:\\Users\\Omen\\OneDrive - usach.cl\\PINGESO\\zonadeportiva\\backend-zonadeportiva\\src\\services\\state.service.js": {"path":"C:\\Users\\Omen\\OneDrive - usach.cl\\PINGESO\\zonadeportiva\\backend-zonadeportiva\\src\\services\\state.service.js","statementMap":{"0":{"start":{"line":5,"column":27},"end":{"line":11,"column":1}},"1":{"start":{"line":6,"column":19},"end":{"line":9,"column":8}},"2":{"start":{"line":10,"column":4},"end":{"line":10,"column":49}},"3":{"start":{"line":10,"column":34},"end":{"line":10,"column":48}}},"fnMap":{"0":{"name":"(anonymous_0)","decl":{"start":{"line":5,"column":27},"end":{"line":5,"column":28}},"loc":{"start":{"line":5,"column":39},"end":{"line":11,"column":1}},"line":5},"1":{"name":"(anonymous_1)","decl":{"start":{"line":10,"column":27},"end":{"line":10,"column":28}},"loc":{"start":{"line":10,"column":34},"end":{"line":10,"column":48}},"line":10}},"branchMap":{},"s":{"0":1,"1":4,"2":3,"3":2},"f":{"0":4,"1":2},"b":{},"_coverageSchema":"1a1c01bbd47fc00a2c39e90264f33305004495a9","hash":"f0a977b3a0ac21edecd49761ca49b8f8ac83bbfb"}
,"C:\\Users\\Omen\\OneDrive - usach.cl\\PINGESO\\zonadeportiva\\backend-zonadeportiva\\src\\services\\user.service.js": {"path":"C:\\Users\\Omen\\OneDrive - usach.cl\\PINGESO\\zonadeportiva\\backend-zonadeportiva\\src\\services\\user.service.js","statementMap":{"0":{"start":{"line":6,"column":30},"end":{"line":10,"column":1}},"1":{"start":{"line":7,"column":16},"end":{"line":7,"column":54}},"2":{"start":{"line":8,"column":17},"end":{"line":8,"column":49}},"3":{"start":{"line":9,"column":2},"end":{"line":9,"column":32}},"4":{"start":{"line":13,"column":31},"end":{"line":17,"column":1}},"5":{"start":{"line":14,"column":16},"end":{"line":14,"column":52}},"6":{"start":{"line":15,"column":17},"end":{"line":15,"column":50}},"7":{"start":{"line":16,"column":2},"end":{"line":16,"column":32}},"8":{"start":{"line":21,"column":31},"end":{"line":35,"column":1}},"9":{"start":{"line":22,"column":2},"end":{"line":34,"column":3}},"10":{"start":{"line":24,"column":26},"end":{"line":24,"column":60}},"11":{"start":{"line":27,"column":18},"end":{"line":27,"column":72}},"12":{"start":{"line":28,"column":19},"end":{"line":28,"column":66}},"13":{"start":{"line":30,"column":4},"end":{"line":30,"column":31}},"14":{"start":{"line":32,"column":4},"end":{"line":32,"column":60}},"15":{"start":{"line":33,"column":4},"end":{"line":33,"column":16}}},"fnMap":{"0":{"name":"(anonymous_0)","decl":{"start":{"line":6,"column":30},"end":{"line":6,"column":31}},"loc":{"start":{"line":6,"column":47},"end":{"line":10,"column":1}},"line":6},"1":{"name":"(anonymous_1)","decl":{"start":{"line":13,"column":31},"end":{"line":13,"column":32}},"loc":{"start":{"line":13,"column":49},"end":{"line":17,"column":1}},"line":13},"2":{"name":"(anonymous_2)","decl":{"start":{"line":21,"column":31},"end":{"line":21,"column":32}},"loc":{"start":{"line":21,"column":61},"end":{"line":35,"column":1}},"line":21}},"branchMap":{"0":{"loc":{"start":{"line":9,"column":9},"end":{"line":9,"column":31}},"type":"binary-expr","locations":[{"start":{"line":9,"column":9},"end":{"line":9,"column":23}},{"start":{"line":9,"column":27},"end":{"line":9,"column":31}}],"line":9}},"s":{"0":1,"1":3,"2":3,"3":2,"4":1,"5":3,"6":3,"7":2,"8":1,"9":5,"10":5,"11":4,"12":4,"13":2,"14":3,"15":3},"f":{"0":3,"1":3,"2":5},"b":{"0":[2,1]},"_coverageSchema":"1a1c01bbd47fc00a2c39e90264f33305004495a9","hash":"abf5231a1547c6d5ce0c82a54f1faaecc48e339d"}
,"C:\\Users\\Omen\\OneDrive - usach.cl\\PINGESO\\zonadeportiva\\backend-zonadeportiva\\src\\services\\email\\authEmail.service.js": {"path":"C:\\Users\\Omen\\OneDrive - usach.cl\\PINGESO\\zonadeportiva\\backend-zonadeportiva\\src\\services\\email\\authEmail.service.js","statementMap":{"0":{"start":{"line":6,"column":4},"end":{"line":6,"column":33}},"1":{"start":{"line":7,"column":4},"end":{"line":7,"column":43}},"2":{"start":{"line":12,"column":23},"end":{"line":12,"column":48}},"3":{"start":{"line":13,"column":22},"end":{"line":13,"column":42}},"4":{"start":{"line":16,"column":4},"end":{"line":16,"column":59}},"5":{"start":{"line":19,"column":20},"end":{"line":19,"column":44}},"6":{"start":{"line":20,"column":21},"end":{"line":20,"column":76}},"7":{"start":{"line":22,"column":24},"end":{"line":26,"column":6}},"8":{"start":{"line":28,"column":4},"end":{"line":32,"column":6}},"9":{"start":{"line":34,"column":4},"end":{"line":34,"column":48}},"10":{"start":{"line":39,"column":24},"end":{"line":42,"column":6}},"11":{"start":{"line":44,"column":4},"end":{"line":48,"column":6}},"12":{"start":{"line":53,"column":22},"end":{"line":53,"column":49}},"13":{"start":{"line":55,"column":4},"end":{"line":57,"column":5}},"14":{"start":{"line":56,"column":6},"end":{"line":56,"column":55}},"15":{"start":{"line":59,"column":4},"end":{"line":62,"column":5}},"16":{"start":{"line":60,"column":6},"end":{"line":60,"column":37}},"17":{"start":{"line":61,"column":6},"end":{"line":61,"column":55}},"18":{"start":{"line":64,"column":4},"end":{"line":64,"column":51}},"19":{"start":{"line":69,"column":4},"end":{"line":69,"column":35}},"20":{"start":{"line":73,"column":4},"end":{"line":73,"column":50}}},"fnMap":{"0":{"name":"(anonymous_0)","decl":{"start":{"line":5,"column":2},"end":{"line":5,"column":3}},"loc":{"start":{"line":5,"column":16},"end":{"line":8,"column":3}},"line":5},"1":{"name":"(anonymous_1)","decl":{"start":{"line":11,"column":2},"end":{"line":11,"column":3}},"loc":{"start":{"line":11,"column":33},"end":{"line":35,"column":3}},"line":11},"2":{"name":"(anonymous_2)","decl":{"start":{"line":38,"column":2},"end":{"line":38,"column":3}},"loc":{"start":{"line":38,"column":46},"end":{"line":49,"column":3}},"line":38},"3":{"name":"(anonymous_3)","decl":{"start":{"line":52,"column":2},"end":{"line":52,"column":3}},"loc":{"start":{"line":52,"column":28},"end":{"line":65,"column":3}},"line":52},"4":{"name":"(anonymous_4)","decl":{"start":{"line":68,"column":2},"end":{"line":68,"column":3}},"loc":{"start":{"line":68,"column":25},"end":{"line":70,"column":3}},"line":68},"5":{"name":"(anonymous_5)","decl":{"start":{"line":72,"column":2},"end":{"line":72,"column":3}},"loc":{"start":{"line":72,"column":23},"end":{"line":74,"column":3}},"line":72}},"branchMap":{"0":{"loc":{"start":{"line":55,"column":4},"end":{"line":57,"column":5}},"type":"if","locations":[{"start":{"line":55,"column":4},"end":{"line":57,"column":5}},{"start":{},"end":{}}],"line":55},"1":{"loc":{"start":{"line":59,"column":4},"end":{"line":62,"column":5}},"type":"if","locations":[{"start":{"line":59,"column":4},"end":{"line":62,"column":5}},{"start":{},"end":{}}],"line":59}},"s":{"0":1,"1":1,"2":6,"3":6,"4":6,"5":6,"6":6,"7":6,"8":5,"9":4,"10":2,"11":2,"12":6,"13":6,"14":2,"15":4,"16":2,"17":2,"18":2,"19":3,"20":7},"f":{"0":1,"1":6,"2":2,"3":6,"4":3,"5":7},"b":{"0":[2,4],"1":[2,2]},"_coverageSchema":"1a1c01bbd47fc00a2c39e90264f33305004495a9","hash":"aa152b981fead0765045f67adbecfd2b5f6360b3"}
,"C:\\Users\\Omen\\OneDrive - usach.cl\\PINGESO\\zonadeportiva\\backend-zonadeportiva\\src\\services\\email\\email.service.js": {"path":"C:\\Users\\Omen\\OneDrive - usach.cl\\PINGESO\\zonadeportiva\\backend-zonadeportiva\\src\\services\\email\\email.service.js","statementMap":{"0":{"start":{"line":6,"column":19},"end":{"line":6,"column":49}},"1":{"start":{"line":7,"column":18},"end":{"line":7,"column":42}},"2":{"start":{"line":11,"column":4},"end":{"line":17,"column":7}},"3":{"start":{"line":22,"column":4},"end":{"line":37,"column":5}},"4":{"start":{"line":23,"column":26},"end":{"line":29,"column":7}},"5":{"start":{"line":31,"column":21},"end":{"line":31,"column":65}},"6":{"start":{"line":32,"column":6},"end":{"line":32,"column":55}},"7":{"start":{"line":33,"column":6},"end":{"line":33,"column":60}},"8":{"start":{"line":35,"column":6},"end":{"line":35,"column":53}},"9":{"start":{"line":36,"column":6},"end":{"line":36,"column":48}},"10":{"start":{"line":42,"column":4},"end":{"line":57,"column":5}},"11":{"start":{"line":44,"column":27},"end":{"line":44,"column":99}},"12":{"start":{"line":45,"column":21},"end":{"line":45,"column":60}},"13":{"start":{"line":48,"column":6},"end":{"line":51,"column":9}},"14":{"start":{"line":49,"column":22},"end":{"line":49,"column":59}},"15":{"start":{"line":50,"column":8},"end":{"line":50,"column":59}},"16":{"start":{"line":53,"column":6},"end":{"line":53,"column":22}},"17":{"start":{"line":55,"column":6},"end":{"line":55,"column":55}},"18":{"start":{"line":56,"column":6},"end":{"line":56,"column":48}},"19":{"start":{"line":62,"column":4},"end":{"line":68,"column":5}},"20":{"start":{"line":63,"column":6},"end":{"line":63,"column":38}},"21":{"start":{"line":64,"column":6},"end":{"line":64,"column":18}},"22":{"start":{"line":66,"column":6},"end":{"line":66,"column":49}},"23":{"start":{"line":67,"column":6},"end":{"line":67,"column":19}}},"fnMap":{"0":{"name":"(anonymous_0)","decl":{"start":{"line":10,"column":2},"end":{"line":10,"column":3}},"loc":{"start":{"line":10,"column":16},"end":{"line":18,"column":3}},"line":10},"1":{"name":"(anonymous_1)","decl":{"start":{"line":21,"column":2},"end":{"line":21,"column":3}},"loc":{"start":{"line":21,"column":62},"end":{"line":38,"column":3}},"line":21},"2":{"name":"(anonymous_2)","decl":{"start":{"line":41,"column":2},"end":{"line":41,"column":3}},"loc":{"start":{"line":41,"column":51},"end":{"line":58,"column":3}},"line":41},"3":{"name":"(anonymous_3)","decl":{"start":{"line":48,"column":37},"end":{"line":48,"column":38}},"loc":{"start":{"line":48,"column":44},"end":{"line":51,"column":7}},"line":48},"4":{"name":"(anonymous_4)","decl":{"start":{"line":61,"column":2},"end":{"line":61,"column":3}},"loc":{"start":{"line":61,"column":27},"end":{"line":69,"column":3}},"line":61}},"branchMap":{"0":{"loc":{"start":{"line":21,"column":44},"end":{"line":21,"column":60}},"type":"default-arg","locations":[{"start":{"line":21,"column":58},"end":{"line":21,"column":60}}],"line":21},"1":{"loc":{"start":{"line":41,"column":35},"end":{"line":41,"column":49}},"type":"default-arg","locations":[{"start":{"line":41,"column":47},"end":{"line":41,"column":49}}],"line":41}},"s":{"0":1,"1":1,"2":9,"3":2,"4":2,"5":2,"6":1,"7":1,"8":1,"9":1,"10":4,"11":4,"12":4,"13":3,"14":3,"15":3,"16":3,"17":1,"18":1,"19":2,"20":2,"21":1,"22":1,"23":1},"f":{"0":9,"1":2,"2":4,"3":3,"4":2},"b":{"0":[2],"1":[1]},"_coverageSchema":"1a1c01bbd47fc00a2c39e90264f33305004495a9","hash":"92618be048c28a7999d5c907785f356d196570ba"}
,"C:\\Users\\Omen\\OneDrive - usach.cl\\PINGESO\\zonadeportiva\\backend-zonadeportiva\\src\\services\\email\\orderEmail.service.js": {"path":"C:\\Users\\Omen\\OneDrive - usach.cl\\PINGESO\\zonadeportiva\\backend-zonadeportiva\\src\\services\\email\\orderEmail.service.js","statementMap":{"0":{"start":{"line":5,"column":4},"end":{"line":5,"column":43}},"1":{"start":{"line":9,"column":21},"end":{"line":15,"column":16}},"2":{"start":{"line":10,"column":8},"end":{"line":14,"column":14}},"3":{"start":{"line":18,"column":24},"end":{"line":27,"column":6}},"4":{"start":{"line":29,"column":4},"end":{"line":33,"column":6}}},"fnMap":{"0":{"name":"(anonymous_0)","decl":{"start":{"line":4,"column":2},"end":{"line":4,"column":3}},"loc":{"start":{"line":4,"column":16},"end":{"line":6,"column":3}},"line":4},"1":{"name":"(anonymous_1)","decl":{"start":{"line":8,"column":2},"end":{"line":8,"column":3}},"loc":{"start":{"line":8,"column":123},"end":{"line":34,"column":3}},"line":8},"2":{"name":"(anonymous_2)","decl":{"start":{"line":9,"column":35},"end":{"line":9,"column":36}},"loc":{"start":{"line":10,"column":8},"end":{"line":14,"column":14}},"line":10}},"branchMap":{"0":{"loc":{"start":{"line":8,"column":86},"end":{"line":8,"column":103}},"type":"default-arg","locations":[{"start":{"line":8,"column":101},"end":{"line":8,"column":103}}],"line":8},"1":{"loc":{"start":{"line":8,"column":105},"end":{"line":8,"column":119}},"type":"default-arg","locations":[{"start":{"line":8,"column":117},"end":{"line":8,"column":119}}],"line":8},"2":{"loc":{"start":{"line":13,"column":18},"end":{"line":13,"column":31}},"type":"binary-expr","locations":[{"start":{"line":13,"column":18},"end":{"line":13,"column":26}},{"start":{"line":13,"column":30},"end":{"line":13,"column":31}}],"line":13}},"s":{"0":1,"1":5,"2":5,"3":5,"4":4},"f":{"0":1,"1":5,"2":5},"b":{"0":[0],"1":[0],"2":[5,1]},"_coverageSchema":"1a1c01bbd47fc00a2c39e90264f33305004495a9","hash":"f1532493a7498b1a73dd97c2d8c0d00463ee81e8"}
}
