TN:
SF:src\services\cart.service.js
FN:3,(anonymous_0)
FN:27,(anonymous_1)
FN:54,(anonymous_2)
FN:67,(anonymous_3)
FN:68,(anonymous_4)
FN:82,(anonymous_5)
FN:95,(anonymous_6)
FN:114,(anonymous_7)
FNF:8
FNH:8
FNDA:7,(anonymous_0)
FNDA:4,(anonymous_1)
FNDA:6,(anonymous_2)
FNDA:4,(anonymous_3)
FNDA:4,(anonymous_4)
FNDA:4,(anonymous_5)
FNDA:3,(anonymous_6)
FNDA:11,(anonymous_7)
DA:3,1
DA:4,7
DA:5,7
DA:7,3
DA:8,3
DA:9,2
DA:12,1
DA:17,1
DA:19,1
DA:22,4
DA:23,4
DA:27,1
DA:28,4
DA:29,4
DA:31,2
DA:32,2
DA:34,2
DA:35,1
DA:38,1
DA:40,1
DA:41,1
DA:43,1
DA:49,2
DA:50,2
DA:54,1
DA:55,6
DA:56,6
DA:58,5
DA:59,4
DA:61,4
DA:63,4
DA:67,5
DA:68,5
DA:70,5
DA:75,5
DA:77,1
DA:78,1
DA:82,1
DA:83,4
DA:84,4
DA:85,4
DA:87,3
DA:89,1
DA:90,1
DA:95,1
DA:96,3
DA:97,3
DA:98,3
DA:100,2
DA:101,2
DA:103,2
DA:108,1
DA:109,1
DA:114,1
DA:115,11
DA:116,11
DA:117,11
DA:119,9
DA:120,4
DA:123,5
DA:125,6
DA:126,6
DA:130,1
LF:63
LH:63
BRDA:8,0,0,2
BRDA:8,0,1,1
BRDA:34,1,0,1
BRDA:34,1,1,1
BRDA:119,2,0,4
BRDA:119,2,1,5
BRF:6
BRH:6
end_of_record
TN:
SF:src\services\city.service.js
FN:5,(anonymous_0)
FN:10,(anonymous_1)
FN:16,(anonymous_2)
FN:22,(anonymous_3)
FNF:4
FNH:4
FNDA:9,(anonymous_0)
FNDA:1013,(anonymous_1)
FNDA:9,(anonymous_2)
FNDA:4,(anonymous_3)
DA:5,1
DA:6,9
DA:10,1013
DA:16,1
DA:17,9
DA:22,7
LF:6
LH:6
BRF:0
BRH:0
end_of_record
TN:
SF:src\services\customer.service.js
FN:4,(anonymous_0)
FN:26,(anonymous_1)
FN:34,(anonymous_2)
FN:55,(anonymous_3)
FN:80,(anonymous_4)
FN:95,(anonymous_5)
FN:116,(anonymous_6)
FN:128,(anonymous_7)
FNF:8
FNH:8
FNDA:6,(anonymous_0)
FNDA:2,(anonymous_1)
FNDA:2,(anonymous_2)
FNDA:3,(anonymous_3)
FNDA:4,(anonymous_4)
FNDA:4,(anonymous_5)
FNDA:6,(anonymous_6)
FNDA:4,(anonymous_7)
DA:4,1
DA:5,6
DA:7,6
DA:18,6
DA:19,6
DA:20,5
DA:26,1
DA:27,2
DA:28,2
DA:29,2
DA:34,1
DA:35,2
DA:50,2
DA:51,2
DA:55,1
DA:56,3
DA:74,3
DA:75,2
DA:80,1
DA:81,4
DA:83,4
DA:89,4
DA:90,4
DA:91,2
DA:95,1
DA:96,4
DA:98,4
DA:110,4
DA:111,4
DA:112,3
DA:116,1
DA:117,6
DA:122,6
DA:123,5
DA:128,1
DA:129,4
DA:135,4
DA:136,3
LF:38
LH:38
BRDA:20,0,0,5
BRDA:20,0,1,1
BRDA:29,1,0,2
BRDA:29,1,1,1
BRDA:51,2,0,2
BRDA:51,2,1,1
BRDA:89,3,0,4
BRDA:89,3,1,2
BRDA:89,4,0,4
BRDA:89,4,1,1
BRDA:112,5,0,3
BRDA:112,5,1,1
BRDA:136,6,0,3
BRDA:136,6,1,2
BRF:14
BRH:14
end_of_record
TN:
SF:src\services\paymentProvider.service.js
FN:4,(anonymous_0)
FN:9,(anonymous_1)
FNF:2
FNH:2
FNDA:3,(anonymous_0)
FNDA:2,(anonymous_1)
DA:4,1
DA:5,3
DA:9,2
LF:3
LH:3
BRF:0
BRH:0
end_of_record
TN:
SF:src\services\product.service.js
FN:3,(anonymous_0)
FNF:1
FNH:1
FNDA:7,(anonymous_0)
DA:3,1
DA:5,7
DA:6,2
DA:9,5
DA:10,5
DA:15,5
DA:17,4
DA:18,1
DA:25,3
DA:26,3
DA:28,3
DA:39,1
DA:40,1
LF:13
LH:13
BRDA:5,0,0,2
BRDA:5,0,1,5
BRDA:5,1,0,7
BRDA:5,1,1,6
BRDA:17,2,0,1
BRDA:17,2,1,3
BRDA:26,3,0,3
BRDA:26,3,1,2
BRDA:26,3,2,2
BRDA:30,4,0,1
BRDA:30,4,1,2
BRF:11
BRH:11
end_of_record
TN:
SF:src\services\state.service.js
FN:5,(anonymous_0)
FN:10,(anonymous_1)
FNF:2
FNH:2
FNDA:4,(anonymous_0)
FNDA:2,(anonymous_1)
DA:5,1
DA:6,4
DA:10,3
LF:3
LH:3
BRF:0
BRH:0
end_of_record
TN:
SF:src\services\user.service.js
FN:3,(anonymous_0)
FN:10,(anonymous_1)
FNF:2
FNH:2
FNDA:3,(anonymous_0)
FNDA:3,(anonymous_1)
DA:3,1
DA:4,3
DA:5,3
DA:6,2
DA:10,1
DA:11,3
DA:12,3
DA:13,2
LF:8
LH:8
BRDA:6,0,0,2
BRDA:6,0,1,1
BRF:2
BRH:2
end_of_record
