TN:
SF:src\controllers\customer.controller.js
FN:5,(anonymous_0)
FN:37,(anonymous_1)
FN:74,(anonymous_2)
FN:121,(anonymous_3)
FN:144,(anonymous_4)
FN:182,(anonymous_5)
FN:233,(anonymous_6)
FNF:7
FNH:7
FNDA:3,(anonymous_0)
FNDA:4,(anonymous_1)
FNDA:4,(anonymous_2)
FNDA:3,(anonymous_3)
FNDA:4,(anonymous_4)
FNDA:6,(anonymous_5)
FNDA:5,(anonymous_6)
DA:5,1
DA:6,3
DA:7,3
DA:9,3
DA:25,2
DA:26,1
DA:29,1
DA:31,1
DA:32,1
DA:37,1
DA:38,4
DA:39,4
DA:40,4
DA:43,4
DA:44,1
DA:49,3
DA:56,2
DA:57,1
DA:60,1
DA:65,1
DA:66,1
DA:74,1
DA:75,4
DA:77,4
DA:78,4
DA:81,4
DA:88,3
DA:89,1
DA:92,2
DA:93,2
DA:96,2
DA:109,2
DA:110,2
DA:113,1
DA:114,1
DA:121,1
DA:122,3
DA:123,3
DA:124,3
DA:126,2
DA:127,1
DA:130,1
DA:131,1
DA:134,1
DA:135,1
DA:144,1
DA:145,4
DA:146,4
DA:147,4
DA:150,4
DA:151,1
DA:156,3
DA:157,2
DA:158,1
DA:161,1
DA:169,1
DA:175,1
DA:176,1
DA:182,1
DA:183,6
DA:184,6
DA:185,6
DA:186,6
DA:189,6
DA:190,1
DA:195,5
DA:196,4
DA:197,1
DA:201,3
DA:202,3
DA:203,1
DA:208,2
DA:216,2
DA:217,1
DA:220,1
DA:226,1
DA:227,1
DA:233,1
DA:234,5
DA:235,5
DA:236,5
DA:238,5
DA:239,4
DA:240,1
DA:244,3
DA:245,3
DA:246,1
DA:251,2
DA:253,2
DA:254,1
DA:257,1
DA:262,1
DA:263,1
LF:93
LH:93
BRDA:25,0,0,1
BRDA:25,0,1,1
BRDA:43,1,0,1
BRDA:43,1,1,3
BRDA:43,2,0,4
BRDA:43,2,1,3
BRDA:43,2,2,1
BRDA:43,2,3,1
BRDA:56,3,0,1
BRDA:56,3,1,1
BRDA:88,4,0,1
BRDA:88,4,1,2
BRDA:109,5,0,2
BRDA:109,5,1,1
BRDA:126,6,0,1
BRDA:126,6,1,1
BRDA:150,7,0,1
BRDA:150,7,1,3
BRDA:150,8,0,4
BRDA:150,8,1,4
BRDA:150,8,2,3
BRDA:157,9,0,1
BRDA:157,9,1,1
BRDA:189,10,0,1
BRDA:189,10,1,5
BRDA:189,11,0,6
BRDA:189,11,1,1
BRDA:189,11,2,1
BRDA:189,11,3,1
BRDA:189,11,4,1
BRDA:196,12,0,1
BRDA:196,12,1,3
BRDA:202,13,0,1
BRDA:202,13,1,2
BRDA:216,14,0,1
BRDA:216,14,1,1
BRDA:239,15,0,1
BRDA:239,15,1,3
BRDA:245,16,0,1
BRDA:245,16,1,2
BRDA:253,17,0,1
BRDA:253,17,1,1
BRF:42
BRH:42
end_of_record
TN:
SF:src\models\category.js
FN:2,(anonymous_0)
FNF:1
FNH:1
FNDA:2,(anonymous_0)
DA:8,2
DA:9,2
DA:10,2
DA:11,2
LF:4
LH:4
BRF:0
BRH:0
end_of_record
TN:
SF:src\models\city.js
FN:2,(anonymous_0)
FNF:1
FNH:1
FNDA:7,(anonymous_0)
DA:3,7
DA:4,7
DA:5,7
LF:3
LH:3
BRF:0
BRH:0
end_of_record
TN:
SF:src\models\customer.js
FN:2,(anonymous_0)
FNF:1
FNH:1
FNDA:7,(anonymous_0)
DA:3,7
DA:4,7
DA:5,7
DA:6,7
DA:7,7
DA:8,7
LF:6
LH:6
BRF:0
BRH:0
end_of_record
TN:
SF:src\models\paymentProvider.js
FN:2,(anonymous_0)
FNF:1
FNH:1
FNDA:10,(anonymous_0)
DA:3,10
DA:4,10
LF:2
LH:2
BRF:0
BRH:0
end_of_record
TN:
SF:src\models\product.js
FN:2,(anonymous_0)
FNF:1
FNH:1
FNDA:5,(anonymous_0)
DA:19,5
DA:20,5
DA:21,5
DA:22,5
DA:23,5
DA:24,5
DA:25,5
DA:26,5
DA:27,5
DA:28,5
DA:29,5
DA:30,5
DA:31,5
DA:32,5
DA:33,5
LF:15
LH:15
BRF:0
BRH:0
end_of_record
TN:
SF:src\models\shippingMethod.js
FN:2,(anonymous_0)
FNF:1
FNH:1
FNDA:10,(anonymous_0)
DA:3,10
DA:4,10
DA:5,10
DA:6,10
DA:7,10
LF:5
LH:5
BRF:0
BRH:0
end_of_record
TN:
SF:src\models\state.js
FN:2,(anonymous_0)
FNF:1
FNH:1
FNDA:10,(anonymous_0)
DA:3,10
DA:4,10
DA:5,10
LF:3
LH:3
BRF:0
BRH:0
end_of_record
TN:
SF:src\models\user.js
FN:2,(anonymous_0)
FNF:1
FNH:1
FNDA:18,(anonymous_0)
DA:3,18
DA:4,18
DA:5,18
DA:6,18
LF:4
LH:4
BRF:0
BRH:0
end_of_record
TN:
SF:src\services\bsale.service.js
FN:12,(anonymous_0)
FN:40,(anonymous_1)
FN:117,(anonymous_2)
FN:118,(anonymous_3)
FN:124,(anonymous_4)
FN:127,(anonymous_5)
FN:230,(anonymous_6)
FNF:7
FNH:7
FNDA:8,(anonymous_0)
FNDA:4,(anonymous_1)
FNDA:4,(anonymous_2)
FNDA:4,(anonymous_3)
FNDA:4,(anonymous_4)
FNDA:6,(anonymous_5)
FNDA:6,(anonymous_6)
DA:5,1
DA:8,1
DA:12,1
DA:13,8
DA:14,8
DA:20,7
DA:21,4
DA:23,4
DA:26,4
DA:27,4
DA:40,1
DA:41,4
DA:42,4
DA:43,4
DA:45,4
DA:46,4
DA:48,3
DA:49,0
DA:52,3
DA:63,3
DA:65,3
DA:76,1
DA:79,3
DA:80,1
DA:84,2
DA:85,1
DA:87,1
DA:91,3
DA:117,1
DA:118,4
DA:119,4
DA:120,4
DA:122,4
DA:124,4
DA:125,4
DA:127,4
DA:128,6
DA:135,4
DA:136,4
DA:137,4
DA:147,3
DA:160,2
DA:162,2
DA:164,4
DA:170,4
DA:171,4
DA:172,4
DA:173,4
DA:174,4
DA:175,4
DA:178,4
DA:181,4
DA:182,4
DA:183,4
DA:184,4
DA:187,4
DA:188,4
DA:189,4
DA:191,4
DA:192,4
DA:193,4
DA:194,4
DA:195,4
DA:199,4
DA:200,4
DA:202,4
DA:203,4
DA:204,4
DA:205,4
DA:206,4
DA:207,4
DA:211,4
DA:212,4
DA:215,4
DA:216,4
DA:217,4
DA:218,4
DA:219,4
DA:220,4
DA:223,4
DA:224,4
DA:227,4
DA:230,4
DA:231,6
DA:232,6
DA:233,6
DA:234,6
DA:235,6
DA:236,6
DA:241,4
DA:242,4
DA:243,4
DA:244,4
DA:245,4
DA:246,4
DA:250,4
DA:251,4
DA:253,4
LF:98
LH:97
BRDA:48,0,0,0
BRDA:48,0,1,3
BRDA:79,1,0,1
BRDA:79,1,1,2
BRDA:84,2,0,1
BRDA:84,2,1,1
BRDA:91,3,0,3
BRDA:91,3,1,2
BRDA:131,4,0,6
BRDA:131,4,1,0
BRDA:204,5,0,4
BRDA:204,5,1,4
BRDA:205,6,0,4
BRDA:205,6,1,4
BRDA:223,7,0,4
BRDA:223,7,1,0
BRDA:234,8,0,6
BRDA:234,8,1,0
BRDA:235,9,0,6
BRDA:235,9,1,0
BRF:20
BRH:15
end_of_record
TN:
SF:src\services\cart.service.js
FN:3,(anonymous_0)
FN:27,(anonymous_1)
FN:54,(anonymous_2)
FN:67,(anonymous_3)
FN:68,(anonymous_4)
FN:82,(anonymous_5)
FN:95,(anonymous_6)
FN:114,(anonymous_7)
FNF:8
FNH:8
FNDA:7,(anonymous_0)
FNDA:4,(anonymous_1)
FNDA:6,(anonymous_2)
FNDA:4,(anonymous_3)
FNDA:4,(anonymous_4)
FNDA:4,(anonymous_5)
FNDA:3,(anonymous_6)
FNDA:11,(anonymous_7)
DA:3,1
DA:4,7
DA:5,7
DA:7,3
DA:8,3
DA:9,2
DA:12,1
DA:17,1
DA:19,1
DA:22,4
DA:23,4
DA:27,1
DA:28,4
DA:29,4
DA:31,2
DA:32,2
DA:34,2
DA:35,1
DA:38,1
DA:40,1
DA:41,1
DA:43,1
DA:49,2
DA:50,2
DA:54,1
DA:55,6
DA:56,6
DA:58,5
DA:59,4
DA:61,4
DA:63,4
DA:67,5
DA:68,5
DA:70,5
DA:75,5
DA:77,1
DA:78,1
DA:82,1
DA:83,4
DA:84,4
DA:85,4
DA:87,3
DA:89,1
DA:90,1
DA:95,1
DA:96,3
DA:97,3
DA:98,3
DA:100,2
DA:101,2
DA:103,2
DA:108,1
DA:109,1
DA:114,1
DA:115,11
DA:116,11
DA:117,11
DA:119,9
DA:120,4
DA:123,5
DA:125,6
DA:126,6
DA:130,1
LF:63
LH:63
BRDA:8,0,0,2
BRDA:8,0,1,1
BRDA:34,1,0,1
BRDA:34,1,1,1
BRDA:119,2,0,4
BRDA:119,2,1,5
BRF:6
BRH:6
end_of_record
TN:
SF:src\services\city.service.js
FN:5,(anonymous_0)
FN:10,(anonymous_1)
FN:16,(anonymous_2)
FN:22,(anonymous_3)
FNF:4
FNH:4
FNDA:9,(anonymous_0)
FNDA:1013,(anonymous_1)
FNDA:9,(anonymous_2)
FNDA:4,(anonymous_3)
DA:5,1
DA:6,9
DA:10,1013
DA:16,1
DA:17,9
DA:22,7
LF:6
LH:6
BRF:0
BRH:0
end_of_record
TN:
SF:src\services\customer.service.js
FN:4,(anonymous_0)
FN:26,(anonymous_1)
FN:34,(anonymous_2)
FN:55,(anonymous_3)
FN:80,(anonymous_4)
FN:95,(anonymous_5)
FN:116,(anonymous_6)
FN:128,(anonymous_7)
FNF:8
FNH:8
FNDA:6,(anonymous_0)
FNDA:2,(anonymous_1)
FNDA:2,(anonymous_2)
FNDA:3,(anonymous_3)
FNDA:4,(anonymous_4)
FNDA:4,(anonymous_5)
FNDA:6,(anonymous_6)
FNDA:4,(anonymous_7)
DA:4,1
DA:5,6
DA:7,6
DA:18,6
DA:19,6
DA:20,5
DA:26,1
DA:27,2
DA:28,2
DA:29,2
DA:34,1
DA:35,2
DA:50,2
DA:51,2
DA:55,1
DA:56,3
DA:74,3
DA:75,2
DA:80,1
DA:81,4
DA:83,4
DA:89,4
DA:90,4
DA:91,2
DA:95,1
DA:96,4
DA:98,4
DA:110,4
DA:111,4
DA:112,3
DA:116,1
DA:117,6
DA:122,6
DA:123,5
DA:128,1
DA:129,4
DA:135,4
DA:136,3
LF:38
LH:38
BRDA:20,0,0,5
BRDA:20,0,1,1
BRDA:29,1,0,2
BRDA:29,1,1,1
BRDA:51,2,0,2
BRDA:51,2,1,1
BRDA:89,3,0,4
BRDA:89,3,1,2
BRDA:89,4,0,4
BRDA:89,4,1,1
BRDA:112,5,0,3
BRDA:112,5,1,1
BRDA:136,6,0,3
BRDA:136,6,1,2
BRF:14
BRH:14
end_of_record
TN:
SF:src\services\linkify.service.js
FN:17,mockCrearPago
FN:18,(anonymous_1)
FN:19,(anonymous_2)
FN:34,mockConsultarPago
FN:35,(anonymous_4)
FN:36,(anonymous_5)
FN:49,mockCancelarPago
FN:50,(anonymous_7)
FN:51,(anonymous_8)
FN:63,mockObtenerBancos
FN:64,(anonymous_10)
FN:65,(anonymous_11)
FN:82,crearPagoLinkify
FN:101,consultarPagoLinkify
FN:120,cancelarPagoLinkify
FN:139,obtenerBancosLinkify
FN:160,procesarWebhookLinkify
FN:226,normalizePaymentStatus
FN:248,actualizarPagoEnBD
FN:273,manejarEventosPago
FN:310,notificarPagoCompletado
FN:315,notificarPagoFallido
FN:320,notificarPagoCancelado
FN:327,simularWebhookLinkify
FNF:24
FNH:24
FNDA:11,mockCrearPago
FNDA:11,(anonymous_1)
FNDA:11,(anonymous_2)
FNDA:10,mockConsultarPago
FNDA:10,(anonymous_4)
FNDA:10,(anonymous_5)
FNDA:5,mockCancelarPago
FNDA:5,(anonymous_7)
FNDA:5,(anonymous_8)
FNDA:3,mockObtenerBancos
FNDA:3,(anonymous_10)
FNDA:3,(anonymous_11)
FNDA:11,crearPagoLinkify
FNDA:10,consultarPagoLinkify
FNDA:5,cancelarPagoLinkify
FNDA:3,obtenerBancosLinkify
FNDA:34,procesarWebhookLinkify
FNDA:30,normalizePaymentStatus
FNDA:30,actualizarPagoEnBD
FNDA:30,manejarEventosPago
FNDA:14,notificarPagoCompletado
FNDA:5,notificarPagoFallido
FNDA:3,notificarPagoCancelado
FNDA:21,simularWebhookLinkify
DA:3,1
DA:13,1
DA:18,11
DA:19,11
DA:20,11
DA:35,10
DA:36,10
DA:37,10
DA:50,5
DA:51,5
DA:52,5
DA:64,3
DA:65,3
DA:66,3
DA:83,11
DA:84,11
DA:86,11
DA:87,11
DA:91,0
DA:94,0
DA:95,0
DA:96,0
DA:97,0
DA:102,10
DA:103,10
DA:105,10
DA:106,10
DA:110,0
DA:113,0
DA:114,0
DA:115,0
DA:116,0
DA:121,5
DA:122,5
DA:124,5
DA:125,5
DA:129,0
DA:132,0
DA:133,0
DA:134,0
DA:135,0
DA:140,3
DA:141,3
DA:143,3
DA:144,3
DA:148,0
DA:151,0
DA:152,0
DA:153,0
DA:154,0
DA:161,34
DA:162,34
DA:174,34
DA:177,34
DA:178,4
DA:182,30
DA:185,30
DA:199,30
DA:202,30
DA:204,30
DA:209,30
DA:217,4
DA:220,4
DA:228,30
DA:245,30
DA:249,30
DA:262,30
DA:268,0
DA:269,0
DA:274,30
DA:275,30
DA:277,30
DA:279,14
DA:284,14
DA:285,14
DA:288,5
DA:291,5
DA:292,5
DA:295,3
DA:297,3
DA:298,3
DA:301,8
DA:305,0
DA:312,14
DA:317,5
DA:322,3
DA:328,21
DA:329,0
DA:332,21
DA:347,21
DA:348,21
LF:91
LH:67
BRDA:12,0,0,0
BRDA:40,1,0,8
BRDA:40,1,1,2
BRDA:86,2,0,11
BRDA:86,2,1,0
BRDA:105,3,0,10
BRDA:105,3,1,0
BRDA:124,4,0,5
BRDA:124,4,1,0
BRDA:143,5,0,3
BRDA:143,5,1,0
BRDA:177,6,0,4
BRDA:177,6,1,30
BRDA:177,7,0,34
BRDA:177,7,1,31
BRDA:188,8,0,30
BRDA:188,8,1,1
BRDA:189,9,0,30
BRDA:189,9,1,18
BRDA:190,10,0,30
BRDA:190,10,1,18
BRDA:191,11,0,30
BRDA:191,11,1,18
BRDA:192,12,0,30
BRDA:192,12,1,18
BRDA:193,13,0,30
BRDA:193,13,1,18
BRDA:245,14,0,30
BRDA:245,14,1,1
BRDA:277,15,0,14
BRDA:277,15,1,5
BRDA:277,15,2,3
BRDA:277,15,3,8
BRDA:327,16,0,3
BRDA:328,17,0,0
BRDA:328,17,1,21
BRF:36
BRH:30
end_of_record
TN:
SF:src\services\paymentProvider.service.js
FN:4,(anonymous_0)
FN:9,(anonymous_1)
FNF:2
FNH:2
FNDA:3,(anonymous_0)
FNDA:2,(anonymous_1)
DA:4,1
DA:5,3
DA:9,2
LF:3
LH:3
BRF:0
BRH:0
end_of_record
TN:
SF:src\services\product.service.js
FN:3,(anonymous_0)
FNF:1
FNH:1
FNDA:7,(anonymous_0)
DA:3,1
DA:5,7
DA:6,2
DA:9,5
DA:10,5
DA:15,5
DA:17,4
DA:18,1
DA:25,3
DA:26,3
DA:28,3
DA:39,1
DA:40,1
LF:13
LH:13
BRDA:5,0,0,2
BRDA:5,0,1,5
BRDA:5,1,0,7
BRDA:5,1,1,6
BRDA:17,2,0,1
BRDA:17,2,1,3
BRDA:26,3,0,3
BRDA:26,3,1,2
BRDA:26,3,2,2
BRDA:30,4,0,1
BRDA:30,4,1,2
BRF:11
BRH:11
end_of_record
TN:
SF:src\services\productMeta.service.js
FN:7,(anonymous_0)
FN:16,(anonymous_1)
FN:22,(anonymous_2)
FNF:3
FNH:3
FNDA:6,(anonymous_0)
FNDA:5,(anonymous_1)
FNDA:6,(anonymous_2)
DA:7,1
DA:8,6
DA:16,5
DA:22,1
DA:23,6
DA:29,5
LF:6
LH:6
BRDA:29,0,0,3
BRDA:29,0,1,2
BRF:2
BRH:2
end_of_record
TN:
SF:src\services\shippingMethod.service.js
FN:63,(anonymous_0)
FN:90,(anonymous_1)
FN:100,(anonymous_2)
FN:110,(anonymous_3)
FN:118,(anonymous_4)
FN:124,(anonymous_5)
FNF:6
FNH:6
FNDA:7,(anonymous_0)
FNDA:2,(anonymous_1)
FNDA:2,(anonymous_2)
FNDA:3,(anonymous_3)
FNDA:6,(anonymous_4)
FNDA:3,(anonymous_5)
DA:63,1
DA:65,7
DA:71,6
DA:74,6
DA:80,6
DA:83,6
DA:84,2
DA:90,2
DA:91,2
DA:94,1
DA:100,2
DA:104,4
DA:110,4
DA:118,1
DA:119,6
DA:124,5
LF:16
LH:16
BRDA:83,0,0,2
BRDA:83,0,1,4
BRDA:91,1,0,1
BRDA:91,1,1,1
BRF:4
BRH:4
end_of_record
TN:
SF:src\services\state.service.js
FN:5,(anonymous_0)
FN:10,(anonymous_1)
FNF:2
FNH:2
FNDA:4,(anonymous_0)
FNDA:2,(anonymous_1)
DA:5,1
DA:6,4
DA:10,3
LF:3
LH:3
BRF:0
BRH:0
end_of_record
TN:
SF:src\services\user.service.js
FN:6,(anonymous_0)
FN:13,(anonymous_1)
FN:21,(anonymous_2)
FNF:3
FNH:3
FNDA:3,(anonymous_0)
FNDA:3,(anonymous_1)
FNDA:5,(anonymous_2)
DA:6,1
DA:7,3
DA:8,3
DA:9,2
DA:13,1
DA:14,3
DA:15,3
DA:16,2
DA:21,1
DA:22,5
DA:24,5
DA:27,4
DA:28,4
DA:30,2
DA:32,3
DA:33,3
LF:16
LH:16
BRDA:9,0,0,2
BRDA:9,0,1,1
BRF:2
BRH:2
end_of_record
TN:
SF:src\services\email\authEmail.service.js
FN:5,(anonymous_0)
FN:11,(anonymous_1)
FN:38,(anonymous_2)
FN:52,(anonymous_3)
FN:68,(anonymous_4)
FN:72,(anonymous_5)
FNF:6
FNH:6
FNDA:1,(anonymous_0)
FNDA:6,(anonymous_1)
FNDA:2,(anonymous_2)
FNDA:6,(anonymous_3)
FNDA:3,(anonymous_4)
FNDA:7,(anonymous_5)
DA:6,1
DA:7,1
DA:12,6
DA:13,6
DA:16,6
DA:19,6
DA:20,6
DA:22,6
DA:28,5
DA:34,4
DA:39,2
DA:44,2
DA:53,6
DA:55,6
DA:56,2
DA:59,4
DA:60,2
DA:61,2
DA:64,2
DA:69,3
DA:73,7
LF:21
LH:21
BRDA:55,0,0,2
BRDA:55,0,1,4
BRDA:59,1,0,2
BRDA:59,1,1,2
BRF:4
BRH:4
end_of_record
TN:
SF:src\services\email\email.service.js
FN:10,(anonymous_0)
FN:21,(anonymous_1)
FN:41,(anonymous_2)
FN:48,(anonymous_3)
FN:61,(anonymous_4)
FNF:5
FNH:5
FNDA:9,(anonymous_0)
FNDA:2,(anonymous_1)
FNDA:4,(anonymous_2)
FNDA:3,(anonymous_3)
FNDA:2,(anonymous_4)
DA:6,1
DA:7,1
DA:11,9
DA:22,2
DA:23,2
DA:31,2
DA:32,1
DA:33,1
DA:35,1
DA:36,1
DA:42,4
DA:44,4
DA:45,4
DA:48,3
DA:49,3
DA:50,3
DA:53,3
DA:55,1
DA:56,1
DA:62,2
DA:63,2
DA:64,1
DA:66,1
DA:67,1
LF:24
LH:24
BRDA:21,0,0,2
BRDA:41,1,0,1
BRF:2
BRH:2
end_of_record
TN:
SF:src\services\email\orderEmail.service.js
FN:4,(anonymous_0)
FN:8,(anonymous_1)
FN:9,(anonymous_2)
FNF:3
FNH:3
FNDA:1,(anonymous_0)
FNDA:5,(anonymous_1)
FNDA:5,(anonymous_2)
DA:5,1
DA:9,5
DA:10,5
DA:18,5
DA:29,4
LF:5
LH:5
BRDA:8,0,0,0
BRDA:8,1,0,0
BRDA:13,2,0,5
BRDA:13,2,1,1
BRF:4
BRH:2
end_of_record
